2024-08-02 20:31:25,743 - INFO - Output log file initialized
2024-08-02 20:31:25,743 - INFO - pyDeltaRCM version 2.1.4
2024-08-02 20:31:25,743 - INFO - Python version 3.11.9 | packaged by conda-forge | (main, Apr 19 2024, 18:36:13) [GCC 12.3.0]
2024-08-02 20:31:25,743 - INFO - Platform: Linux-6.8.0-1011-aws-x86_64-with-glibc2.39
2024-08-02 20:31:25,743 - INFO - Setting up model configuration
2024-08-02 20:31:25,743 - INFO - Model type is: DeltaModel
2024-08-02 20:31:25,743 - INFO - Configuration variable `out_dir`: deltaRCM_Output
2024-08-02 20:31:25,743 - INFO - Configuration variable `verbose`: 0
2024-08-02 20:31:25,744 - INFO - Configuration variable `seed`: None
2024-08-02 20:31:25,744 - INFO - Configuration variable `Length`: 5000.0
2024-08-02 20:31:25,744 - INFO - Configuration variable `Width`: 10000.0
2024-08-02 20:31:25,744 - INFO - Configuration variable `dx`: 50.0
2024-08-02 20:31:25,744 - INFO - Configuration variable `L0_meters`: 150.0
2024-08-02 20:31:25,744 - INFO - Configuration variable `S0`: 0.00015
2024-08-02 20:31:25,744 - INFO - Configuration variable `itermax`: 3
2024-08-02 20:31:25,744 - INFO - Configuration variable `Np_water`: 2000
2024-08-02 20:31:25,744 - INFO - Configuration variable `u0`: 1.0
2024-08-02 20:31:25,744 - INFO - Configuration variable `N0_meters`: 250.0
2024-08-02 20:31:25,744 - INFO - Configuration variable `h0`: 5.0
2024-08-02 20:31:25,744 - INFO - Configuration variable `hb`: None
2024-08-02 20:31:25,744 - INFO - Configuration variable `H_SL`: 0.0
2024-08-02 20:31:25,744 - INFO - Configuration variable `SLR`: 0.0
2024-08-02 20:31:25,744 - INFO - Configuration variable `Np_sed`: 2000
2024-08-02 20:31:25,744 - INFO - Configuration variable `f_bedload`: 0.5
2024-08-02 20:31:25,744 - INFO - Configuration variable `active_layer_thickness`: None
2024-08-02 20:31:25,744 - INFO - Configuration variable `C0_percent`: 0.1
2024-08-02 20:31:25,744 - INFO - Configuration variable `Csmooth`: 0.9
2024-08-02 20:31:25,744 - INFO - Configuration variable `toggle_subsidence`: False
2024-08-02 20:31:25,744 - INFO - Configuration variable `subsidence_rate`: 2e-09
2024-08-02 20:31:25,744 - INFO - Configuration variable `start_subsidence`: 216000
2024-08-02 20:31:25,744 - INFO - Configuration variable `save_eta_figs`: False
2024-08-02 20:31:25,744 - INFO - Configuration variable `save_stage_figs`: False
2024-08-02 20:31:25,744 - INFO - Configuration variable `save_depth_figs`: False
2024-08-02 20:31:25,744 - INFO - Configuration variable `save_discharge_figs`: False
2024-08-02 20:31:25,744 - INFO - Configuration variable `save_velocity_figs`: False
2024-08-02 20:31:25,744 - INFO - Configuration variable `save_sedflux_figs`: False
2024-08-02 20:31:25,744 - INFO - Configuration variable `save_sandfrac_figs`: False
2024-08-02 20:31:25,744 - INFO - Configuration variable `save_figs_sequential`: True
2024-08-02 20:31:25,744 - INFO - Configuration variable `save_metadata`: False
2024-08-02 20:31:25,744 - INFO - Configuration variable `save_eta_grids`: False
2024-08-02 20:31:25,744 - INFO - Configuration variable `save_stage_grids`: False
2024-08-02 20:31:25,744 - INFO - Configuration variable `save_depth_grids`: False
2024-08-02 20:31:25,744 - INFO - Configuration variable `save_discharge_grids`: False
2024-08-02 20:31:25,744 - INFO - Configuration variable `save_velocity_grids`: False
2024-08-02 20:31:25,744 - INFO - Configuration variable `save_sedflux_grids`: False
2024-08-02 20:31:25,744 - INFO - Configuration variable `save_sandfrac_grids`: False
2024-08-02 20:31:25,744 - INFO - Configuration variable `save_discharge_components`: False
2024-08-02 20:31:25,744 - INFO - Configuration variable `save_velocity_components`: False
2024-08-02 20:31:25,744 - INFO - Configuration variable `save_dt`: 86400
2024-08-02 20:31:25,744 - INFO - Configuration variable `checkpoint_dt`: None
2024-08-02 20:31:25,744 - INFO - Configuration variable `save_checkpoint`: False
2024-08-02 20:31:25,744 - INFO - Configuration variable `resume_checkpoint`: False
2024-08-02 20:31:25,744 - INFO - Configuration variable `omega_sfc`: 0.1
2024-08-02 20:31:25,744 - INFO - Configuration variable `omega_flow`: 0.9
2024-08-02 20:31:25,744 - INFO - Configuration variable `Nsmooth`: 10
2024-08-02 20:31:25,744 - INFO - Configuration variable `theta_water`: 1.0
2024-08-02 20:31:25,744 - INFO - Configuration variable `coeff_theta_sand`: 2.0
2024-08-02 20:31:25,744 - INFO - Configuration variable `coeff_theta_mud`: 1.0
2024-08-02 20:31:25,744 - INFO - Configuration variable `beta`: 3
2024-08-02 20:31:25,744 - INFO - Configuration variable `sed_lag`: 1.0
2024-08-02 20:31:25,744 - INFO - Configuration variable `coeff_U_dep_mud`: 0.3
2024-08-02 20:31:25,744 - INFO - Configuration variable `coeff_U_ero_mud`: 1.5
2024-08-02 20:31:25,744 - INFO - Configuration variable `coeff_U_ero_sand`: 1.05
2024-08-02 20:31:25,744 - INFO - Configuration variable `alpha`: 0.1
2024-08-02 20:31:25,744 - INFO - Configuration variable `stepmax`: None
2024-08-02 20:31:25,744 - INFO - Configuration variable `sand_frac_bc`: 0
2024-08-02 20:31:25,744 - INFO - Configuration variable `clobber_netcdf`: False
2024-08-02 20:31:25,744 - INFO - Configuration variable `legacy_netcdf`: False
2024-08-02 20:31:25,744 - INFO - Random seed is: 1174602551 
2024-08-02 20:31:25,772 - INFO - Model initialization complete
2024-08-02 20:31:25,772 - INFO - Time: 0.0; timestep: 0
2024-08-02 20:31:30,159 - INFO - Time: 25000.0; timestep: 1
2024-08-02 20:31:33,308 - INFO - Time: 50000.0; timestep: 2
2024-08-02 20:31:37,376 - INFO - Time: 75000.0; timestep: 3
2024-08-02 20:31:41,477 - INFO - Time: 100000.0; timestep: 4
2024-08-02 20:31:45,868 - INFO - Time: 125000.0; timestep: 5
2024-08-02 20:31:49,335 - INFO - Time: 150000.0; timestep: 6
2024-08-02 20:31:52,586 - INFO - Time: 175000.0; timestep: 7
2024-08-02 20:31:55,534 - INFO - Time: 200000.0; timestep: 8
2024-08-02 20:31:58,461 - INFO - Time: 225000.0; timestep: 9
2024-08-02 20:32:01,060 - INFO - Time: 250000.0; timestep: 10
2024-08-02 20:32:03,551 - INFO - Time: 275000.0; timestep: 11
2024-08-02 20:32:06,104 - INFO - Time: 300000.0; timestep: 12
2024-08-02 20:32:08,600 - INFO - Time: 325000.0; timestep: 13
2024-08-02 20:32:10,961 - INFO - Time: 350000.0; timestep: 14
2024-08-02 20:32:13,190 - INFO - Time: 375000.0; timestep: 15
2024-08-02 20:32:15,467 - INFO - Time: 400000.0; timestep: 16
2024-08-02 20:32:17,854 - INFO - Time: 425000.0; timestep: 17
2024-08-02 20:32:19,929 - INFO - Time: 450000.0; timestep: 18
2024-08-02 20:32:21,964 - INFO - Time: 475000.0; timestep: 19
2024-08-02 20:32:23,994 - INFO - Time: 500000.0; timestep: 20
2024-08-02 20:32:25,982 - INFO - Time: 525000.0; timestep: 21
2024-08-02 20:32:28,141 - INFO - Time: 550000.0; timestep: 22
2024-08-02 20:32:30,044 - INFO - Time: 575000.0; timestep: 23
2024-08-02 20:32:31,956 - INFO - Time: 600000.0; timestep: 24
2024-08-02 20:32:33,837 - INFO - Time: 625000.0; timestep: 25
2024-08-02 20:32:35,656 - INFO - Time: 650000.0; timestep: 26
2024-08-02 20:32:37,574 - INFO - Time: 675000.0; timestep: 27
2024-08-02 20:32:39,334 - INFO - Time: 700000.0; timestep: 28
2024-08-02 20:32:41,049 - INFO - Time: 725000.0; timestep: 29
2024-08-02 20:32:42,762 - INFO - Time: 750000.0; timestep: 30
2024-08-02 20:32:44,487 - INFO - Time: 775000.0; timestep: 31
2024-08-02 20:32:46,352 - INFO - Time: 800000.0; timestep: 32
2024-08-02 20:32:47,985 - INFO - Time: 825000.0; timestep: 33
2024-08-02 20:32:49,579 - INFO - Time: 850000.0; timestep: 34
2024-08-02 20:32:51,247 - INFO - Time: 875000.0; timestep: 35
2024-08-02 20:32:52,847 - INFO - Time: 900000.0; timestep: 36
2024-08-02 20:32:54,617 - INFO - Time: 925000.0; timestep: 37
2024-08-02 20:32:56,295 - INFO - Time: 950000.0; timestep: 38
2024-08-02 20:32:57,972 - INFO - Time: 975000.0; timestep: 39
2024-08-02 20:32:59,635 - INFO - Time: 1000000.0; timestep: 40
2024-08-02 20:33:01,279 - INFO - Time: 1025000.0; timestep: 41
2024-08-02 20:33:03,062 - INFO - Time: 1050000.0; timestep: 42
2024-08-02 20:33:04,790 - INFO - Time: 1075000.0; timestep: 43
2024-08-02 20:33:06,499 - INFO - Time: 1100000.0; timestep: 44
2024-08-02 20:33:08,226 - INFO - Time: 1125000.0; timestep: 45
2024-08-02 20:33:09,882 - INFO - Time: 1150000.0; timestep: 46
2024-08-02 20:33:11,720 - INFO - Time: 1175000.0; timestep: 47
2024-08-02 20:33:13,366 - INFO - Time: 1200000.0; timestep: 48
2024-08-02 20:33:14,985 - INFO - Time: 1225000.0; timestep: 49
2024-08-02 20:33:16,662 - INFO - Time: 1250000.0; timestep: 50
2024-08-02 20:33:18,317 - INFO - Time: 1275000.0; timestep: 51
2024-08-02 20:33:20,105 - INFO - Time: 1300000.0; timestep: 52
2024-08-02 20:33:21,775 - INFO - Time: 1325000.0; timestep: 53
2024-08-02 20:33:23,435 - INFO - Time: 1350000.0; timestep: 54
2024-08-02 20:33:25,102 - INFO - Time: 1375000.0; timestep: 55
2024-08-02 20:33:26,728 - INFO - Time: 1400000.0; timestep: 56
2024-08-02 20:33:28,503 - INFO - Time: 1425000.0; timestep: 57
2024-08-02 20:33:30,206 - INFO - Time: 1450000.0; timestep: 58
2024-08-02 20:33:31,909 - INFO - Time: 1475000.0; timestep: 59
2024-08-02 20:33:33,607 - INFO - Time: 1500000.0; timestep: 60
2024-08-02 20:33:35,309 - INFO - Time: 1525000.0; timestep: 61
2024-08-02 20:33:37,159 - INFO - Time: 1550000.0; timestep: 62
2024-08-02 20:33:38,846 - INFO - Time: 1575000.0; timestep: 63
2024-08-02 20:33:40,533 - INFO - Time: 1600000.0; timestep: 64
2024-08-02 20:33:42,202 - INFO - Time: 1625000.0; timestep: 65
2024-08-02 20:33:43,871 - INFO - Time: 1650000.0; timestep: 66
2024-08-02 20:33:45,689 - INFO - Time: 1675000.0; timestep: 67
2024-08-02 20:33:47,347 - INFO - Time: 1700000.0; timestep: 68
2024-08-02 20:33:49,014 - INFO - Time: 1725000.0; timestep: 69
2024-08-02 20:33:50,672 - INFO - Time: 1750000.0; timestep: 70
2024-08-02 20:33:52,324 - INFO - Time: 1775000.0; timestep: 71
2024-08-02 20:33:54,423 - INFO - Time: 1800000.0; timestep: 72
2024-08-02 20:33:56,104 - INFO - Time: 1825000.0; timestep: 73
2024-08-02 20:33:57,847 - INFO - Time: 1850000.0; timestep: 74
2024-08-02 20:33:59,631 - INFO - Time: 1875000.0; timestep: 75
2024-08-02 20:34:01,320 - INFO - Time: 1900000.0; timestep: 76
2024-08-02 20:34:03,128 - INFO - Time: 1925000.0; timestep: 77
2024-08-02 20:34:04,793 - INFO - Time: 1950000.0; timestep: 78
2024-08-02 20:34:06,448 - INFO - Time: 1975000.0; timestep: 79
2024-08-02 20:34:08,169 - INFO - Time: 2000000.0; timestep: 80
2024-08-02 20:34:09,905 - INFO - Time: 2025000.0; timestep: 81
2024-08-02 20:34:11,755 - INFO - Time: 2050000.0; timestep: 82
2024-08-02 20:34:13,495 - INFO - Time: 2075000.0; timestep: 83
2024-08-02 20:34:15,171 - INFO - Time: 2100000.0; timestep: 84
2024-08-02 20:34:16,862 - INFO - Time: 2125000.0; timestep: 85
2024-08-02 20:34:18,561 - INFO - Time: 2150000.0; timestep: 86
2024-08-02 20:34:20,421 - INFO - Time: 2175000.0; timestep: 87
2024-08-02 20:34:22,130 - INFO - Time: 2200000.0; timestep: 88
2024-08-02 20:34:23,837 - INFO - Time: 2225000.0; timestep: 89
2024-08-02 20:34:25,544 - INFO - Time: 2250000.0; timestep: 90
2024-08-02 20:34:27,211 - INFO - Time: 2275000.0; timestep: 91
2024-08-02 20:34:29,027 - INFO - Time: 2300000.0; timestep: 92
2024-08-02 20:34:30,748 - INFO - Time: 2325000.0; timestep: 93
2024-08-02 20:34:32,490 - INFO - Time: 2350000.0; timestep: 94
2024-08-02 20:34:34,213 - INFO - Time: 2375000.0; timestep: 95
2024-08-02 20:34:35,907 - INFO - Time: 2400000.0; timestep: 96
2024-08-02 20:34:37,740 - INFO - Time: 2425000.0; timestep: 97
2024-08-02 20:34:39,472 - INFO - Time: 2450000.0; timestep: 98
2024-08-02 20:34:41,182 - INFO - Time: 2475000.0; timestep: 99
2024-08-02 20:34:42,856 - INFO - Time: 2500000.0; timestep: 100
2024-08-02 20:34:44,547 - INFO - Time: 2525000.0; timestep: 101
2024-08-02 20:34:46,407 - INFO - Time: 2550000.0; timestep: 102
2024-08-02 20:34:48,073 - INFO - Time: 2575000.0; timestep: 103
2024-08-02 20:34:49,727 - INFO - Time: 2600000.0; timestep: 104
2024-08-02 20:34:51,407 - INFO - Time: 2625000.0; timestep: 105
2024-08-02 20:34:53,141 - INFO - Time: 2650000.0; timestep: 106
2024-08-02 20:34:54,979 - INFO - Time: 2675000.0; timestep: 107
2024-08-02 20:34:56,650 - INFO - Time: 2700000.0; timestep: 108
2024-08-02 20:34:58,353 - INFO - Time: 2725000.0; timestep: 109
2024-08-02 20:35:00,047 - INFO - Time: 2750000.0; timestep: 110
2024-08-02 20:35:01,727 - INFO - Time: 2775000.0; timestep: 111
2024-08-02 20:35:03,527 - INFO - Time: 2800000.0; timestep: 112
2024-08-02 20:35:05,254 - INFO - Time: 2825000.0; timestep: 113
2024-08-02 20:35:06,954 - INFO - Time: 2850000.0; timestep: 114
2024-08-02 20:35:08,659 - INFO - Time: 2875000.0; timestep: 115
2024-08-02 20:35:10,472 - INFO - Time: 2900000.0; timestep: 116
2024-08-02 20:35:12,332 - INFO - Time: 2925000.0; timestep: 117
2024-08-02 20:35:14,021 - INFO - Time: 2950000.0; timestep: 118
2024-08-02 20:35:15,715 - INFO - Time: 2975000.0; timestep: 119
2024-08-02 20:35:17,411 - INFO - Time: 3000000.0; timestep: 120
2024-08-02 20:35:19,129 - INFO - Time: 3025000.0; timestep: 121
2024-08-02 20:35:21,053 - INFO - Time: 3050000.0; timestep: 122
2024-08-02 20:35:22,726 - INFO - Time: 3075000.0; timestep: 123
2024-08-02 20:35:24,397 - INFO - Time: 3100000.0; timestep: 124
2024-08-02 20:35:26,053 - INFO - Time: 3125000.0; timestep: 125
2024-08-02 20:35:27,673 - INFO - Time: 3150000.0; timestep: 126
2024-08-02 20:35:29,508 - INFO - Time: 3175000.0; timestep: 127
2024-08-02 20:35:31,214 - INFO - Time: 3200000.0; timestep: 128
2024-08-02 20:35:32,983 - INFO - Time: 3225000.0; timestep: 129
2024-08-02 20:35:34,650 - INFO - Time: 3250000.0; timestep: 130
2024-08-02 20:35:36,304 - INFO - Time: 3275000.0; timestep: 131
2024-08-02 20:35:38,121 - INFO - Time: 3300000.0; timestep: 132
2024-08-02 20:35:39,863 - INFO - Time: 3325000.0; timestep: 133
2024-08-02 20:35:41,581 - INFO - Time: 3350000.0; timestep: 134
