2024-08-02 21:09:12,411 - INFO - Output log file initialized
2024-08-02 21:09:12,411 - INFO - pyDeltaRCM version 2.1.4
2024-08-02 21:09:12,412 - INFO - Python version 3.11.9 | packaged by conda-forge | (main, Apr 19 2024, 18:36:13) [GCC 12.3.0]
2024-08-02 21:09:12,412 - INFO - Platform: Linux-6.8.0-1011-aws-x86_64-with-glibc2.39
2024-08-02 21:09:12,412 - INFO - Setting up model configuration
2024-08-02 21:09:12,412 - INFO - Model type is: DeltaModel
2024-08-02 21:09:12,412 - INFO - Configuration variable `out_dir`: deltaRCM_Output
2024-08-02 21:09:12,412 - INFO - Configuration variable `verbose`: 0
2024-08-02 21:09:12,412 - INFO - Configuration variable `seed`: None
2024-08-02 21:09:12,412 - INFO - Configuration variable `Length`: 5000.0
2024-08-02 21:09:12,412 - INFO - Configuration variable `Width`: 10000.0
2024-08-02 21:09:12,412 - INFO - Configuration variable `dx`: 200
2024-08-02 21:09:12,412 - INFO - Configuration variable `L0_meters`: 150.0
2024-08-02 21:09:12,412 - INFO - Configuration variable `S0`: 0.00015
2024-08-02 21:09:12,412 - INFO - Configuration variable `itermax`: 3
2024-08-02 21:09:12,412 - INFO - Configuration variable `Np_water`: 200
2024-08-02 21:09:12,412 - INFO - Configuration variable `u0`: 1.0
2024-08-02 21:09:12,412 - INFO - Configuration variable `N0_meters`: 250.0
2024-08-02 21:09:12,412 - INFO - Configuration variable `h0`: 5.0
2024-08-02 21:09:12,412 - INFO - Configuration variable `hb`: None
2024-08-02 21:09:12,412 - INFO - Configuration variable `H_SL`: 0.0
2024-08-02 21:09:12,412 - INFO - Configuration variable `SLR`: 0.0
2024-08-02 21:09:12,412 - INFO - Configuration variable `Np_sed`: 50
2024-08-02 21:09:12,412 - INFO - Configuration variable `f_bedload`: 0.5
2024-08-02 21:09:12,412 - INFO - Configuration variable `active_layer_thickness`: None
2024-08-02 21:09:12,412 - INFO - Configuration variable `C0_percent`: 0.2
2024-08-02 21:09:12,412 - INFO - Configuration variable `Csmooth`: 0.9
2024-08-02 21:09:12,412 - INFO - Configuration variable `toggle_subsidence`: False
2024-08-02 21:09:12,412 - INFO - Configuration variable `subsidence_rate`: 2e-09
2024-08-02 21:09:12,412 - INFO - Configuration variable `start_subsidence`: 216000
2024-08-02 21:09:12,412 - INFO - Configuration variable `save_eta_figs`: False
2024-08-02 21:09:12,412 - INFO - Configuration variable `save_stage_figs`: False
2024-08-02 21:09:12,412 - INFO - Configuration variable `save_depth_figs`: False
2024-08-02 21:09:12,412 - INFO - Configuration variable `save_discharge_figs`: False
2024-08-02 21:09:12,412 - INFO - Configuration variable `save_velocity_figs`: False
2024-08-02 21:09:12,412 - INFO - Configuration variable `save_sedflux_figs`: False
2024-08-02 21:09:12,412 - INFO - Configuration variable `save_sandfrac_figs`: False
2024-08-02 21:09:12,412 - INFO - Configuration variable `save_figs_sequential`: True
2024-08-02 21:09:12,412 - INFO - Configuration variable `save_metadata`: False
2024-08-02 21:09:12,412 - INFO - Configuration variable `save_eta_grids`: True
2024-08-02 21:09:12,412 - INFO - Configuration variable `save_stage_grids`: False
2024-08-02 21:09:12,412 - INFO - Configuration variable `save_depth_grids`: False
2024-08-02 21:09:12,412 - INFO - Configuration variable `save_discharge_grids`: False
2024-08-02 21:09:12,412 - INFO - Configuration variable `save_velocity_grids`: False
2024-08-02 21:09:12,412 - INFO - Configuration variable `save_sedflux_grids`: False
2024-08-02 21:09:12,412 - INFO - Configuration variable `save_sandfrac_grids`: False
2024-08-02 21:09:12,412 - INFO - Configuration variable `save_discharge_components`: False
2024-08-02 21:09:12,412 - INFO - Configuration variable `save_velocity_components`: False
2024-08-02 21:09:12,412 - INFO - Configuration variable `save_dt`: 0
2024-08-02 21:09:12,412 - INFO - Configuration variable `checkpoint_dt`: None
2024-08-02 21:09:12,412 - INFO - Configuration variable `save_checkpoint`: False
2024-08-02 21:09:12,412 - INFO - Configuration variable `resume_checkpoint`: False
2024-08-02 21:09:12,412 - INFO - Configuration variable `omega_sfc`: 0.1
2024-08-02 21:09:12,412 - INFO - Configuration variable `omega_flow`: 0.9
2024-08-02 21:09:12,412 - INFO - Configuration variable `Nsmooth`: 10
2024-08-02 21:09:12,412 - INFO - Configuration variable `theta_water`: 1.0
2024-08-02 21:09:12,412 - INFO - Configuration variable `coeff_theta_sand`: 2.0
2024-08-02 21:09:12,412 - INFO - Configuration variable `coeff_theta_mud`: 1.0
2024-08-02 21:09:12,412 - INFO - Configuration variable `beta`: 3
2024-08-02 21:09:12,412 - INFO - Configuration variable `sed_lag`: 1.0
2024-08-02 21:09:12,412 - INFO - Configuration variable `coeff_U_dep_mud`: 0.3
2024-08-02 21:09:12,412 - INFO - Configuration variable `coeff_U_ero_mud`: 1.5
2024-08-02 21:09:12,412 - INFO - Configuration variable `coeff_U_ero_sand`: 1.05
2024-08-02 21:09:12,412 - INFO - Configuration variable `alpha`: 0.1
2024-08-02 21:09:12,412 - INFO - Configuration variable `stepmax`: None
2024-08-02 21:09:12,412 - INFO - Configuration variable `sand_frac_bc`: 1
2024-08-02 21:09:12,412 - INFO - Configuration variable `clobber_netcdf`: True
2024-08-02 21:09:12,412 - INFO - Configuration variable `legacy_netcdf`: False
2024-08-02 21:09:12,412 - INFO - Random seed is: 1856692239 
2024-08-02 21:09:12,415 - WARNING - Replacing existing netCDF file
2024-08-02 21:09:12,421 - INFO - Model initialization complete
2024-08-02 21:09:12,421 - INFO - Time: 0.0; timestep: 0
2024-08-02 21:09:15,091 - INFO - Time: 30000.0; timestep: 1
2024-08-02 21:09:15,275 - INFO - Time: 60000.0; timestep: 2
2024-08-02 21:09:15,318 - INFO - Time: 90000.0; timestep: 3
2024-08-02 21:09:15,357 - INFO - Time: 120000.0; timestep: 4
2024-08-02 21:09:15,394 - INFO - Time: 150000.0; timestep: 5
2024-08-02 21:09:15,430 - INFO - Time: 180000.0; timestep: 6
2024-08-02 21:09:15,872 - INFO - Time: 210000.0; timestep: 7
2024-08-02 21:09:15,916 - INFO - Time: 240000.0; timestep: 8
2024-08-02 21:09:15,953 - INFO - Time: 270000.0; timestep: 9
2024-08-02 21:09:15,986 - INFO - Time: 300000.0; timestep: 10
2024-08-02 21:09:16,019 - INFO - Time: 330000.0; timestep: 11
2024-08-02 21:09:16,155 - INFO - Time: 360000.0; timestep: 12
2024-08-02 21:09:16,187 - INFO - Time: 390000.0; timestep: 13
2024-08-02 21:09:16,220 - INFO - Time: 420000.0; timestep: 14
2024-08-02 21:09:16,252 - INFO - Time: 450000.0; timestep: 15
2024-08-02 21:09:16,284 - INFO - Time: 480000.0; timestep: 16
2024-08-02 21:09:16,442 - INFO - Time: 510000.0; timestep: 17
2024-08-02 21:09:16,474 - INFO - Time: 540000.0; timestep: 18
2024-08-02 21:09:16,507 - INFO - Time: 570000.0; timestep: 19
2024-08-02 21:09:16,538 - INFO - Time: 600000.0; timestep: 20
2024-08-02 21:09:16,571 - INFO - Time: 630000.0; timestep: 21
2024-08-02 21:09:16,730 - INFO - Time: 660000.0; timestep: 22
2024-08-02 21:09:16,763 - INFO - Time: 690000.0; timestep: 23
2024-08-02 21:09:16,796 - INFO - Time: 720000.0; timestep: 24
2024-08-02 21:09:16,828 - INFO - Time: 750000.0; timestep: 25
2024-08-02 21:09:16,860 - INFO - Time: 780000.0; timestep: 26
2024-08-02 21:09:17,029 - INFO - Time: 810000.0; timestep: 27
2024-08-02 21:09:17,061 - INFO - Time: 840000.0; timestep: 28
2024-08-02 21:09:17,094 - INFO - Time: 870000.0; timestep: 29
2024-08-02 21:09:17,125 - INFO - Time: 900000.0; timestep: 30
2024-08-02 21:09:17,157 - INFO - Time: 930000.0; timestep: 31
2024-08-02 21:09:17,322 - INFO - Time: 960000.0; timestep: 32
2024-08-02 21:09:17,355 - INFO - Time: 990000.0; timestep: 33
2024-08-02 21:09:17,388 - INFO - Time: 1020000.0; timestep: 34
2024-08-02 21:09:17,421 - INFO - Time: 1050000.0; timestep: 35
2024-08-02 21:09:17,455 - INFO - Time: 1080000.0; timestep: 36
2024-08-02 21:09:17,617 - INFO - Time: 1110000.0; timestep: 37
2024-08-02 21:09:17,649 - INFO - Time: 1140000.0; timestep: 38
2024-08-02 21:09:17,681 - INFO - Time: 1170000.0; timestep: 39
2024-08-02 21:09:17,714 - INFO - Time: 1200000.0; timestep: 40
2024-08-02 21:09:17,746 - INFO - Time: 1230000.0; timestep: 41
2024-08-02 21:09:17,903 - INFO - Time: 1260000.0; timestep: 42
2024-08-02 21:09:17,941 - INFO - Time: 1290000.0; timestep: 43
2024-08-02 21:09:17,972 - INFO - Time: 1320000.0; timestep: 44
2024-08-02 21:09:18,006 - INFO - Time: 1350000.0; timestep: 45
2024-08-02 21:09:18,039 - INFO - Time: 1380000.0; timestep: 46
2024-08-02 21:09:18,172 - INFO - Time: 1410000.0; timestep: 47
2024-08-02 21:09:18,218 - INFO - Time: 1440000.0; timestep: 48
2024-08-02 21:09:18,249 - INFO - Time: 1470000.0; timestep: 49
2024-08-02 21:09:18,281 - INFO - Time: 1500000.0; timestep: 50
2024-08-02 21:09:18,313 - INFO - Time: 1530000.0; timestep: 51
2024-08-02 21:09:18,452 - INFO - Time: 1560000.0; timestep: 52
2024-08-02 21:09:18,486 - INFO - Time: 1590000.0; timestep: 53
2024-08-02 21:09:18,518 - INFO - Time: 1620000.0; timestep: 54
2024-08-02 21:09:18,552 - INFO - Time: 1650000.0; timestep: 55
2024-08-02 21:09:18,585 - INFO - Time: 1680000.0; timestep: 56
2024-08-02 21:09:18,739 - INFO - Time: 1710000.0; timestep: 57
2024-08-02 21:09:18,771 - INFO - Time: 1740000.0; timestep: 58
2024-08-02 21:09:18,803 - INFO - Time: 1770000.0; timestep: 59
2024-08-02 21:09:18,836 - INFO - Time: 1800000.0; timestep: 60
2024-08-02 21:09:18,867 - INFO - Time: 1830000.0; timestep: 61
2024-08-02 21:09:19,040 - INFO - Time: 1860000.0; timestep: 62
2024-08-02 21:09:19,071 - INFO - Time: 1890000.0; timestep: 63
2024-08-02 21:09:19,105 - INFO - Time: 1920000.0; timestep: 64
2024-08-02 21:09:19,137 - INFO - Time: 1950000.0; timestep: 65
2024-08-02 21:09:19,170 - INFO - Time: 1980000.0; timestep: 66
2024-08-02 21:09:19,331 - INFO - Time: 2010000.0; timestep: 67
2024-08-02 21:09:19,366 - INFO - Time: 2040000.0; timestep: 68
2024-08-02 21:09:19,398 - INFO - Time: 2070000.0; timestep: 69
2024-08-02 21:09:19,429 - INFO - Time: 2100000.0; timestep: 70
2024-08-02 21:09:19,461 - INFO - Time: 2130000.0; timestep: 71
2024-08-02 21:09:19,624 - INFO - Time: 2160000.0; timestep: 72
2024-08-02 21:09:19,656 - INFO - Time: 2190000.0; timestep: 73
2024-08-02 21:09:19,688 - INFO - Time: 2220000.0; timestep: 74
2024-08-02 21:09:19,720 - INFO - Time: 2250000.0; timestep: 75
2024-08-02 21:09:19,751 - INFO - Time: 2280000.0; timestep: 76
2024-08-02 21:09:19,909 - INFO - Time: 2310000.0; timestep: 77
2024-08-02 21:09:19,946 - INFO - Time: 2340000.0; timestep: 78
2024-08-02 21:09:19,977 - INFO - Time: 2370000.0; timestep: 79
2024-08-02 21:09:20,009 - INFO - Time: 2400000.0; timestep: 80
2024-08-02 21:09:20,040 - INFO - Time: 2430000.0; timestep: 81
2024-08-02 21:09:20,170 - INFO - Time: 2460000.0; timestep: 82
2024-08-02 21:09:20,216 - INFO - Time: 2490000.0; timestep: 83
2024-08-02 21:09:20,247 - INFO - Time: 2520000.0; timestep: 84
2024-08-02 21:09:20,280 - INFO - Time: 2550000.0; timestep: 85
2024-08-02 21:09:20,313 - INFO - Time: 2580000.0; timestep: 86
2024-08-02 21:09:20,472 - INFO - Time: 2610000.0; timestep: 87
2024-08-02 21:09:20,510 - INFO - Time: 2640000.0; timestep: 88
2024-08-02 21:09:20,541 - INFO - Time: 2670000.0; timestep: 89
2024-08-02 21:09:20,573 - INFO - Time: 2700000.0; timestep: 90
2024-08-02 21:09:20,606 - INFO - Time: 2730000.0; timestep: 91
2024-08-02 21:09:20,746 - INFO - Time: 2760000.0; timestep: 92
2024-08-02 21:09:20,777 - INFO - Time: 2790000.0; timestep: 93
2024-08-02 21:09:20,809 - INFO - Time: 2820000.0; timestep: 94
2024-08-02 21:09:20,840 - INFO - Time: 2850000.0; timestep: 95
2024-08-02 21:09:20,873 - INFO - Time: 2880000.0; timestep: 96
2024-08-02 21:09:21,027 - INFO - Time: 2910000.0; timestep: 97
2024-08-02 21:09:21,058 - INFO - Time: 2940000.0; timestep: 98
2024-08-02 21:09:21,091 - INFO - Time: 2970000.0; timestep: 99
2024-08-02 21:09:21,123 - INFO - Time: 3000000.0; timestep: 100
2024-08-02 21:09:21,156 - INFO - Time: 3030000.0; timestep: 101
2024-08-02 21:09:21,318 - INFO - Time: 3060000.0; timestep: 102
2024-08-02 21:09:21,352 - INFO - Time: 3090000.0; timestep: 103
2024-08-02 21:09:21,384 - INFO - Time: 3120000.0; timestep: 104
2024-08-02 21:09:21,421 - INFO - Time: 3150000.0; timestep: 105
2024-08-02 21:09:21,452 - INFO - Time: 3180000.0; timestep: 106
2024-08-02 21:09:21,609 - INFO - Time: 3210000.0; timestep: 107
2024-08-02 21:09:21,641 - INFO - Time: 3240000.0; timestep: 108
2024-08-02 21:09:21,673 - INFO - Time: 3270000.0; timestep: 109
2024-08-02 21:09:21,705 - INFO - Time: 3300000.0; timestep: 110
2024-08-02 21:09:21,738 - INFO - Time: 3330000.0; timestep: 111
2024-08-02 21:09:21,866 - INFO - Time: 3360000.0; timestep: 112
2024-08-02 21:09:21,904 - INFO - Time: 3390000.0; timestep: 113
2024-08-02 21:09:21,936 - INFO - Time: 3420000.0; timestep: 114
2024-08-02 21:09:21,969 - INFO - Time: 3450000.0; timestep: 115
2024-08-02 21:09:22,000 - INFO - Time: 3480000.0; timestep: 116
2024-08-02 21:09:22,145 - INFO - Time: 3510000.0; timestep: 117
2024-08-02 21:09:22,191 - INFO - Time: 3540000.0; timestep: 118
2024-08-02 21:09:22,227 - INFO - Time: 3570000.0; timestep: 119
2024-08-02 21:09:22,257 - INFO - Time: 3600000.0; timestep: 120
2024-08-02 21:09:22,288 - INFO - Time: 3630000.0; timestep: 121
2024-08-02 21:09:22,436 - INFO - Time: 3660000.0; timestep: 122
2024-08-02 21:09:22,468 - INFO - Time: 3690000.0; timestep: 123
2024-08-02 21:09:22,501 - INFO - Time: 3720000.0; timestep: 124
2024-08-02 21:09:22,532 - INFO - Time: 3750000.0; timestep: 125
2024-08-02 21:09:22,564 - INFO - Time: 3780000.0; timestep: 126
2024-08-02 21:09:23,018 - INFO - Time: 3810000.0; timestep: 127
2024-08-02 21:09:23,055 - INFO - Time: 3840000.0; timestep: 128
2024-08-02 21:09:23,087 - INFO - Time: 3870000.0; timestep: 129
2024-08-02 21:09:23,122 - INFO - Time: 3900000.0; timestep: 130
2024-08-02 21:09:23,154 - INFO - Time: 3930000.0; timestep: 131
2024-08-02 21:09:23,319 - INFO - Time: 3960000.0; timestep: 132
2024-08-02 21:09:23,350 - INFO - Time: 3990000.0; timestep: 133
2024-08-02 21:09:23,383 - INFO - Time: 4020000.0; timestep: 134
2024-08-02 21:09:23,415 - INFO - Time: 4050000.0; timestep: 135
2024-08-02 21:09:23,447 - INFO - Time: 4080000.0; timestep: 136
2024-08-02 21:09:23,602 - INFO - Time: 4110000.0; timestep: 137
2024-08-02 21:09:23,634 - INFO - Time: 4140000.0; timestep: 138
2024-08-02 21:09:23,668 - INFO - Time: 4170000.0; timestep: 139
2024-08-02 21:09:23,701 - INFO - Time: 4200000.0; timestep: 140
2024-08-02 21:09:23,733 - INFO - Time: 4230000.0; timestep: 141
2024-08-02 21:09:23,864 - INFO - Time: 4260000.0; timestep: 142
2024-08-02 21:09:23,898 - INFO - Time: 4290000.0; timestep: 143
2024-08-02 21:09:23,930 - INFO - Time: 4320000.0; timestep: 144
2024-08-02 21:09:23,962 - INFO - Time: 4350000.0; timestep: 145
2024-08-02 21:09:23,994 - INFO - Time: 4380000.0; timestep: 146
2024-08-02 21:09:24,155 - INFO - Time: 4410000.0; timestep: 147
2024-08-02 21:09:24,187 - INFO - Time: 4440000.0; timestep: 148
2024-08-02 21:09:24,220 - INFO - Time: 4470000.0; timestep: 149
2024-08-02 21:09:24,252 - INFO - Time: 4500000.0; timestep: 150
2024-08-02 21:09:24,283 - INFO - Time: 4530000.0; timestep: 151
2024-08-02 21:09:24,439 - INFO - Time: 4560000.0; timestep: 152
2024-08-02 21:09:24,471 - INFO - Time: 4590000.0; timestep: 153
2024-08-02 21:09:24,504 - INFO - Time: 4620000.0; timestep: 154
2024-08-02 21:09:24,536 - INFO - Time: 4650000.0; timestep: 155
2024-08-02 21:09:24,567 - INFO - Time: 4680000.0; timestep: 156
2024-08-02 21:09:24,728 - INFO - Time: 4710000.0; timestep: 157
2024-08-02 21:09:24,760 - INFO - Time: 4740000.0; timestep: 158
2024-08-02 21:09:24,794 - INFO - Time: 4770000.0; timestep: 159
2024-08-02 21:09:24,827 - INFO - Time: 4800000.0; timestep: 160
2024-08-02 21:09:24,860 - INFO - Time: 4830000.0; timestep: 161
2024-08-02 21:09:25,019 - INFO - Time: 4860000.0; timestep: 162
2024-08-02 21:09:25,057 - INFO - Time: 4890000.0; timestep: 163
2024-08-02 21:09:25,088 - INFO - Time: 4920000.0; timestep: 164
2024-08-02 21:09:25,127 - INFO - Time: 4950000.0; timestep: 165
2024-08-02 21:09:25,159 - INFO - Time: 4980000.0; timestep: 166
2024-08-02 21:09:25,328 - INFO - Time: 5010000.0; timestep: 167
2024-08-02 21:09:25,361 - INFO - Time: 5040000.0; timestep: 168
2024-08-02 21:09:25,398 - INFO - Time: 5070000.0; timestep: 169
2024-08-02 21:09:25,442 - INFO - Time: 5100000.0; timestep: 170
2024-08-02 21:09:25,476 - INFO - Time: 5130000.0; timestep: 171
2024-08-02 21:09:25,657 - INFO - Time: 5160000.0; timestep: 172
2024-08-02 21:09:25,689 - INFO - Time: 5190000.0; timestep: 173
2024-08-02 21:09:25,723 - INFO - Time: 5220000.0; timestep: 174
2024-08-02 21:09:25,755 - INFO - Time: 5250000.0; timestep: 175
2024-08-02 21:09:25,785 - INFO - Time: 5280000.0; timestep: 176
2024-08-02 21:09:25,944 - INFO - Time: 5310000.0; timestep: 177
2024-08-02 21:09:25,975 - INFO - Time: 5340000.0; timestep: 178
2024-08-02 21:09:26,011 - INFO - Time: 5370000.0; timestep: 179
2024-08-02 21:09:26,043 - INFO - Time: 5400000.0; timestep: 180
2024-08-02 21:09:26,075 - INFO - Time: 5430000.0; timestep: 181
2024-08-02 21:09:26,235 - INFO - Time: 5460000.0; timestep: 182
2024-08-02 21:09:26,268 - INFO - Time: 5490000.0; timestep: 183
2024-08-02 21:09:26,300 - INFO - Time: 5520000.0; timestep: 184
2024-08-02 21:09:26,331 - INFO - Time: 5550000.0; timestep: 185
2024-08-02 21:09:26,363 - INFO - Time: 5580000.0; timestep: 186
2024-08-02 21:09:26,526 - INFO - Time: 5610000.0; timestep: 187
2024-08-02 21:09:26,558 - INFO - Time: 5640000.0; timestep: 188
2024-08-02 21:09:26,594 - INFO - Time: 5670000.0; timestep: 189
2024-08-02 21:09:26,626 - INFO - Time: 5700000.0; timestep: 190
2024-08-02 21:09:26,657 - INFO - Time: 5730000.0; timestep: 191
2024-08-02 21:09:26,816 - INFO - Time: 5760000.0; timestep: 192
2024-08-02 21:09:26,848 - INFO - Time: 5790000.0; timestep: 193
2024-08-02 21:09:26,879 - INFO - Time: 5820000.0; timestep: 194
2024-08-02 21:09:26,912 - INFO - Time: 5850000.0; timestep: 195
2024-08-02 21:09:26,943 - INFO - Time: 5880000.0; timestep: 196
2024-08-02 21:09:27,078 - INFO - Time: 5910000.0; timestep: 197
2024-08-02 21:09:27,125 - INFO - Time: 5940000.0; timestep: 198
2024-08-02 21:09:27,156 - INFO - Time: 5970000.0; timestep: 199
2024-08-02 21:09:27,188 - INFO - Time: 6000000.0; timestep: 200
2024-08-02 21:09:27,220 - INFO - Time: 6030000.0; timestep: 201
2024-08-02 21:09:27,356 - INFO - Time: 6060000.0; timestep: 202
2024-08-02 21:09:27,387 - INFO - Time: 6090000.0; timestep: 203
2024-08-02 21:09:27,419 - INFO - Time: 6120000.0; timestep: 204
2024-08-02 21:09:27,450 - INFO - Time: 6150000.0; timestep: 205
2024-08-02 21:09:27,481 - INFO - Time: 6180000.0; timestep: 206
2024-08-02 21:09:27,637 - INFO - Time: 6210000.0; timestep: 207
2024-08-02 21:09:27,669 - INFO - Time: 6240000.0; timestep: 208
2024-08-02 21:09:27,701 - INFO - Time: 6270000.0; timestep: 209
2024-08-02 21:09:27,733 - INFO - Time: 6300000.0; timestep: 210
2024-08-02 21:09:27,765 - INFO - Time: 6330000.0; timestep: 211
2024-08-02 21:09:27,925 - INFO - Time: 6360000.0; timestep: 212
2024-08-02 21:09:27,957 - INFO - Time: 6390000.0; timestep: 213
2024-08-02 21:09:27,989 - INFO - Time: 6420000.0; timestep: 214
2024-08-02 21:09:28,026 - INFO - Time: 6450000.0; timestep: 215
2024-08-02 21:09:28,057 - INFO - Time: 6480000.0; timestep: 216
2024-08-02 21:09:28,217 - INFO - Time: 6510000.0; timestep: 217
2024-08-02 21:09:28,249 - INFO - Time: 6540000.0; timestep: 218
2024-08-02 21:09:28,282 - INFO - Time: 6570000.0; timestep: 219
2024-08-02 21:09:28,314 - INFO - Time: 6600000.0; timestep: 220
2024-08-02 21:09:28,345 - INFO - Time: 6630000.0; timestep: 221
2024-08-02 21:09:28,497 - INFO - Time: 6660000.0; timestep: 222
2024-08-02 21:09:28,528 - INFO - Time: 6690000.0; timestep: 223
2024-08-02 21:09:28,558 - INFO - Time: 6720000.0; timestep: 224
2024-08-02 21:09:28,589 - INFO - Time: 6750000.0; timestep: 225
2024-08-02 21:09:28,621 - INFO - Time: 6780000.0; timestep: 226
2024-08-02 21:09:28,748 - INFO - Time: 6810000.0; timestep: 227
2024-08-02 21:09:28,780 - INFO - Time: 6840000.0; timestep: 228
2024-08-02 21:09:28,811 - INFO - Time: 6870000.0; timestep: 229
2024-08-02 21:09:28,842 - INFO - Time: 6900000.0; timestep: 230
2024-08-02 21:09:28,874 - INFO - Time: 6930000.0; timestep: 231
2024-08-02 21:09:29,035 - INFO - Time: 6960000.0; timestep: 232
2024-08-02 21:09:29,066 - INFO - Time: 6990000.0; timestep: 233
2024-08-02 21:09:29,097 - INFO - Time: 7020000.0; timestep: 234
2024-08-02 21:09:29,130 - INFO - Time: 7050000.0; timestep: 235
2024-08-02 21:09:29,161 - INFO - Time: 7080000.0; timestep: 236
2024-08-02 21:09:29,324 - INFO - Time: 7110000.0; timestep: 237
2024-08-02 21:09:29,356 - INFO - Time: 7140000.0; timestep: 238
2024-08-02 21:09:29,388 - INFO - Time: 7170000.0; timestep: 239
2024-08-02 21:09:29,422 - INFO - Time: 7200000.0; timestep: 240
2024-08-02 21:09:29,453 - INFO - Time: 7230000.0; timestep: 241
2024-08-02 21:09:29,615 - INFO - Time: 7260000.0; timestep: 242
2024-08-02 21:09:29,648 - INFO - Time: 7290000.0; timestep: 243
2024-08-02 21:09:29,680 - INFO - Time: 7320000.0; timestep: 244
2024-08-02 21:09:29,713 - INFO - Time: 7350000.0; timestep: 245
2024-08-02 21:09:29,744 - INFO - Time: 7380000.0; timestep: 246
2024-08-02 21:09:30,220 - INFO - Time: 7410000.0; timestep: 247
2024-08-02 21:09:30,251 - INFO - Time: 7440000.0; timestep: 248
2024-08-02 21:09:30,283 - INFO - Time: 7470000.0; timestep: 249
2024-08-02 21:09:30,314 - INFO - Time: 7500000.0; timestep: 250
2024-08-02 21:09:30,347 - INFO - Time: 7530000.0; timestep: 251
2024-08-02 21:09:30,498 - INFO - Time: 7560000.0; timestep: 252
2024-08-02 21:09:30,529 - INFO - Time: 7590000.0; timestep: 253
2024-08-02 21:09:30,561 - INFO - Time: 7620000.0; timestep: 254
2024-08-02 21:09:30,592 - INFO - Time: 7650000.0; timestep: 255
2024-08-02 21:09:30,625 - INFO - Time: 7680000.0; timestep: 256
2024-08-02 21:09:30,763 - INFO - Time: 7710000.0; timestep: 257
2024-08-02 21:09:30,830 - INFO - Time: 7740000.0; timestep: 258
2024-08-02 21:09:30,865 - INFO - Time: 7770000.0; timestep: 259
2024-08-02 21:09:30,903 - INFO - Time: 7800000.0; timestep: 260
2024-08-02 21:09:30,939 - INFO - Time: 7830000.0; timestep: 261
2024-08-02 21:09:31,080 - INFO - Time: 7860000.0; timestep: 262
2024-08-02 21:09:31,126 - INFO - Time: 7890000.0; timestep: 263
2024-08-02 21:09:31,159 - INFO - Time: 7920000.0; timestep: 264
2024-08-02 21:09:31,191 - INFO - Time: 7950000.0; timestep: 265
2024-08-02 21:09:31,222 - INFO - Time: 7980000.0; timestep: 266
2024-08-02 21:09:31,356 - INFO - Time: 8010000.0; timestep: 267
2024-08-02 21:09:31,388 - INFO - Time: 8040000.0; timestep: 268
2024-08-02 21:09:31,420 - INFO - Time: 8070000.0; timestep: 269
2024-08-02 21:09:31,453 - INFO - Time: 8100000.0; timestep: 270
2024-08-02 21:09:31,486 - INFO - Time: 8130000.0; timestep: 271
2024-08-02 21:09:31,639 - INFO - Time: 8160000.0; timestep: 272
2024-08-02 21:09:31,670 - INFO - Time: 8190000.0; timestep: 273
2024-08-02 21:09:31,703 - INFO - Time: 8220000.0; timestep: 274
2024-08-02 21:09:31,734 - INFO - Time: 8250000.0; timestep: 275
2024-08-02 21:09:31,766 - INFO - Time: 8280000.0; timestep: 276
2024-08-02 21:09:31,927 - INFO - Time: 8310000.0; timestep: 277
2024-08-02 21:09:31,961 - INFO - Time: 8340000.0; timestep: 278
2024-08-02 21:09:31,992 - INFO - Time: 8370000.0; timestep: 279
2024-08-02 21:09:32,024 - INFO - Time: 8400000.0; timestep: 280
2024-08-02 21:09:32,055 - INFO - Time: 8430000.0; timestep: 281
2024-08-02 21:09:32,216 - INFO - Time: 8460000.0; timestep: 282
2024-08-02 21:09:32,248 - INFO - Time: 8490000.0; timestep: 283
2024-08-02 21:09:32,281 - INFO - Time: 8520000.0; timestep: 284
2024-08-02 21:09:32,313 - INFO - Time: 8550000.0; timestep: 285
2024-08-02 21:09:32,346 - INFO - Time: 8580000.0; timestep: 286
2024-08-02 21:09:32,499 - INFO - Time: 8610000.0; timestep: 287
2024-08-02 21:09:32,532 - INFO - Time: 8640000.0; timestep: 288
2024-08-02 21:09:32,566 - INFO - Time: 8670000.0; timestep: 289
2024-08-02 21:09:32,599 - INFO - Time: 8700000.0; timestep: 290
2024-08-02 21:09:32,631 - INFO - Time: 8730000.0; timestep: 291
2024-08-02 21:09:32,765 - INFO - Time: 8760000.0; timestep: 292
2024-08-02 21:09:32,799 - INFO - Time: 8790000.0; timestep: 293
2024-08-02 21:09:32,832 - INFO - Time: 8820000.0; timestep: 294
2024-08-02 21:09:32,865 - INFO - Time: 8850000.0; timestep: 295
2024-08-02 21:09:32,898 - INFO - Time: 8880000.0; timestep: 296
2024-08-02 21:09:33,051 - INFO - Time: 8910000.0; timestep: 297
2024-08-02 21:09:33,082 - INFO - Time: 8940000.0; timestep: 298
2024-08-02 21:09:33,114 - INFO - Time: 8970000.0; timestep: 299
2024-08-02 21:09:33,147 - INFO - Time: 9000000.0; timestep: 300
2024-08-02 21:09:33,179 - INFO - Time: 9030000.0; timestep: 301
2024-08-02 21:09:33,340 - INFO - Time: 9060000.0; timestep: 302
2024-08-02 21:09:33,372 - INFO - Time: 9090000.0; timestep: 303
2024-08-02 21:09:33,402 - INFO - Time: 9120000.0; timestep: 304
2024-08-02 21:09:33,435 - INFO - Time: 9150000.0; timestep: 305
2024-08-02 21:09:33,468 - INFO - Time: 9180000.0; timestep: 306
2024-08-02 21:09:33,628 - INFO - Time: 9210000.0; timestep: 307
2024-08-02 21:09:33,661 - INFO - Time: 9240000.0; timestep: 308
2024-08-02 21:09:33,694 - INFO - Time: 9270000.0; timestep: 309
2024-08-02 21:09:33,727 - INFO - Time: 9300000.0; timestep: 310
2024-08-02 21:09:33,758 - INFO - Time: 9330000.0; timestep: 311
2024-08-02 21:09:33,920 - INFO - Time: 9360000.0; timestep: 312
2024-08-02 21:09:33,952 - INFO - Time: 9390000.0; timestep: 313
2024-08-02 21:09:33,985 - INFO - Time: 9420000.0; timestep: 314
2024-08-02 21:09:34,019 - INFO - Time: 9450000.0; timestep: 315
2024-08-02 21:09:34,051 - INFO - Time: 9480000.0; timestep: 316
2024-08-02 21:09:34,210 - INFO - Time: 9510000.0; timestep: 317
2024-08-02 21:09:34,242 - INFO - Time: 9540000.0; timestep: 318
2024-08-02 21:09:34,274 - INFO - Time: 9570000.0; timestep: 319
2024-08-02 21:09:34,305 - INFO - Time: 9600000.0; timestep: 320
2024-08-02 21:09:34,337 - INFO - Time: 9630000.0; timestep: 321
2024-08-02 21:09:34,467 - INFO - Time: 9660000.0; timestep: 322
2024-08-02 21:09:34,507 - INFO - Time: 9690000.0; timestep: 323
2024-08-02 21:09:34,537 - INFO - Time: 9720000.0; timestep: 324
2024-08-02 21:09:34,570 - INFO - Time: 9750000.0; timestep: 325
2024-08-02 21:09:34,602 - INFO - Time: 9780000.0; timestep: 326
2024-08-02 21:09:34,746 - INFO - Time: 9810000.0; timestep: 327
2024-08-02 21:09:34,778 - INFO - Time: 9840000.0; timestep: 328
2024-08-02 21:09:34,812 - INFO - Time: 9870000.0; timestep: 329
2024-08-02 21:09:34,844 - INFO - Time: 9900000.0; timestep: 330
2024-08-02 21:09:34,876 - INFO - Time: 9930000.0; timestep: 331
2024-08-02 21:09:35,040 - INFO - Time: 9960000.0; timestep: 332
2024-08-02 21:09:35,072 - INFO - Time: 9990000.0; timestep: 333
2024-08-02 21:09:35,104 - INFO - Time: 10020000.0; timestep: 334
2024-08-02 21:09:35,137 - INFO - Time: 10050000.0; timestep: 335
2024-08-02 21:09:35,169 - INFO - Time: 10080000.0; timestep: 336
2024-08-02 21:09:35,334 - INFO - Time: 10110000.0; timestep: 337
2024-08-02 21:09:35,367 - INFO - Time: 10140000.0; timestep: 338
2024-08-02 21:09:35,398 - INFO - Time: 10170000.0; timestep: 339
2024-08-02 21:09:35,431 - INFO - Time: 10200000.0; timestep: 340
2024-08-02 21:09:35,462 - INFO - Time: 10230000.0; timestep: 341
2024-08-02 21:09:35,621 - INFO - Time: 10260000.0; timestep: 342
2024-08-02 21:09:35,654 - INFO - Time: 10290000.0; timestep: 343
2024-08-02 21:09:35,685 - INFO - Time: 10320000.0; timestep: 344
2024-08-02 21:09:35,717 - INFO - Time: 10350000.0; timestep: 345
2024-08-02 21:09:35,749 - INFO - Time: 10380000.0; timestep: 346
2024-08-02 21:09:35,920 - INFO - Time: 10410000.0; timestep: 347
2024-08-02 21:09:35,952 - INFO - Time: 10440000.0; timestep: 348
2024-08-02 21:09:35,985 - INFO - Time: 10470000.0; timestep: 349
2024-08-02 21:09:36,022 - INFO - Time: 10500000.0; timestep: 350
2024-08-02 21:09:36,055 - INFO - Time: 10530000.0; timestep: 351
2024-08-02 21:09:36,229 - INFO - Time: 10560000.0; timestep: 352
2024-08-02 21:09:36,262 - INFO - Time: 10590000.0; timestep: 353
2024-08-02 21:09:36,295 - INFO - Time: 10620000.0; timestep: 354
2024-08-02 21:09:36,327 - INFO - Time: 10650000.0; timestep: 355
2024-08-02 21:09:36,359 - INFO - Time: 10680000.0; timestep: 356
2024-08-02 21:09:36,526 - INFO - Time: 10710000.0; timestep: 357
2024-08-02 21:09:36,559 - INFO - Time: 10740000.0; timestep: 358
2024-08-02 21:09:36,590 - INFO - Time: 10770000.0; timestep: 359
2024-08-02 21:09:36,623 - INFO - Time: 10800000.0; timestep: 360
2024-08-02 21:09:36,655 - INFO - Time: 10830000.0; timestep: 361
2024-08-02 21:09:37,130 - INFO - Time: 10860000.0; timestep: 362
2024-08-02 21:09:37,162 - INFO - Time: 10890000.0; timestep: 363
2024-08-02 21:09:37,193 - INFO - Time: 10920000.0; timestep: 364
2024-08-02 21:09:37,226 - INFO - Time: 10950000.0; timestep: 365
2024-08-02 21:09:37,258 - INFO - Time: 10980000.0; timestep: 366
2024-08-02 21:09:37,427 - INFO - Time: 11010000.0; timestep: 367
2024-08-02 21:09:37,469 - INFO - Time: 11040000.0; timestep: 368
2024-08-02 21:09:37,510 - INFO - Time: 11070000.0; timestep: 369
2024-08-02 21:09:37,542 - INFO - Time: 11100000.0; timestep: 370
2024-08-02 21:09:37,574 - INFO - Time: 11130000.0; timestep: 371
2024-08-02 21:09:37,736 - INFO - Time: 11160000.0; timestep: 372
2024-08-02 21:09:37,773 - INFO - Time: 11190000.0; timestep: 373
2024-08-02 21:09:37,806 - INFO - Time: 11220000.0; timestep: 374
2024-08-02 21:09:37,839 - INFO - Time: 11250000.0; timestep: 375
2024-08-02 21:09:37,871 - INFO - Time: 11280000.0; timestep: 376
2024-08-02 21:09:38,043 - INFO - Time: 11310000.0; timestep: 377
2024-08-02 21:09:38,075 - INFO - Time: 11340000.0; timestep: 378
2024-08-02 21:09:38,107 - INFO - Time: 11370000.0; timestep: 379
2024-08-02 21:09:38,139 - INFO - Time: 11400000.0; timestep: 380
2024-08-02 21:09:38,170 - INFO - Time: 11430000.0; timestep: 381
2024-08-02 21:09:38,345 - INFO - Time: 11460000.0; timestep: 382
2024-08-02 21:09:38,378 - INFO - Time: 11490000.0; timestep: 383
2024-08-02 21:09:38,411 - INFO - Time: 11520000.0; timestep: 384
2024-08-02 21:09:38,444 - INFO - Time: 11550000.0; timestep: 385
2024-08-02 21:09:38,477 - INFO - Time: 11580000.0; timestep: 386
2024-08-02 21:09:38,635 - INFO - Time: 11610000.0; timestep: 387
2024-08-02 21:09:38,667 - INFO - Time: 11640000.0; timestep: 388
2024-08-02 21:09:38,699 - INFO - Time: 11670000.0; timestep: 389
2024-08-02 21:09:38,731 - INFO - Time: 11700000.0; timestep: 390
2024-08-02 21:09:38,764 - INFO - Time: 11730000.0; timestep: 391
2024-08-02 21:09:38,926 - INFO - Time: 11760000.0; timestep: 392
2024-08-02 21:09:38,959 - INFO - Time: 11790000.0; timestep: 393
2024-08-02 21:09:38,993 - INFO - Time: 11820000.0; timestep: 394
2024-08-02 21:09:39,026 - INFO - Time: 11850000.0; timestep: 395
2024-08-02 21:09:39,064 - INFO - Time: 11880000.0; timestep: 396
2024-08-02 21:09:39,227 - INFO - Time: 11910000.0; timestep: 397
2024-08-02 21:09:39,259 - INFO - Time: 11940000.0; timestep: 398
2024-08-02 21:09:39,294 - INFO - Time: 11970000.0; timestep: 399
2024-08-02 21:09:39,329 - INFO - Time: 12000000.0; timestep: 400
2024-08-02 21:09:39,362 - INFO - Time: 12030000.0; timestep: 401
2024-08-02 21:09:39,525 - INFO - Time: 12060000.0; timestep: 402
2024-08-02 21:09:39,556 - INFO - Time: 12090000.0; timestep: 403
2024-08-02 21:09:39,588 - INFO - Time: 12120000.0; timestep: 404
2024-08-02 21:09:39,620 - INFO - Time: 12150000.0; timestep: 405
2024-08-02 21:09:39,652 - INFO - Time: 12180000.0; timestep: 406
2024-08-02 21:09:39,816 - INFO - Time: 12210000.0; timestep: 407
2024-08-02 21:09:39,847 - INFO - Time: 12240000.0; timestep: 408
2024-08-02 21:09:39,878 - INFO - Time: 12270000.0; timestep: 409
2024-08-02 21:09:39,911 - INFO - Time: 12300000.0; timestep: 410
2024-08-02 21:09:39,942 - INFO - Time: 12330000.0; timestep: 411
2024-08-02 21:09:40,076 - INFO - Time: 12360000.0; timestep: 412
2024-08-02 21:09:40,122 - INFO - Time: 12390000.0; timestep: 413
2024-08-02 21:09:40,153 - INFO - Time: 12420000.0; timestep: 414
2024-08-02 21:09:40,185 - INFO - Time: 12450000.0; timestep: 415
2024-08-02 21:09:40,217 - INFO - Time: 12480000.0; timestep: 416
2024-08-02 21:09:40,357 - INFO - Time: 12510000.0; timestep: 417
2024-08-02 21:09:40,389 - INFO - Time: 12540000.0; timestep: 418
2024-08-02 21:09:40,422 - INFO - Time: 12570000.0; timestep: 419
2024-08-02 21:09:40,454 - INFO - Time: 12600000.0; timestep: 420
2024-08-02 21:09:40,487 - INFO - Time: 12630000.0; timestep: 421
2024-08-02 21:09:40,641 - INFO - Time: 12660000.0; timestep: 422
2024-08-02 21:09:40,672 - INFO - Time: 12690000.0; timestep: 423
2024-08-02 21:09:40,703 - INFO - Time: 12720000.0; timestep: 424
2024-08-02 21:09:40,736 - INFO - Time: 12750000.0; timestep: 425
2024-08-02 21:09:40,767 - INFO - Time: 12780000.0; timestep: 426
2024-08-02 21:09:40,930 - INFO - Time: 12810000.0; timestep: 427
2024-08-02 21:09:40,962 - INFO - Time: 12840000.0; timestep: 428
2024-08-02 21:09:40,994 - INFO - Time: 12870000.0; timestep: 429
2024-08-02 21:09:41,026 - INFO - Time: 12900000.0; timestep: 430
2024-08-02 21:09:41,062 - INFO - Time: 12930000.0; timestep: 431
2024-08-02 21:09:41,221 - INFO - Time: 12960000.0; timestep: 432
2024-08-02 21:09:41,253 - INFO - Time: 12990000.0; timestep: 433
2024-08-02 21:09:41,286 - INFO - Time: 13020000.0; timestep: 434
2024-08-02 21:09:41,326 - INFO - Time: 13050000.0; timestep: 435
2024-08-02 21:09:41,361 - INFO - Time: 13080000.0; timestep: 436
2024-08-02 21:09:41,539 - INFO - Time: 13110000.0; timestep: 437
2024-08-02 21:09:41,569 - INFO - Time: 13140000.0; timestep: 438
2024-08-02 21:09:41,602 - INFO - Time: 13170000.0; timestep: 439
2024-08-02 21:09:41,633 - INFO - Time: 13200000.0; timestep: 440
2024-08-02 21:09:41,665 - INFO - Time: 13230000.0; timestep: 441
2024-08-02 21:09:41,826 - INFO - Time: 13260000.0; timestep: 442
2024-08-02 21:09:41,859 - INFO - Time: 13290000.0; timestep: 443
2024-08-02 21:09:41,890 - INFO - Time: 13320000.0; timestep: 444
2024-08-02 21:09:41,921 - INFO - Time: 13350000.0; timestep: 445
2024-08-02 21:09:41,954 - INFO - Time: 13380000.0; timestep: 446
2024-08-02 21:09:42,121 - INFO - Time: 13410000.0; timestep: 447
2024-08-02 21:09:42,154 - INFO - Time: 13440000.0; timestep: 448
2024-08-02 21:09:42,186 - INFO - Time: 13470000.0; timestep: 449
2024-08-02 21:09:42,219 - INFO - Time: 13500000.0; timestep: 450
2024-08-02 21:09:42,252 - INFO - Time: 13530000.0; timestep: 451
2024-08-02 21:09:42,413 - INFO - Time: 13560000.0; timestep: 452
2024-08-02 21:09:42,445 - INFO - Time: 13590000.0; timestep: 453
2024-08-02 21:09:42,477 - INFO - Time: 13620000.0; timestep: 454
2024-08-02 21:09:42,510 - INFO - Time: 13650000.0; timestep: 455
2024-08-02 21:09:42,542 - INFO - Time: 13680000.0; timestep: 456
2024-08-02 21:09:42,675 - INFO - Time: 13710000.0; timestep: 457
2024-08-02 21:09:42,723 - INFO - Time: 13740000.0; timestep: 458
2024-08-02 21:09:42,755 - INFO - Time: 13770000.0; timestep: 459
2024-08-02 21:09:42,787 - INFO - Time: 13800000.0; timestep: 460
2024-08-02 21:09:42,817 - INFO - Time: 13830000.0; timestep: 461
2024-08-02 21:09:42,952 - INFO - Time: 13860000.0; timestep: 462
2024-08-02 21:09:42,990 - INFO - Time: 13890000.0; timestep: 463
2024-08-02 21:09:43,022 - INFO - Time: 13920000.0; timestep: 464
2024-08-02 21:09:43,054 - INFO - Time: 13950000.0; timestep: 465
2024-08-02 21:09:43,087 - INFO - Time: 13980000.0; timestep: 466
2024-08-02 21:09:43,238 - INFO - Time: 14010000.0; timestep: 467
2024-08-02 21:09:43,270 - INFO - Time: 14040000.0; timestep: 468
2024-08-02 21:09:43,301 - INFO - Time: 14070000.0; timestep: 469
2024-08-02 21:09:43,333 - INFO - Time: 14100000.0; timestep: 470
2024-08-02 21:09:43,366 - INFO - Time: 14130000.0; timestep: 471
2024-08-02 21:09:43,530 - INFO - Time: 14160000.0; timestep: 472
2024-08-02 21:09:43,561 - INFO - Time: 14190000.0; timestep: 473
2024-08-02 21:09:43,592 - INFO - Time: 14220000.0; timestep: 474
2024-08-02 21:09:43,625 - INFO - Time: 14250000.0; timestep: 475
2024-08-02 21:09:43,657 - INFO - Time: 14280000.0; timestep: 476
2024-08-02 21:09:43,820 - INFO - Time: 14310000.0; timestep: 477
2024-08-02 21:09:43,852 - INFO - Time: 14340000.0; timestep: 478
2024-08-02 21:09:43,886 - INFO - Time: 14370000.0; timestep: 479
2024-08-02 21:09:43,919 - INFO - Time: 14400000.0; timestep: 480
2024-08-02 21:09:43,952 - INFO - Time: 14430000.0; timestep: 481
2024-08-02 21:09:44,424 - INFO - Time: 14460000.0; timestep: 482
2024-08-02 21:09:44,455 - INFO - Time: 14490000.0; timestep: 483
2024-08-02 21:09:44,487 - INFO - Time: 14520000.0; timestep: 484
2024-08-02 21:09:44,519 - INFO - Time: 14550000.0; timestep: 485
2024-08-02 21:09:44,551 - INFO - Time: 14580000.0; timestep: 486
2024-08-02 21:09:44,714 - INFO - Time: 14610000.0; timestep: 487
2024-08-02 21:09:44,747 - INFO - Time: 14640000.0; timestep: 488
2024-08-02 21:09:44,778 - INFO - Time: 14670000.0; timestep: 489
2024-08-02 21:09:44,810 - INFO - Time: 14700000.0; timestep: 490
2024-08-02 21:09:44,843 - INFO - Time: 14730000.0; timestep: 491
2024-08-02 21:09:44,972 - INFO - Time: 14760000.0; timestep: 492
2024-08-02 21:09:45,021 - INFO - Time: 14790000.0; timestep: 493
2024-08-02 21:09:45,055 - INFO - Time: 14820000.0; timestep: 494
2024-08-02 21:09:45,089 - INFO - Time: 14850000.0; timestep: 495
2024-08-02 21:09:45,123 - INFO - Time: 14880000.0; timestep: 496
2024-08-02 21:09:45,255 - INFO - Time: 14910000.0; timestep: 497
2024-08-02 21:09:45,289 - INFO - Time: 14940000.0; timestep: 498
2024-08-02 21:09:45,320 - INFO - Time: 14970000.0; timestep: 499
2024-08-02 21:09:45,353 - INFO - Time: 15000000.0; timestep: 500
2024-08-02 21:09:45,354 - INFO - Finalize the model run
