2024-08-02 20:35:48,870 - INFO - Output log file initialized
2024-08-02 20:35:48,870 - INFO - pyDeltaRCM version 2.1.4
2024-08-02 20:35:48,870 - INFO - Python version 3.11.9 | packaged by conda-forge | (main, Apr 19 2024, 18:36:13) [GCC 12.3.0]
2024-08-02 20:35:48,870 - INFO - Platform: Linux-6.8.0-1011-aws-x86_64-with-glibc2.39
2024-08-02 20:35:48,870 - INFO - Setting up model configuration
2024-08-02 20:35:48,870 - INFO - Model type is: DeltaModel
2024-08-02 20:35:48,871 - INFO - Configuration variable `out_dir`: deltaRCM_Output
2024-08-02 20:35:48,871 - INFO - Configuration variable `verbose`: 0
2024-08-02 20:35:48,871 - INFO - Configuration variable `seed`: None
2024-08-02 20:35:48,871 - INFO - Configuration variable `Length`: 5000.0
2024-08-02 20:35:48,871 - INFO - Configuration variable `Width`: 10000.0
2024-08-02 20:35:48,871 - INFO - Configuration variable `dx`: 200
2024-08-02 20:35:48,871 - INFO - Configuration variable `L0_meters`: 150.0
2024-08-02 20:35:48,871 - INFO - Configuration variable `S0`: 0.00015
2024-08-02 20:35:48,871 - INFO - Configuration variable `itermax`: 3
2024-08-02 20:35:48,871 - INFO - Configuration variable `Np_water`: 200
2024-08-02 20:35:48,871 - INFO - Configuration variable `u0`: 1.0
2024-08-02 20:35:48,871 - INFO - Configuration variable `N0_meters`: 250.0
2024-08-02 20:35:48,871 - INFO - Configuration variable `h0`: 5.0
2024-08-02 20:35:48,871 - INFO - Configuration variable `hb`: None
2024-08-02 20:35:48,871 - INFO - Configuration variable `H_SL`: 0.0
2024-08-02 20:35:48,871 - INFO - Configuration variable `SLR`: 0.0
2024-08-02 20:35:48,871 - INFO - Configuration variable `Np_sed`: 50
2024-08-02 20:35:48,871 - INFO - Configuration variable `f_bedload`: 0.5
2024-08-02 20:35:48,871 - INFO - Configuration variable `active_layer_thickness`: None
2024-08-02 20:35:48,871 - INFO - Configuration variable `C0_percent`: 0.2
2024-08-02 20:35:48,871 - INFO - Configuration variable `Csmooth`: 0.9
2024-08-02 20:35:48,871 - INFO - Configuration variable `toggle_subsidence`: False
2024-08-02 20:35:48,871 - INFO - Configuration variable `subsidence_rate`: 2e-09
2024-08-02 20:35:48,871 - INFO - Configuration variable `start_subsidence`: 216000
2024-08-02 20:35:48,871 - INFO - Configuration variable `save_eta_figs`: False
2024-08-02 20:35:48,871 - INFO - Configuration variable `save_stage_figs`: False
2024-08-02 20:35:48,871 - INFO - Configuration variable `save_depth_figs`: False
2024-08-02 20:35:48,871 - INFO - Configuration variable `save_discharge_figs`: False
2024-08-02 20:35:48,871 - INFO - Configuration variable `save_velocity_figs`: False
2024-08-02 20:35:48,871 - INFO - Configuration variable `save_sedflux_figs`: False
2024-08-02 20:35:48,871 - INFO - Configuration variable `save_sandfrac_figs`: False
2024-08-02 20:35:48,871 - INFO - Configuration variable `save_figs_sequential`: True
2024-08-02 20:35:48,871 - INFO - Configuration variable `save_metadata`: False
2024-08-02 20:35:48,871 - INFO - Configuration variable `save_eta_grids`: True
2024-08-02 20:35:48,871 - INFO - Configuration variable `save_stage_grids`: False
2024-08-02 20:35:48,871 - INFO - Configuration variable `save_depth_grids`: False
2024-08-02 20:35:48,871 - INFO - Configuration variable `save_discharge_grids`: False
2024-08-02 20:35:48,871 - INFO - Configuration variable `save_velocity_grids`: False
2024-08-02 20:35:48,871 - INFO - Configuration variable `save_sedflux_grids`: False
2024-08-02 20:35:48,871 - INFO - Configuration variable `save_sandfrac_grids`: False
2024-08-02 20:35:48,871 - INFO - Configuration variable `save_discharge_components`: False
2024-08-02 20:35:48,871 - INFO - Configuration variable `save_velocity_components`: False
2024-08-02 20:35:48,871 - INFO - Configuration variable `save_dt`: 0
2024-08-02 20:35:48,871 - INFO - Configuration variable `checkpoint_dt`: None
2024-08-02 20:35:48,871 - INFO - Configuration variable `save_checkpoint`: False
2024-08-02 20:35:48,871 - INFO - Configuration variable `resume_checkpoint`: False
2024-08-02 20:35:48,871 - INFO - Configuration variable `omega_sfc`: 0.1
2024-08-02 20:35:48,871 - INFO - Configuration variable `omega_flow`: 0.9
2024-08-02 20:35:48,871 - INFO - Configuration variable `Nsmooth`: 10
2024-08-02 20:35:48,871 - INFO - Configuration variable `theta_water`: 1.0
2024-08-02 20:35:48,871 - INFO - Configuration variable `coeff_theta_sand`: 2.0
2024-08-02 20:35:48,871 - INFO - Configuration variable `coeff_theta_mud`: 1.0
2024-08-02 20:35:48,871 - INFO - Configuration variable `beta`: 3
2024-08-02 20:35:48,871 - INFO - Configuration variable `sed_lag`: 1.0
2024-08-02 20:35:48,871 - INFO - Configuration variable `coeff_U_dep_mud`: 0.3
2024-08-02 20:35:48,871 - INFO - Configuration variable `coeff_U_ero_mud`: 1.5
2024-08-02 20:35:48,871 - INFO - Configuration variable `coeff_U_ero_sand`: 1.05
2024-08-02 20:35:48,871 - INFO - Configuration variable `alpha`: 0.1
2024-08-02 20:35:48,871 - INFO - Configuration variable `stepmax`: None
2024-08-02 20:35:48,871 - INFO - Configuration variable `sand_frac_bc`: 0
2024-08-02 20:35:48,871 - INFO - Configuration variable `clobber_netcdf`: True
2024-08-02 20:35:48,871 - INFO - Configuration variable `legacy_netcdf`: False
2024-08-02 20:35:48,871 - INFO - Random seed is: 984428298 
2024-08-02 20:35:48,880 - INFO - Model initialization complete
2024-08-02 20:35:48,881 - INFO - Time: 0.0; timestep: 0
2024-08-02 20:35:50,814 - INFO - Time: 30000.0; timestep: 1
2024-08-02 20:35:50,968 - INFO - Time: 60000.0; timestep: 2
2024-08-02 20:35:51,003 - INFO - Time: 90000.0; timestep: 3
2024-08-02 20:35:51,038 - INFO - Time: 120000.0; timestep: 4
2024-08-02 20:35:51,070 - INFO - Time: 150000.0; timestep: 5
2024-08-02 20:35:51,103 - INFO - Time: 180000.0; timestep: 6
2024-08-02 20:35:51,248 - INFO - Time: 210000.0; timestep: 7
2024-08-02 20:35:51,280 - INFO - Time: 240000.0; timestep: 8
2024-08-02 20:35:51,312 - INFO - Time: 270000.0; timestep: 9
2024-08-02 20:35:51,343 - INFO - Time: 300000.0; timestep: 10
2024-08-02 20:35:51,375 - INFO - Time: 330000.0; timestep: 11
2024-08-02 20:35:51,717 - INFO - Time: 360000.0; timestep: 12
2024-08-02 20:35:51,749 - INFO - Time: 390000.0; timestep: 13
2024-08-02 20:35:51,781 - INFO - Time: 420000.0; timestep: 14
2024-08-02 20:35:51,814 - INFO - Time: 450000.0; timestep: 15
2024-08-02 20:35:51,845 - INFO - Time: 480000.0; timestep: 16
2024-08-02 20:35:51,995 - INFO - Time: 510000.0; timestep: 17
2024-08-02 20:35:52,028 - INFO - Time: 540000.0; timestep: 18
2024-08-02 20:35:52,059 - INFO - Time: 570000.0; timestep: 19
2024-08-02 20:35:52,090 - INFO - Time: 600000.0; timestep: 20
2024-08-02 20:35:52,122 - INFO - Time: 630000.0; timestep: 21
2024-08-02 20:35:52,250 - INFO - Time: 660000.0; timestep: 22
2024-08-02 20:35:52,281 - INFO - Time: 690000.0; timestep: 23
2024-08-02 20:35:52,313 - INFO - Time: 720000.0; timestep: 24
2024-08-02 20:35:52,346 - INFO - Time: 750000.0; timestep: 25
2024-08-02 20:35:52,378 - INFO - Time: 780000.0; timestep: 26
2024-08-02 20:35:52,536 - INFO - Time: 810000.0; timestep: 27
2024-08-02 20:35:52,568 - INFO - Time: 840000.0; timestep: 28
2024-08-02 20:35:52,599 - INFO - Time: 870000.0; timestep: 29
2024-08-02 20:35:52,630 - INFO - Time: 900000.0; timestep: 30
2024-08-02 20:35:52,663 - INFO - Time: 930000.0; timestep: 31
2024-08-02 20:35:52,828 - INFO - Time: 960000.0; timestep: 32
2024-08-02 20:35:52,862 - INFO - Time: 990000.0; timestep: 33
2024-08-02 20:35:52,895 - INFO - Time: 1020000.0; timestep: 34
2024-08-02 20:35:52,928 - INFO - Time: 1050000.0; timestep: 35
2024-08-02 20:35:52,960 - INFO - Time: 1080000.0; timestep: 36
2024-08-02 20:35:53,118 - INFO - Time: 1110000.0; timestep: 37
2024-08-02 20:35:53,150 - INFO - Time: 1140000.0; timestep: 38
2024-08-02 20:35:53,183 - INFO - Time: 1170000.0; timestep: 39
2024-08-02 20:35:53,214 - INFO - Time: 1200000.0; timestep: 40
2024-08-02 20:35:53,246 - INFO - Time: 1230000.0; timestep: 41
2024-08-02 20:35:53,397 - INFO - Time: 1260000.0; timestep: 42
2024-08-02 20:35:53,427 - INFO - Time: 1290000.0; timestep: 43
2024-08-02 20:35:53,459 - INFO - Time: 1320000.0; timestep: 44
2024-08-02 20:35:53,491 - INFO - Time: 1350000.0; timestep: 45
2024-08-02 20:35:53,522 - INFO - Time: 1380000.0; timestep: 46
2024-08-02 20:35:53,649 - INFO - Time: 1410000.0; timestep: 47
2024-08-02 20:35:53,679 - INFO - Time: 1440000.0; timestep: 48
2024-08-02 20:35:53,712 - INFO - Time: 1470000.0; timestep: 49
2024-08-02 20:35:53,743 - INFO - Time: 1500000.0; timestep: 50
2024-08-02 20:35:53,776 - INFO - Time: 1530000.0; timestep: 51
2024-08-02 20:35:53,931 - INFO - Time: 1560000.0; timestep: 52
2024-08-02 20:35:53,962 - INFO - Time: 1590000.0; timestep: 53
2024-08-02 20:35:53,993 - INFO - Time: 1620000.0; timestep: 54
2024-08-02 20:35:54,026 - INFO - Time: 1650000.0; timestep: 55
2024-08-02 20:35:54,057 - INFO - Time: 1680000.0; timestep: 56
2024-08-02 20:35:54,215 - INFO - Time: 1710000.0; timestep: 57
2024-08-02 20:35:54,245 - INFO - Time: 1740000.0; timestep: 58
2024-08-02 20:35:54,276 - INFO - Time: 1770000.0; timestep: 59
2024-08-02 20:35:54,309 - INFO - Time: 1800000.0; timestep: 60
2024-08-02 20:35:54,342 - INFO - Time: 1830000.0; timestep: 61
2024-08-02 20:35:54,468 - INFO - Time: 1860000.0; timestep: 62
2024-08-02 20:35:54,510 - INFO - Time: 1890000.0; timestep: 63
2024-08-02 20:35:54,543 - INFO - Time: 1920000.0; timestep: 64
2024-08-02 20:35:54,575 - INFO - Time: 1950000.0; timestep: 65
2024-08-02 20:35:54,607 - INFO - Time: 1980000.0; timestep: 66
2024-08-02 20:35:54,745 - INFO - Time: 2010000.0; timestep: 67
2024-08-02 20:35:54,776 - INFO - Time: 2040000.0; timestep: 68
2024-08-02 20:35:54,808 - INFO - Time: 2070000.0; timestep: 69
2024-08-02 20:35:54,840 - INFO - Time: 2100000.0; timestep: 70
2024-08-02 20:35:54,871 - INFO - Time: 2130000.0; timestep: 71
2024-08-02 20:35:55,028 - INFO - Time: 2160000.0; timestep: 72
2024-08-02 20:35:55,060 - INFO - Time: 2190000.0; timestep: 73
2024-08-02 20:35:55,092 - INFO - Time: 2220000.0; timestep: 74
2024-08-02 20:35:55,123 - INFO - Time: 2250000.0; timestep: 75
2024-08-02 20:35:55,155 - INFO - Time: 2280000.0; timestep: 76
2024-08-02 20:35:55,319 - INFO - Time: 2310000.0; timestep: 77
2024-08-02 20:35:55,351 - INFO - Time: 2340000.0; timestep: 78
2024-08-02 20:35:55,382 - INFO - Time: 2370000.0; timestep: 79
2024-08-02 20:35:55,412 - INFO - Time: 2400000.0; timestep: 80
2024-08-02 20:35:55,444 - INFO - Time: 2430000.0; timestep: 81
2024-08-02 20:35:55,596 - INFO - Time: 2460000.0; timestep: 82
2024-08-02 20:35:55,627 - INFO - Time: 2490000.0; timestep: 83
2024-08-02 20:35:55,658 - INFO - Time: 2520000.0; timestep: 84
2024-08-02 20:35:55,690 - INFO - Time: 2550000.0; timestep: 85
2024-08-02 20:35:55,721 - INFO - Time: 2580000.0; timestep: 86
2024-08-02 20:35:55,847 - INFO - Time: 2610000.0; timestep: 87
2024-08-02 20:35:55,879 - INFO - Time: 2640000.0; timestep: 88
2024-08-02 20:35:55,917 - INFO - Time: 2670000.0; timestep: 89
2024-08-02 20:35:55,950 - INFO - Time: 2700000.0; timestep: 90
2024-08-02 20:35:55,981 - INFO - Time: 2730000.0; timestep: 91
2024-08-02 20:35:56,135 - INFO - Time: 2760000.0; timestep: 92
2024-08-02 20:35:56,167 - INFO - Time: 2790000.0; timestep: 93
2024-08-02 20:35:56,199 - INFO - Time: 2820000.0; timestep: 94
2024-08-02 20:35:56,231 - INFO - Time: 2850000.0; timestep: 95
2024-08-02 20:35:56,264 - INFO - Time: 2880000.0; timestep: 96
2024-08-02 20:35:56,610 - INFO - Time: 2910000.0; timestep: 97
2024-08-02 20:35:56,640 - INFO - Time: 2940000.0; timestep: 98
2024-08-02 20:35:56,671 - INFO - Time: 2970000.0; timestep: 99
2024-08-02 20:35:56,701 - INFO - Time: 3000000.0; timestep: 100
2024-08-02 20:35:56,731 - INFO - Time: 3030000.0; timestep: 101
2024-08-02 20:35:56,857 - INFO - Time: 3060000.0; timestep: 102
2024-08-02 20:35:56,888 - INFO - Time: 3090000.0; timestep: 103
2024-08-02 20:35:56,919 - INFO - Time: 3120000.0; timestep: 104
2024-08-02 20:35:56,950 - INFO - Time: 3150000.0; timestep: 105
2024-08-02 20:35:56,983 - INFO - Time: 3180000.0; timestep: 106
2024-08-02 20:35:57,136 - INFO - Time: 3210000.0; timestep: 107
2024-08-02 20:35:57,168 - INFO - Time: 3240000.0; timestep: 108
2024-08-02 20:35:57,198 - INFO - Time: 3270000.0; timestep: 109
2024-08-02 20:35:57,229 - INFO - Time: 3300000.0; timestep: 110
2024-08-02 20:35:57,260 - INFO - Time: 3330000.0; timestep: 111
2024-08-02 20:35:57,419 - INFO - Time: 3360000.0; timestep: 112
2024-08-02 20:35:57,453 - INFO - Time: 3390000.0; timestep: 113
2024-08-02 20:35:57,484 - INFO - Time: 3420000.0; timestep: 114
2024-08-02 20:35:57,515 - INFO - Time: 3450000.0; timestep: 115
2024-08-02 20:35:57,546 - INFO - Time: 3480000.0; timestep: 116
2024-08-02 20:35:57,671 - INFO - Time: 3510000.0; timestep: 117
2024-08-02 20:35:57,726 - INFO - Time: 3540000.0; timestep: 118
2024-08-02 20:35:57,758 - INFO - Time: 3570000.0; timestep: 119
2024-08-02 20:35:57,790 - INFO - Time: 3600000.0; timestep: 120
2024-08-02 20:35:57,823 - INFO - Time: 3630000.0; timestep: 121
2024-08-02 20:35:57,950 - INFO - Time: 3660000.0; timestep: 122
2024-08-02 20:35:57,984 - INFO - Time: 3690000.0; timestep: 123
2024-08-02 20:35:58,014 - INFO - Time: 3720000.0; timestep: 124
2024-08-02 20:35:58,045 - INFO - Time: 3750000.0; timestep: 125
2024-08-02 20:35:58,076 - INFO - Time: 3780000.0; timestep: 126
2024-08-02 20:35:58,238 - INFO - Time: 3810000.0; timestep: 127
2024-08-02 20:35:58,269 - INFO - Time: 3840000.0; timestep: 128
2024-08-02 20:35:58,300 - INFO - Time: 3870000.0; timestep: 129
2024-08-02 20:35:58,333 - INFO - Time: 3900000.0; timestep: 130
2024-08-02 20:35:58,365 - INFO - Time: 3930000.0; timestep: 131
2024-08-02 20:35:58,525 - INFO - Time: 3960000.0; timestep: 132
2024-08-02 20:35:58,556 - INFO - Time: 3990000.0; timestep: 133
2024-08-02 20:35:58,588 - INFO - Time: 4020000.0; timestep: 134
2024-08-02 20:35:58,619 - INFO - Time: 4050000.0; timestep: 135
2024-08-02 20:35:58,652 - INFO - Time: 4080000.0; timestep: 136
2024-08-02 20:35:58,808 - INFO - Time: 4110000.0; timestep: 137
2024-08-02 20:35:58,837 - INFO - Time: 4140000.0; timestep: 138
2024-08-02 20:35:58,870 - INFO - Time: 4170000.0; timestep: 139
2024-08-02 20:35:58,902 - INFO - Time: 4200000.0; timestep: 140
2024-08-02 20:35:58,933 - INFO - Time: 4230000.0; timestep: 141
2024-08-02 20:35:59,059 - INFO - Time: 4260000.0; timestep: 142
2024-08-02 20:35:59,091 - INFO - Time: 4290000.0; timestep: 143
2024-08-02 20:35:59,123 - INFO - Time: 4320000.0; timestep: 144
2024-08-02 20:35:59,155 - INFO - Time: 4350000.0; timestep: 145
2024-08-02 20:35:59,186 - INFO - Time: 4380000.0; timestep: 146
2024-08-02 20:35:59,339 - INFO - Time: 4410000.0; timestep: 147
2024-08-02 20:35:59,372 - INFO - Time: 4440000.0; timestep: 148
2024-08-02 20:35:59,402 - INFO - Time: 4470000.0; timestep: 149
2024-08-02 20:35:59,433 - INFO - Time: 4500000.0; timestep: 150
2024-08-02 20:35:59,464 - INFO - Time: 4530000.0; timestep: 151
2024-08-02 20:35:59,624 - INFO - Time: 4560000.0; timestep: 152
2024-08-02 20:35:59,655 - INFO - Time: 4590000.0; timestep: 153
2024-08-02 20:35:59,686 - INFO - Time: 4620000.0; timestep: 154
2024-08-02 20:35:59,717 - INFO - Time: 4650000.0; timestep: 155
2024-08-02 20:35:59,747 - INFO - Time: 4680000.0; timestep: 156
2024-08-02 20:35:59,875 - INFO - Time: 4710000.0; timestep: 157
2024-08-02 20:35:59,926 - INFO - Time: 4740000.0; timestep: 158
2024-08-02 20:35:59,958 - INFO - Time: 4770000.0; timestep: 159
2024-08-02 20:35:59,990 - INFO - Time: 4800000.0; timestep: 160
2024-08-02 20:36:00,022 - INFO - Time: 4830000.0; timestep: 161
2024-08-02 20:36:00,152 - INFO - Time: 4860000.0; timestep: 162
2024-08-02 20:36:00,181 - INFO - Time: 4890000.0; timestep: 163
2024-08-02 20:36:00,212 - INFO - Time: 4920000.0; timestep: 164
2024-08-02 20:36:00,244 - INFO - Time: 4950000.0; timestep: 165
2024-08-02 20:36:00,274 - INFO - Time: 4980000.0; timestep: 166
2024-08-02 20:36:00,427 - INFO - Time: 5010000.0; timestep: 167
2024-08-02 20:36:00,458 - INFO - Time: 5040000.0; timestep: 168
2024-08-02 20:36:00,489 - INFO - Time: 5070000.0; timestep: 169
2024-08-02 20:36:00,522 - INFO - Time: 5100000.0; timestep: 170
2024-08-02 20:36:00,554 - INFO - Time: 5130000.0; timestep: 171
2024-08-02 20:36:00,713 - INFO - Time: 5160000.0; timestep: 172
2024-08-02 20:36:00,743 - INFO - Time: 5190000.0; timestep: 173
2024-08-02 20:36:00,777 - INFO - Time: 5220000.0; timestep: 174
2024-08-02 20:36:00,808 - INFO - Time: 5250000.0; timestep: 175
2024-08-02 20:36:00,840 - INFO - Time: 5280000.0; timestep: 176
2024-08-02 20:36:01,007 - INFO - Time: 5310000.0; timestep: 177
2024-08-02 20:36:01,039 - INFO - Time: 5340000.0; timestep: 178
2024-08-02 20:36:01,070 - INFO - Time: 5370000.0; timestep: 179
2024-08-02 20:36:01,102 - INFO - Time: 5400000.0; timestep: 180
2024-08-02 20:36:01,134 - INFO - Time: 5430000.0; timestep: 181
2024-08-02 20:36:01,263 - INFO - Time: 5460000.0; timestep: 182
2024-08-02 20:36:01,309 - INFO - Time: 5490000.0; timestep: 183
2024-08-02 20:36:01,340 - INFO - Time: 5520000.0; timestep: 184
2024-08-02 20:36:01,372 - INFO - Time: 5550000.0; timestep: 185
2024-08-02 20:36:01,403 - INFO - Time: 5580000.0; timestep: 186
2024-08-02 20:36:01,547 - INFO - Time: 5610000.0; timestep: 187
2024-08-02 20:36:01,579 - INFO - Time: 5640000.0; timestep: 188
2024-08-02 20:36:01,609 - INFO - Time: 5670000.0; timestep: 189
2024-08-02 20:36:01,641 - INFO - Time: 5700000.0; timestep: 190
2024-08-02 20:36:01,671 - INFO - Time: 5730000.0; timestep: 191
2024-08-02 20:36:02,040 - INFO - Time: 5760000.0; timestep: 192
2024-08-02 20:36:02,071 - INFO - Time: 5790000.0; timestep: 193
2024-08-02 20:36:02,101 - INFO - Time: 5820000.0; timestep: 194
2024-08-02 20:36:02,132 - INFO - Time: 5850000.0; timestep: 195
2024-08-02 20:36:02,164 - INFO - Time: 5880000.0; timestep: 196
2024-08-02 20:36:02,331 - INFO - Time: 5910000.0; timestep: 197
2024-08-02 20:36:02,362 - INFO - Time: 5940000.0; timestep: 198
2024-08-02 20:36:02,393 - INFO - Time: 5970000.0; timestep: 199
2024-08-02 20:36:02,426 - INFO - Time: 6000000.0; timestep: 200
2024-08-02 20:36:02,458 - INFO - Time: 6030000.0; timestep: 201
2024-08-02 20:36:02,616 - INFO - Time: 6060000.0; timestep: 202
2024-08-02 20:36:02,647 - INFO - Time: 6090000.0; timestep: 203
2024-08-02 20:36:02,677 - INFO - Time: 6120000.0; timestep: 204
2024-08-02 20:36:02,708 - INFO - Time: 6150000.0; timestep: 205
2024-08-02 20:36:02,740 - INFO - Time: 6180000.0; timestep: 206
2024-08-02 20:36:02,872 - INFO - Time: 6210000.0; timestep: 207
2024-08-02 20:36:02,915 - INFO - Time: 6240000.0; timestep: 208
2024-08-02 20:36:02,947 - INFO - Time: 6270000.0; timestep: 209
2024-08-02 20:36:02,980 - INFO - Time: 6300000.0; timestep: 210
2024-08-02 20:36:03,010 - INFO - Time: 6330000.0; timestep: 211
2024-08-02 20:36:03,148 - INFO - Time: 6360000.0; timestep: 212
2024-08-02 20:36:03,181 - INFO - Time: 6390000.0; timestep: 213
2024-08-02 20:36:03,213 - INFO - Time: 6420000.0; timestep: 214
2024-08-02 20:36:03,245 - INFO - Time: 6450000.0; timestep: 215
2024-08-02 20:36:03,277 - INFO - Time: 6480000.0; timestep: 216
2024-08-02 20:36:03,437 - INFO - Time: 6510000.0; timestep: 217
2024-08-02 20:36:03,469 - INFO - Time: 6540000.0; timestep: 218
2024-08-02 20:36:03,500 - INFO - Time: 6570000.0; timestep: 219
2024-08-02 20:36:03,533 - INFO - Time: 6600000.0; timestep: 220
2024-08-02 20:36:03,563 - INFO - Time: 6630000.0; timestep: 221
2024-08-02 20:36:03,720 - INFO - Time: 6660000.0; timestep: 222
2024-08-02 20:36:03,752 - INFO - Time: 6690000.0; timestep: 223
2024-08-02 20:36:03,783 - INFO - Time: 6720000.0; timestep: 224
2024-08-02 20:36:03,815 - INFO - Time: 6750000.0; timestep: 225
2024-08-02 20:36:03,846 - INFO - Time: 6780000.0; timestep: 226
2024-08-02 20:36:03,996 - INFO - Time: 6810000.0; timestep: 227
2024-08-02 20:36:04,028 - INFO - Time: 6840000.0; timestep: 228
2024-08-02 20:36:04,058 - INFO - Time: 6870000.0; timestep: 229
2024-08-02 20:36:04,089 - INFO - Time: 6900000.0; timestep: 230
2024-08-02 20:36:04,120 - INFO - Time: 6930000.0; timestep: 231
2024-08-02 20:36:04,248 - INFO - Time: 6960000.0; timestep: 232
2024-08-02 20:36:04,279 - INFO - Time: 6990000.0; timestep: 233
2024-08-02 20:36:04,312 - INFO - Time: 7020000.0; timestep: 234
2024-08-02 20:36:04,344 - INFO - Time: 7050000.0; timestep: 235
2024-08-02 20:36:04,374 - INFO - Time: 7080000.0; timestep: 236
2024-08-02 20:36:04,534 - INFO - Time: 7110000.0; timestep: 237
2024-08-02 20:36:04,565 - INFO - Time: 7140000.0; timestep: 238
2024-08-02 20:36:04,599 - INFO - Time: 7170000.0; timestep: 239
2024-08-02 20:36:04,630 - INFO - Time: 7200000.0; timestep: 240
2024-08-02 20:36:04,663 - INFO - Time: 7230000.0; timestep: 241
2024-08-02 20:36:04,819 - INFO - Time: 7260000.0; timestep: 242
2024-08-02 20:36:04,850 - INFO - Time: 7290000.0; timestep: 243
2024-08-02 20:36:04,884 - INFO - Time: 7320000.0; timestep: 244
2024-08-02 20:36:04,914 - INFO - Time: 7350000.0; timestep: 245
2024-08-02 20:36:04,944 - INFO - Time: 7380000.0; timestep: 246
2024-08-02 20:36:05,071 - INFO - Time: 7410000.0; timestep: 247
2024-08-02 20:36:05,118 - INFO - Time: 7440000.0; timestep: 248
2024-08-02 20:36:05,150 - INFO - Time: 7470000.0; timestep: 249
2024-08-02 20:36:05,181 - INFO - Time: 7500000.0; timestep: 250
2024-08-02 20:36:05,213 - INFO - Time: 7530000.0; timestep: 251
2024-08-02 20:36:05,348 - INFO - Time: 7560000.0; timestep: 252
2024-08-02 20:36:05,380 - INFO - Time: 7590000.0; timestep: 253
2024-08-02 20:36:05,412 - INFO - Time: 7620000.0; timestep: 254
2024-08-02 20:36:05,443 - INFO - Time: 7650000.0; timestep: 255
2024-08-02 20:36:05,473 - INFO - Time: 7680000.0; timestep: 256
2024-08-02 20:36:05,632 - INFO - Time: 7710000.0; timestep: 257
2024-08-02 20:36:05,663 - INFO - Time: 7740000.0; timestep: 258
2024-08-02 20:36:05,695 - INFO - Time: 7770000.0; timestep: 259
2024-08-02 20:36:05,726 - INFO - Time: 7800000.0; timestep: 260
2024-08-02 20:36:05,758 - INFO - Time: 7830000.0; timestep: 261
2024-08-02 20:36:05,916 - INFO - Time: 7860000.0; timestep: 262
2024-08-02 20:36:05,948 - INFO - Time: 7890000.0; timestep: 263
2024-08-02 20:36:05,979 - INFO - Time: 7920000.0; timestep: 264
2024-08-02 20:36:06,012 - INFO - Time: 7950000.0; timestep: 265
2024-08-02 20:36:06,043 - INFO - Time: 7980000.0; timestep: 266
2024-08-02 20:36:06,171 - INFO - Time: 8010000.0; timestep: 267
2024-08-02 20:36:06,213 - INFO - Time: 8040000.0; timestep: 268
2024-08-02 20:36:06,245 - INFO - Time: 8070000.0; timestep: 269
2024-08-02 20:36:06,276 - INFO - Time: 8100000.0; timestep: 270
2024-08-02 20:36:06,308 - INFO - Time: 8130000.0; timestep: 271
2024-08-02 20:36:06,451 - INFO - Time: 8160000.0; timestep: 272
2024-08-02 20:36:06,483 - INFO - Time: 8190000.0; timestep: 273
2024-08-02 20:36:06,514 - INFO - Time: 8220000.0; timestep: 274
2024-08-02 20:36:06,546 - INFO - Time: 8250000.0; timestep: 275
2024-08-02 20:36:06,579 - INFO - Time: 8280000.0; timestep: 276
2024-08-02 20:36:06,735 - INFO - Time: 8310000.0; timestep: 277
2024-08-02 20:36:06,765 - INFO - Time: 8340000.0; timestep: 278
2024-08-02 20:36:06,796 - INFO - Time: 8370000.0; timestep: 279
2024-08-02 20:36:06,827 - INFO - Time: 8400000.0; timestep: 280
2024-08-02 20:36:06,858 - INFO - Time: 8430000.0; timestep: 281
2024-08-02 20:36:07,254 - INFO - Time: 8460000.0; timestep: 282
2024-08-02 20:36:07,287 - INFO - Time: 8490000.0; timestep: 283
2024-08-02 20:36:07,318 - INFO - Time: 8520000.0; timestep: 284
2024-08-02 20:36:07,351 - INFO - Time: 8550000.0; timestep: 285
2024-08-02 20:36:07,382 - INFO - Time: 8580000.0; timestep: 286
2024-08-02 20:36:07,539 - INFO - Time: 8610000.0; timestep: 287
2024-08-02 20:36:07,571 - INFO - Time: 8640000.0; timestep: 288
2024-08-02 20:36:07,602 - INFO - Time: 8670000.0; timestep: 289
2024-08-02 20:36:07,634 - INFO - Time: 8700000.0; timestep: 290
2024-08-02 20:36:07,665 - INFO - Time: 8730000.0; timestep: 291
2024-08-02 20:36:07,827 - INFO - Time: 8760000.0; timestep: 292
2024-08-02 20:36:07,859 - INFO - Time: 8790000.0; timestep: 293
2024-08-02 20:36:07,891 - INFO - Time: 8820000.0; timestep: 294
2024-08-02 20:36:07,922 - INFO - Time: 8850000.0; timestep: 295
2024-08-02 20:36:07,954 - INFO - Time: 8880000.0; timestep: 296
2024-08-02 20:36:08,118 - INFO - Time: 8910000.0; timestep: 297
2024-08-02 20:36:08,152 - INFO - Time: 8940000.0; timestep: 298
2024-08-02 20:36:08,183 - INFO - Time: 8970000.0; timestep: 299
2024-08-02 20:36:08,219 - INFO - Time: 9000000.0; timestep: 300
2024-08-02 20:36:08,251 - INFO - Time: 9030000.0; timestep: 301
2024-08-02 20:36:08,408 - INFO - Time: 9060000.0; timestep: 302
2024-08-02 20:36:08,440 - INFO - Time: 9090000.0; timestep: 303
2024-08-02 20:36:08,472 - INFO - Time: 9120000.0; timestep: 304
2024-08-02 20:36:08,504 - INFO - Time: 9150000.0; timestep: 305
2024-08-02 20:36:08,536 - INFO - Time: 9180000.0; timestep: 306
2024-08-02 20:36:08,666 - INFO - Time: 9210000.0; timestep: 307
2024-08-02 20:36:08,701 - INFO - Time: 9240000.0; timestep: 308
2024-08-02 20:36:08,734 - INFO - Time: 9270000.0; timestep: 309
2024-08-02 20:36:08,765 - INFO - Time: 9300000.0; timestep: 310
2024-08-02 20:36:08,796 - INFO - Time: 9330000.0; timestep: 311
2024-08-02 20:36:08,943 - INFO - Time: 9360000.0; timestep: 312
2024-08-02 20:36:08,975 - INFO - Time: 9390000.0; timestep: 313
2024-08-02 20:36:09,006 - INFO - Time: 9420000.0; timestep: 314
2024-08-02 20:36:09,043 - INFO - Time: 9450000.0; timestep: 315
2024-08-02 20:36:09,074 - INFO - Time: 9480000.0; timestep: 316
2024-08-02 20:36:09,242 - INFO - Time: 9510000.0; timestep: 317
2024-08-02 20:36:09,275 - INFO - Time: 9540000.0; timestep: 318
2024-08-02 20:36:09,306 - INFO - Time: 9570000.0; timestep: 319
2024-08-02 20:36:09,337 - INFO - Time: 9600000.0; timestep: 320
2024-08-02 20:36:09,370 - INFO - Time: 9630000.0; timestep: 321
2024-08-02 20:36:09,530 - INFO - Time: 9660000.0; timestep: 322
2024-08-02 20:36:09,561 - INFO - Time: 9690000.0; timestep: 323
2024-08-02 20:36:09,592 - INFO - Time: 9720000.0; timestep: 324
2024-08-02 20:36:09,622 - INFO - Time: 9750000.0; timestep: 325
2024-08-02 20:36:09,654 - INFO - Time: 9780000.0; timestep: 326
2024-08-02 20:36:09,814 - INFO - Time: 9810000.0; timestep: 327
2024-08-02 20:36:09,847 - INFO - Time: 9840000.0; timestep: 328
2024-08-02 20:36:09,878 - INFO - Time: 9870000.0; timestep: 329
2024-08-02 20:36:09,910 - INFO - Time: 9900000.0; timestep: 330
2024-08-02 20:36:09,941 - INFO - Time: 9930000.0; timestep: 331
2024-08-02 20:36:10,074 - INFO - Time: 9960000.0; timestep: 332
2024-08-02 20:36:10,121 - INFO - Time: 9990000.0; timestep: 333
2024-08-02 20:36:10,152 - INFO - Time: 10020000.0; timestep: 334
2024-08-02 20:36:10,183 - INFO - Time: 10050000.0; timestep: 335
2024-08-02 20:36:10,221 - INFO - Time: 10080000.0; timestep: 336
2024-08-02 20:36:10,360 - INFO - Time: 10110000.0; timestep: 337
2024-08-02 20:36:10,391 - INFO - Time: 10140000.0; timestep: 338
2024-08-02 20:36:10,421 - INFO - Time: 10170000.0; timestep: 339
2024-08-02 20:36:10,453 - INFO - Time: 10200000.0; timestep: 340
2024-08-02 20:36:10,486 - INFO - Time: 10230000.0; timestep: 341
2024-08-02 20:36:10,641 - INFO - Time: 10260000.0; timestep: 342
2024-08-02 20:36:10,673 - INFO - Time: 10290000.0; timestep: 343
2024-08-02 20:36:10,703 - INFO - Time: 10320000.0; timestep: 344
2024-08-02 20:36:10,734 - INFO - Time: 10350000.0; timestep: 345
2024-08-02 20:36:10,767 - INFO - Time: 10380000.0; timestep: 346
2024-08-02 20:36:10,929 - INFO - Time: 10410000.0; timestep: 347
2024-08-02 20:36:10,960 - INFO - Time: 10440000.0; timestep: 348
2024-08-02 20:36:10,990 - INFO - Time: 10470000.0; timestep: 349
2024-08-02 20:36:11,022 - INFO - Time: 10500000.0; timestep: 350
2024-08-02 20:36:11,053 - INFO - Time: 10530000.0; timestep: 351
2024-08-02 20:36:11,211 - INFO - Time: 10560000.0; timestep: 352
2024-08-02 20:36:11,242 - INFO - Time: 10590000.0; timestep: 353
2024-08-02 20:36:11,275 - INFO - Time: 10620000.0; timestep: 354
2024-08-02 20:36:11,309 - INFO - Time: 10650000.0; timestep: 355
2024-08-02 20:36:11,343 - INFO - Time: 10680000.0; timestep: 356
2024-08-02 20:36:11,500 - INFO - Time: 10710000.0; timestep: 357
2024-08-02 20:36:11,532 - INFO - Time: 10740000.0; timestep: 358
2024-08-02 20:36:11,565 - INFO - Time: 10770000.0; timestep: 359
2024-08-02 20:36:11,597 - INFO - Time: 10800000.0; timestep: 360
2024-08-02 20:36:11,631 - INFO - Time: 10830000.0; timestep: 361
2024-08-02 20:36:11,766 - INFO - Time: 10860000.0; timestep: 362
2024-08-02 20:36:11,797 - INFO - Time: 10890000.0; timestep: 363
2024-08-02 20:36:11,827 - INFO - Time: 10920000.0; timestep: 364
2024-08-02 20:36:11,859 - INFO - Time: 10950000.0; timestep: 365
2024-08-02 20:36:11,891 - INFO - Time: 10980000.0; timestep: 366
2024-08-02 20:36:12,044 - INFO - Time: 11010000.0; timestep: 367
2024-08-02 20:36:12,076 - INFO - Time: 11040000.0; timestep: 368
2024-08-02 20:36:12,108 - INFO - Time: 11070000.0; timestep: 369
2024-08-02 20:36:12,140 - INFO - Time: 11100000.0; timestep: 370
2024-08-02 20:36:12,171 - INFO - Time: 11130000.0; timestep: 371
2024-08-02 20:36:12,539 - INFO - Time: 11160000.0; timestep: 372
2024-08-02 20:36:12,570 - INFO - Time: 11190000.0; timestep: 373
2024-08-02 20:36:12,601 - INFO - Time: 11220000.0; timestep: 374
2024-08-02 20:36:12,634 - INFO - Time: 11250000.0; timestep: 375
2024-08-02 20:36:12,666 - INFO - Time: 11280000.0; timestep: 376
2024-08-02 20:36:12,829 - INFO - Time: 11310000.0; timestep: 377
2024-08-02 20:36:12,865 - INFO - Time: 11340000.0; timestep: 378
2024-08-02 20:36:12,896 - INFO - Time: 11370000.0; timestep: 379
2024-08-02 20:36:12,927 - INFO - Time: 11400000.0; timestep: 380
2024-08-02 20:36:12,958 - INFO - Time: 11430000.0; timestep: 381
2024-08-02 20:36:13,118 - INFO - Time: 11460000.0; timestep: 382
2024-08-02 20:36:13,148 - INFO - Time: 11490000.0; timestep: 383
2024-08-02 20:36:13,179 - INFO - Time: 11520000.0; timestep: 384
2024-08-02 20:36:13,210 - INFO - Time: 11550000.0; timestep: 385
2024-08-02 20:36:13,241 - INFO - Time: 11580000.0; timestep: 386
2024-08-02 20:36:13,369 - INFO - Time: 11610000.0; timestep: 387
2024-08-02 20:36:13,413 - INFO - Time: 11640000.0; timestep: 388
2024-08-02 20:36:13,446 - INFO - Time: 11670000.0; timestep: 389
2024-08-02 20:36:13,478 - INFO - Time: 11700000.0; timestep: 390
2024-08-02 20:36:13,510 - INFO - Time: 11730000.0; timestep: 391
2024-08-02 20:36:13,654 - INFO - Time: 11760000.0; timestep: 392
2024-08-02 20:36:13,686 - INFO - Time: 11790000.0; timestep: 393
2024-08-02 20:36:13,719 - INFO - Time: 11820000.0; timestep: 394
2024-08-02 20:36:13,755 - INFO - Time: 11850000.0; timestep: 395
2024-08-02 20:36:13,788 - INFO - Time: 11880000.0; timestep: 396
2024-08-02 20:36:13,942 - INFO - Time: 11910000.0; timestep: 397
2024-08-02 20:36:13,975 - INFO - Time: 11940000.0; timestep: 398
2024-08-02 20:36:14,010 - INFO - Time: 11970000.0; timestep: 399
2024-08-02 20:36:14,041 - INFO - Time: 12000000.0; timestep: 400
2024-08-02 20:36:14,074 - INFO - Time: 12030000.0; timestep: 401
2024-08-02 20:36:14,246 - INFO - Time: 12060000.0; timestep: 402
2024-08-02 20:36:14,277 - INFO - Time: 12090000.0; timestep: 403
2024-08-02 20:36:14,310 - INFO - Time: 12120000.0; timestep: 404
2024-08-02 20:36:14,343 - INFO - Time: 12150000.0; timestep: 405
2024-08-02 20:36:14,375 - INFO - Time: 12180000.0; timestep: 406
2024-08-02 20:36:14,532 - INFO - Time: 12210000.0; timestep: 407
2024-08-02 20:36:14,563 - INFO - Time: 12240000.0; timestep: 408
2024-08-02 20:36:14,593 - INFO - Time: 12270000.0; timestep: 409
2024-08-02 20:36:14,624 - INFO - Time: 12300000.0; timestep: 410
2024-08-02 20:36:14,656 - INFO - Time: 12330000.0; timestep: 411
2024-08-02 20:36:14,819 - INFO - Time: 12360000.0; timestep: 412
2024-08-02 20:36:14,850 - INFO - Time: 12390000.0; timestep: 413
2024-08-02 20:36:14,881 - INFO - Time: 12420000.0; timestep: 414
2024-08-02 20:36:14,914 - INFO - Time: 12450000.0; timestep: 415
2024-08-02 20:36:14,945 - INFO - Time: 12480000.0; timestep: 416
2024-08-02 20:36:15,100 - INFO - Time: 12510000.0; timestep: 417
2024-08-02 20:36:15,131 - INFO - Time: 12540000.0; timestep: 418
2024-08-02 20:36:15,164 - INFO - Time: 12570000.0; timestep: 419
2024-08-02 20:36:15,196 - INFO - Time: 12600000.0; timestep: 420
2024-08-02 20:36:15,229 - INFO - Time: 12630000.0; timestep: 421
2024-08-02 20:36:15,356 - INFO - Time: 12660000.0; timestep: 422
2024-08-02 20:36:15,389 - INFO - Time: 12690000.0; timestep: 423
2024-08-02 20:36:15,419 - INFO - Time: 12720000.0; timestep: 424
2024-08-02 20:36:15,451 - INFO - Time: 12750000.0; timestep: 425
2024-08-02 20:36:15,483 - INFO - Time: 12780000.0; timestep: 426
2024-08-02 20:36:15,639 - INFO - Time: 12810000.0; timestep: 427
2024-08-02 20:36:15,670 - INFO - Time: 12840000.0; timestep: 428
2024-08-02 20:36:15,703 - INFO - Time: 12870000.0; timestep: 429
2024-08-02 20:36:15,735 - INFO - Time: 12900000.0; timestep: 430
2024-08-02 20:36:15,766 - INFO - Time: 12930000.0; timestep: 431
2024-08-02 20:36:15,927 - INFO - Time: 12960000.0; timestep: 432
2024-08-02 20:36:15,960 - INFO - Time: 12990000.0; timestep: 433
2024-08-02 20:36:15,992 - INFO - Time: 13020000.0; timestep: 434
2024-08-02 20:36:16,023 - INFO - Time: 13050000.0; timestep: 435
2024-08-02 20:36:16,054 - INFO - Time: 13080000.0; timestep: 436
2024-08-02 20:36:16,214 - INFO - Time: 13110000.0; timestep: 437
2024-08-02 20:36:16,247 - INFO - Time: 13140000.0; timestep: 438
2024-08-02 20:36:16,281 - INFO - Time: 13170000.0; timestep: 439
2024-08-02 20:36:16,311 - INFO - Time: 13200000.0; timestep: 440
2024-08-02 20:36:16,343 - INFO - Time: 13230000.0; timestep: 441
2024-08-02 20:36:16,470 - INFO - Time: 13260000.0; timestep: 442
2024-08-02 20:36:16,514 - INFO - Time: 13290000.0; timestep: 443
2024-08-02 20:36:16,546 - INFO - Time: 13320000.0; timestep: 444
2024-08-02 20:36:16,576 - INFO - Time: 13350000.0; timestep: 445
2024-08-02 20:36:16,609 - INFO - Time: 13380000.0; timestep: 446
2024-08-02 20:36:16,748 - INFO - Time: 13410000.0; timestep: 447
2024-08-02 20:36:16,779 - INFO - Time: 13440000.0; timestep: 448
2024-08-02 20:36:16,810 - INFO - Time: 13470000.0; timestep: 449
2024-08-02 20:36:16,842 - INFO - Time: 13500000.0; timestep: 450
2024-08-02 20:36:16,875 - INFO - Time: 13530000.0; timestep: 451
2024-08-02 20:36:17,035 - INFO - Time: 13560000.0; timestep: 452
2024-08-02 20:36:17,066 - INFO - Time: 13590000.0; timestep: 453
2024-08-02 20:36:17,098 - INFO - Time: 13620000.0; timestep: 454
2024-08-02 20:36:17,131 - INFO - Time: 13650000.0; timestep: 455
2024-08-02 20:36:17,162 - INFO - Time: 13680000.0; timestep: 456
2024-08-02 20:36:17,324 - INFO - Time: 13710000.0; timestep: 457
2024-08-02 20:36:17,356 - INFO - Time: 13740000.0; timestep: 458
2024-08-02 20:36:17,387 - INFO - Time: 13770000.0; timestep: 459
2024-08-02 20:36:17,420 - INFO - Time: 13800000.0; timestep: 460
2024-08-02 20:36:17,454 - INFO - Time: 13830000.0; timestep: 461
2024-08-02 20:36:17,825 - INFO - Time: 13860000.0; timestep: 462
2024-08-02 20:36:17,857 - INFO - Time: 13890000.0; timestep: 463
2024-08-02 20:36:17,889 - INFO - Time: 13920000.0; timestep: 464
2024-08-02 20:36:17,921 - INFO - Time: 13950000.0; timestep: 465
2024-08-02 20:36:17,954 - INFO - Time: 13980000.0; timestep: 466
2024-08-02 20:36:18,113 - INFO - Time: 14010000.0; timestep: 467
2024-08-02 20:36:18,145 - INFO - Time: 14040000.0; timestep: 468
2024-08-02 20:36:18,178 - INFO - Time: 14070000.0; timestep: 469
2024-08-02 20:36:18,210 - INFO - Time: 14100000.0; timestep: 470
2024-08-02 20:36:18,245 - INFO - Time: 14130000.0; timestep: 471
2024-08-02 20:36:18,373 - INFO - Time: 14160000.0; timestep: 472
2024-08-02 20:36:18,433 - INFO - Time: 14190000.0; timestep: 473
2024-08-02 20:36:18,465 - INFO - Time: 14220000.0; timestep: 474
2024-08-02 20:36:18,497 - INFO - Time: 14250000.0; timestep: 475
2024-08-02 20:36:18,529 - INFO - Time: 14280000.0; timestep: 476
2024-08-02 20:36:18,657 - INFO - Time: 14310000.0; timestep: 477
2024-08-02 20:36:18,690 - INFO - Time: 14340000.0; timestep: 478
2024-08-02 20:36:18,726 - INFO - Time: 14370000.0; timestep: 479
2024-08-02 20:36:18,761 - INFO - Time: 14400000.0; timestep: 480
2024-08-02 20:36:18,794 - INFO - Time: 14430000.0; timestep: 481
2024-08-02 20:36:18,942 - INFO - Time: 14460000.0; timestep: 482
2024-08-02 20:36:18,974 - INFO - Time: 14490000.0; timestep: 483
2024-08-02 20:36:19,008 - INFO - Time: 14520000.0; timestep: 484
2024-08-02 20:36:19,039 - INFO - Time: 14550000.0; timestep: 485
2024-08-02 20:36:19,072 - INFO - Time: 14580000.0; timestep: 486
2024-08-02 20:36:19,228 - INFO - Time: 14610000.0; timestep: 487
2024-08-02 20:36:19,260 - INFO - Time: 14640000.0; timestep: 488
2024-08-02 20:36:19,294 - INFO - Time: 14670000.0; timestep: 489
2024-08-02 20:36:19,325 - INFO - Time: 14700000.0; timestep: 490
2024-08-02 20:36:19,358 - INFO - Time: 14730000.0; timestep: 491
2024-08-02 20:36:19,522 - INFO - Time: 14760000.0; timestep: 492
2024-08-02 20:36:19,554 - INFO - Time: 14790000.0; timestep: 493
2024-08-02 20:36:19,587 - INFO - Time: 14820000.0; timestep: 494
2024-08-02 20:36:19,619 - INFO - Time: 14850000.0; timestep: 495
2024-08-02 20:36:19,651 - INFO - Time: 14880000.0; timestep: 496
2024-08-02 20:36:19,815 - INFO - Time: 14910000.0; timestep: 497
2024-08-02 20:36:19,847 - INFO - Time: 14940000.0; timestep: 498
2024-08-02 20:36:19,880 - INFO - Time: 14970000.0; timestep: 499
2024-08-02 20:36:19,911 - INFO - Time: 15000000.0; timestep: 500
2024-08-02 20:36:19,912 - INFO - Finalize the model run
