2024-08-02 22:28:12,938 - INFO - Output log file initialized
2024-08-02 22:28:12,938 - INFO - pyDeltaRCM version 2.1.4
2024-08-02 22:28:12,938 - INFO - Python version 3.11.9 | packaged by conda-forge | (main, Apr 19 2024, 18:36:13) [GCC 12.3.0]
2024-08-02 22:28:12,938 - INFO - Platform: Linux-6.8.0-1011-aws-x86_64-with-glibc2.39
2024-08-02 22:28:12,938 - INFO - Setting up model configuration
2024-08-02 22:28:12,938 - INFO - Model type is: VegetationModel
2024-08-02 22:28:12,938 - INFO - Configuration variable `out_dir`: ./vegetation_output
2024-08-02 22:28:12,938 - INFO - Configuration variable `verbose`: 1
2024-08-02 22:28:12,938 - INFO - Configuration variable `seed`: None
2024-08-02 22:28:12,938 - INFO - Configuration variable `Length`: 3000.0
2024-08-02 22:28:12,938 - INFO - Configuration variable `Width`: 6000.0
2024-08-02 22:28:12,938 - INFO - Configuration variable `dx`: 50
2024-08-02 22:28:12,938 - INFO - Configuration variable `L0_meters`: 150
2024-08-02 22:28:12,938 - INFO - Configuration variable `S0`: 0.00015
2024-08-02 22:28:12,938 - INFO - Configuration variable `itermax`: 2
2024-08-02 22:28:12,938 - INFO - Configuration variable `Np_water`: 500
2024-08-02 22:28:12,938 - INFO - Configuration variable `u0`: 1.1
2024-08-02 22:28:12,938 - INFO - Configuration variable `N0_meters`: 150
2024-08-02 22:28:12,938 - INFO - Configuration variable `h0`: 4
2024-08-02 22:28:12,938 - INFO - Configuration variable `hb`: None
2024-08-02 22:28:12,938 - INFO - Configuration variable `H_SL`: 0.0
2024-08-02 22:28:12,938 - INFO - Configuration variable `SLR`: 0.0
2024-08-02 22:28:12,938 - INFO - Configuration variable `Np_sed`: 500
2024-08-02 22:28:12,939 - INFO - Configuration variable `f_bedload`: 0.5
2024-08-02 22:28:12,939 - INFO - Configuration variable `active_layer_thickness`: None
2024-08-02 22:28:12,939 - INFO - Configuration variable `C0_percent`: 0.1
2024-08-02 22:28:12,939 - INFO - Configuration variable `Csmooth`: 0.9
2024-08-02 22:28:12,939 - INFO - Configuration variable `toggle_subsidence`: False
2024-08-02 22:28:12,939 - INFO - Configuration variable `subsidence_rate`: 2e-09
2024-08-02 22:28:12,939 - INFO - Configuration variable `start_subsidence`: 216000
2024-08-02 22:28:12,939 - INFO - Configuration variable `save_eta_figs`: True
2024-08-02 22:28:12,939 - INFO - Configuration variable `save_stage_figs`: False
2024-08-02 22:28:12,939 - INFO - Configuration variable `save_depth_figs`: False
2024-08-02 22:28:12,939 - INFO - Configuration variable `save_discharge_figs`: False
2024-08-02 22:28:12,939 - INFO - Configuration variable `save_velocity_figs`: False
2024-08-02 22:28:12,939 - INFO - Configuration variable `save_sedflux_figs`: False
2024-08-02 22:28:12,939 - INFO - Configuration variable `save_sandfrac_figs`: False
2024-08-02 22:28:12,939 - INFO - Configuration variable `save_figs_sequential`: True
2024-08-02 22:28:12,939 - INFO - Configuration variable `save_metadata`: False
2024-08-02 22:28:12,939 - INFO - Configuration variable `save_eta_grids`: True
2024-08-02 22:28:12,939 - INFO - Configuration variable `save_stage_grids`: False
2024-08-02 22:28:12,939 - INFO - Configuration variable `save_depth_grids`: False
2024-08-02 22:28:12,939 - INFO - Configuration variable `save_discharge_grids`: False
2024-08-02 22:28:12,939 - INFO - Configuration variable `save_velocity_grids`: True
2024-08-02 22:28:12,939 - INFO - Configuration variable `save_sedflux_grids`: False
2024-08-02 22:28:12,939 - INFO - Configuration variable `save_sandfrac_grids`: True
2024-08-02 22:28:12,939 - INFO - Configuration variable `save_discharge_components`: False
2024-08-02 22:28:12,939 - INFO - Configuration variable `save_velocity_components`: False
2024-08-02 22:28:12,939 - INFO - Configuration variable `save_dt`: 86400
2024-08-02 22:28:12,939 - INFO - Configuration variable `checkpoint_dt`: None
2024-08-02 22:28:12,939 - INFO - Configuration variable `save_checkpoint`: True
2024-08-02 22:28:12,939 - INFO - Configuration variable `resume_checkpoint`: False
2024-08-02 22:28:12,939 - INFO - Configuration variable `omega_sfc`: 0.1
2024-08-02 22:28:12,939 - INFO - Configuration variable `omega_flow`: 0.9
2024-08-02 22:28:12,939 - INFO - Configuration variable `Nsmooth`: 10
2024-08-02 22:28:12,939 - INFO - Configuration variable `theta_water`: 1.0
2024-08-02 22:28:12,939 - INFO - Configuration variable `coeff_theta_sand`: 2.0
2024-08-02 22:28:12,939 - INFO - Configuration variable `coeff_theta_mud`: 1.0
2024-08-02 22:28:12,939 - INFO - Configuration variable `beta`: 3
2024-08-02 22:28:12,939 - INFO - Configuration variable `sed_lag`: 1.0
2024-08-02 22:28:12,939 - INFO - Configuration variable `coeff_U_dep_mud`: 0.3
2024-08-02 22:28:12,939 - INFO - Configuration variable `coeff_U_ero_mud`: 1.5
2024-08-02 22:28:12,939 - INFO - Configuration variable `coeff_U_ero_sand`: 1.05
2024-08-02 22:28:12,939 - INFO - Configuration variable `alpha`: 0.1
2024-08-02 22:28:12,939 - INFO - Configuration variable `stepmax`: None
2024-08-02 22:28:12,939 - INFO - Configuration variable `sand_frac_bc`: 0
2024-08-02 22:28:12,939 - INFO - Configuration variable `clobber_netcdf`: True
2024-08-02 22:28:12,939 - INFO - Configuration variable `legacy_netcdf`: False
2024-08-02 22:28:12,939 - INFO - Configuration variable `vegetation`: True
2024-08-02 22:28:12,939 - INFO - Configuration variable `save_veg_frac_figs`: True
2024-08-02 22:28:12,939 - INFO - Configuration variable `p_veg_d_root`: 0.2
2024-08-02 22:28:12,939 - INFO - Configuration variable `p_veg_d_stem`: 0.06
2024-08-02 22:28:12,939 - INFO - Configuration variable `p_veg_K`: 800
2024-08-02 22:28:12,939 - INFO - Configuration variable `p_veg_r`: 1
2024-08-02 22:28:12,939 - INFO - Configuration variable `p_veg_est_flood_dur`: 3
2024-08-02 22:28:12,939 - INFO - Configuration variable `p_veg_est_inter_dur`: 100
2024-08-02 22:28:12,939 - INFO - Configuration variable `p_veg_est_depth`: 0.5
2024-08-02 22:28:12,939 - INFO - Configuration variable `p_veg_est_roc`: 0.01
2024-08-02 22:28:12,939 - INFO - Configuration variable `p_veg_est_init`: 0.05
2024-08-02 22:28:12,939 - INFO - Random seed is: 3518566202 
2024-08-02 22:28:12,939 - INFO - Setting other variables
2024-08-02 22:28:12,939 - INFO - Setting model constants
2024-08-02 22:28:12,939 - INFO - Creating model domain
2024-08-02 22:28:12,947 - INFO - Initializing sediment routers
2024-08-02 22:28:12,947 - INFO - Initializing subsidence
2024-08-02 22:28:12,947 - INFO - Initializing output NetCDF4 file
2024-08-02 22:28:12,947 - WARNING - Replacing existing netCDF file
2024-08-02 22:28:12,954 - INFO - Saving data to output file: 00000
2024-08-02 22:28:13,131 - INFO - Saving checkpoint
2024-08-02 22:28:13,133 - INFO - Model initialization complete
2024-08-02 22:28:13,133 - INFO - Time: 0.0; timestep: 0
2024-08-02 22:28:50,100 - INFO - Time: 13636.4; timestep: 1
2024-08-02 22:28:50,392 - INFO - Time: 27272.7; timestep: 2
2024-08-02 22:28:50,715 - INFO - Time: 40909.1; timestep: 3
2024-08-02 22:28:51,048 - INFO - Time: 54545.5; timestep: 4
2024-08-02 22:28:51,355 - INFO - Time: 68181.8; timestep: 5
2024-08-02 22:28:51,632 - INFO - Time: 81818.2; timestep: 6
2024-08-02 22:28:51,901 - INFO - Time: 95454.5; timestep: 7
2024-08-02 22:28:51,902 - INFO - Saving data to output file: 00001
2024-08-02 22:28:52,082 - INFO - Saving checkpoint
2024-08-02 22:28:52,348 - INFO - Time: 109090.9; timestep: 8
2024-08-02 22:28:52,586 - INFO - Time: 122727.3; timestep: 9
2024-08-02 22:28:52,824 - INFO - Time: 136363.6; timestep: 10
2024-08-02 22:28:53,071 - INFO - Time: 150000.0; timestep: 11
2024-08-02 22:28:53,297 - INFO - Time: 163636.4; timestep: 12
2024-08-02 22:28:53,520 - INFO - Time: 177272.7; timestep: 13
2024-08-02 22:28:53,732 - INFO - Time: 190909.1; timestep: 14
2024-08-02 22:28:53,732 - INFO - Saving data to output file: 00002
2024-08-02 22:28:53,900 - INFO - Saving checkpoint
2024-08-02 22:28:54,125 - INFO - Time: 204545.5; timestep: 15
2024-08-02 22:28:54,320 - INFO - Time: 218181.8; timestep: 16
2024-08-02 22:28:54,514 - INFO - Time: 231818.2; timestep: 17
2024-08-02 22:28:54,699 - INFO - Time: 245454.5; timestep: 18
2024-08-02 22:28:54,897 - INFO - Time: 259090.9; timestep: 19
2024-08-02 22:28:55,091 - INFO - Time: 272727.3; timestep: 20
2024-08-02 22:28:55,276 - INFO - Time: 286363.6; timestep: 21
2024-08-02 22:28:55,276 - INFO - Saving data to output file: 00003
2024-08-02 22:28:55,420 - INFO - Saving checkpoint
2024-08-02 22:28:55,651 - INFO - Time: 300000.0; timestep: 22
2024-08-02 22:28:55,844 - INFO - Time: 313636.4; timestep: 23
2024-08-02 22:28:56,024 - INFO - Time: 327272.7; timestep: 24
2024-08-02 22:28:56,212 - INFO - Time: 340909.1; timestep: 25
2024-08-02 22:28:56,396 - INFO - Time: 354545.5; timestep: 26
2024-08-02 22:28:56,571 - INFO - Time: 368181.8; timestep: 27
2024-08-02 22:28:56,746 - INFO - Time: 381818.2; timestep: 28
2024-08-02 22:28:56,747 - INFO - Saving data to output file: 00004
2024-08-02 22:28:56,908 - INFO - Saving checkpoint
2024-08-02 22:28:57,116 - INFO - Time: 395454.5; timestep: 29
2024-08-02 22:28:57,295 - INFO - Time: 409090.9; timestep: 30
2024-08-02 22:28:57,474 - INFO - Time: 422727.3; timestep: 31
2024-08-02 22:28:57,657 - INFO - Time: 436363.6; timestep: 32
2024-08-02 22:28:57,834 - INFO - Time: 450000.0; timestep: 33
2024-08-02 22:28:58,013 - INFO - Time: 463636.4; timestep: 34
2024-08-02 22:28:58,188 - INFO - Time: 477272.7; timestep: 35
2024-08-02 22:28:58,188 - INFO - Saving data to output file: 00005
2024-08-02 22:28:58,367 - INFO - Saving checkpoint
2024-08-02 22:28:58,557 - INFO - Time: 490909.1; timestep: 36
2024-08-02 22:28:58,734 - INFO - Time: 504545.5; timestep: 37
2024-08-02 22:28:58,916 - INFO - Time: 518181.8; timestep: 38
2024-08-02 22:28:59,084 - INFO - Time: 531818.2; timestep: 39
2024-08-02 22:28:59,259 - INFO - Time: 545454.5; timestep: 40
2024-08-02 22:28:59,429 - INFO - Time: 559090.9; timestep: 41
2024-08-02 22:28:59,605 - INFO - Time: 572727.3; timestep: 42
2024-08-02 22:28:59,605 - INFO - Saving data to output file: 00006
2024-08-02 22:28:59,775 - INFO - Saving checkpoint
2024-08-02 22:28:59,961 - INFO - Time: 586363.6; timestep: 43
2024-08-02 22:29:00,137 - INFO - Time: 600000.0; timestep: 44
2024-08-02 22:29:00,314 - INFO - Time: 613636.4; timestep: 45
2024-08-02 22:29:00,485 - INFO - Time: 627272.7; timestep: 46
2024-08-02 22:29:00,660 - INFO - Time: 640909.1; timestep: 47
2024-08-02 22:29:00,836 - INFO - Time: 654545.5; timestep: 48
2024-08-02 22:29:01,012 - INFO - Time: 668181.8; timestep: 49
2024-08-02 22:29:01,013 - INFO - Saving data to output file: 00007
2024-08-02 22:29:01,320 - INFO - Saving checkpoint
2024-08-02 22:29:01,525 - INFO - Time: 681818.2; timestep: 50
2024-08-02 22:29:01,696 - INFO - Time: 695454.5; timestep: 51
2024-08-02 22:29:01,873 - INFO - Time: 709090.9; timestep: 52
2024-08-02 22:29:02,045 - INFO - Time: 722727.3; timestep: 53
2024-08-02 22:29:02,224 - INFO - Time: 736363.6; timestep: 54
2024-08-02 22:29:02,398 - INFO - Time: 750000.0; timestep: 55
2024-08-02 22:29:02,573 - INFO - Time: 763636.4; timestep: 56
2024-08-02 22:29:02,573 - INFO - Saving data to output file: 00008
2024-08-02 22:29:02,726 - INFO - Saving checkpoint
2024-08-02 22:29:02,938 - INFO - Time: 777272.7; timestep: 57
2024-08-02 22:29:03,116 - INFO - Time: 790909.1; timestep: 58
2024-08-02 22:29:03,291 - INFO - Time: 804545.5; timestep: 59
2024-08-02 22:29:03,474 - INFO - Time: 818181.8; timestep: 60
2024-08-02 22:29:03,649 - INFO - Time: 831818.2; timestep: 61
2024-08-02 22:29:03,818 - INFO - Time: 845454.5; timestep: 62
2024-08-02 22:29:03,993 - INFO - Time: 859090.9; timestep: 63
2024-08-02 22:29:03,993 - INFO - Saving data to output file: 00009
2024-08-02 22:29:04,128 - INFO - Saving checkpoint
2024-08-02 22:29:04,343 - INFO - Time: 872727.3; timestep: 64
2024-08-02 22:29:04,512 - INFO - Time: 886363.6; timestep: 65
2024-08-02 22:29:04,686 - INFO - Time: 900000.0; timestep: 66
2024-08-02 22:29:04,866 - INFO - Time: 913636.4; timestep: 67
2024-08-02 22:29:05,033 - INFO - Time: 927272.7; timestep: 68
2024-08-02 22:29:05,204 - INFO - Time: 940909.1; timestep: 69
2024-08-02 22:29:05,377 - INFO - Time: 954545.5; timestep: 70
2024-08-02 22:29:05,377 - INFO - Saving data to output file: 00010
2024-08-02 22:29:05,524 - INFO - Saving checkpoint
2024-08-02 22:29:05,735 - INFO - Time: 968181.8; timestep: 71
2024-08-02 22:29:05,906 - INFO - Time: 981818.2; timestep: 72
2024-08-02 22:29:06,090 - INFO - Time: 995454.5; timestep: 73
2024-08-02 22:29:06,268 - INFO - Time: 1009090.9; timestep: 74
2024-08-02 22:29:06,442 - INFO - Time: 1022727.3; timestep: 75
2024-08-02 22:29:06,613 - INFO - Time: 1036363.6; timestep: 76
2024-08-02 22:29:06,785 - INFO - Time: 1050000.0; timestep: 77
2024-08-02 22:29:06,785 - INFO - Saving data to output file: 00011
2024-08-02 22:29:06,926 - INFO - Saving checkpoint
2024-08-02 22:29:07,139 - INFO - Time: 1063636.4; timestep: 78
2024-08-02 22:29:07,314 - INFO - Time: 1077272.7; timestep: 79
2024-08-02 22:29:07,491 - INFO - Time: 1090909.1; timestep: 80
2024-08-02 22:29:07,661 - INFO - Time: 1104545.5; timestep: 81
2024-08-02 22:29:07,838 - INFO - Time: 1118181.8; timestep: 82
2024-08-02 22:29:08,010 - INFO - Time: 1131818.2; timestep: 83
2024-08-02 22:29:08,187 - INFO - Time: 1145454.5; timestep: 84
2024-08-02 22:29:08,187 - INFO - Saving data to output file: 00012
2024-08-02 22:29:08,376 - INFO - Saving checkpoint
2024-08-02 22:29:08,558 - INFO - Time: 1159090.9; timestep: 85
2024-08-02 22:29:08,737 - INFO - Time: 1172727.3; timestep: 86
2024-08-02 22:29:08,911 - INFO - Time: 1186363.6; timestep: 87
2024-08-02 22:29:09,085 - INFO - Time: 1200000.0; timestep: 88
2024-08-02 22:29:09,260 - INFO - Time: 1213636.4; timestep: 89
2024-08-02 22:29:09,441 - INFO - Time: 1227272.7; timestep: 90
2024-08-02 22:29:09,615 - INFO - Time: 1240909.1; timestep: 91
2024-08-02 22:29:09,615 - INFO - Saving data to output file: 00013
2024-08-02 22:29:09,779 - INFO - Saving checkpoint
2024-08-02 22:29:09,965 - INFO - Time: 1254545.5; timestep: 92
2024-08-02 22:29:10,142 - INFO - Time: 1268181.8; timestep: 93
2024-08-02 22:29:10,328 - INFO - Time: 1281818.2; timestep: 94
2024-08-02 22:29:10,507 - INFO - Time: 1295454.5; timestep: 95
2024-08-02 22:29:10,679 - INFO - Time: 1309090.9; timestep: 96
2024-08-02 22:29:10,852 - INFO - Time: 1322727.3; timestep: 97
2024-08-02 22:29:11,031 - INFO - Time: 1336363.6; timestep: 98
2024-08-02 22:29:11,031 - INFO - Saving data to output file: 00014
2024-08-02 22:29:11,197 - INFO - Saving checkpoint
2024-08-02 22:29:11,380 - INFO - Time: 1350000.0; timestep: 99
2024-08-02 22:29:11,550 - INFO - Time: 1363636.4; timestep: 100
2024-08-02 22:29:11,726 - INFO - Time: 1377272.7; timestep: 101
2024-08-02 22:29:11,900 - INFO - Time: 1390909.1; timestep: 102
2024-08-02 22:29:12,073 - INFO - Time: 1404545.5; timestep: 103
2024-08-02 22:29:12,247 - INFO - Time: 1418181.8; timestep: 104
2024-08-02 22:29:12,421 - INFO - Time: 1431818.2; timestep: 105
2024-08-02 22:29:12,421 - INFO - Saving data to output file: 00015
2024-08-02 22:29:12,589 - INFO - Saving checkpoint
2024-08-02 22:29:12,766 - INFO - Time: 1445454.5; timestep: 106
2024-08-02 22:29:12,940 - INFO - Time: 1459090.9; timestep: 107
2024-08-02 22:29:13,113 - INFO - Time: 1472727.3; timestep: 108
2024-08-02 22:29:13,287 - INFO - Time: 1486363.6; timestep: 109
2024-08-02 22:29:13,458 - INFO - Time: 1500000.0; timestep: 110
2024-08-02 22:29:13,631 - INFO - Time: 1513636.4; timestep: 111
2024-08-02 22:29:13,807 - INFO - Time: 1527272.7; timestep: 112
2024-08-02 22:29:13,807 - INFO - Saving data to output file: 00016
2024-08-02 22:29:14,115 - INFO - Saving checkpoint
2024-08-02 22:29:14,324 - INFO - Time: 1540909.1; timestep: 113
2024-08-02 22:29:14,495 - INFO - Time: 1554545.5; timestep: 114
2024-08-02 22:29:14,665 - INFO - Time: 1568181.8; timestep: 115
2024-08-02 22:29:14,835 - INFO - Time: 1581818.2; timestep: 116
2024-08-02 22:29:15,006 - INFO - Time: 1595454.5; timestep: 117
2024-08-02 22:29:15,179 - INFO - Time: 1609090.9; timestep: 118
2024-08-02 22:29:15,353 - INFO - Time: 1622727.3; timestep: 119
2024-08-02 22:29:15,354 - INFO - Saving data to output file: 00017
2024-08-02 22:29:15,520 - INFO - Saving checkpoint
2024-08-02 22:29:15,730 - INFO - Time: 1636363.6; timestep: 120
2024-08-02 22:29:15,904 - INFO - Time: 1650000.0; timestep: 121
2024-08-02 22:29:16,077 - INFO - Time: 1663636.4; timestep: 122
2024-08-02 22:29:16,254 - INFO - Time: 1677272.7; timestep: 123
2024-08-02 22:29:16,429 - INFO - Time: 1690909.1; timestep: 124
2024-08-02 22:29:16,596 - INFO - Time: 1704545.5; timestep: 125
2024-08-02 22:29:16,768 - INFO - Time: 1718181.8; timestep: 126
2024-08-02 22:29:16,768 - INFO - Saving data to output file: 00018
2024-08-02 22:29:16,920 - INFO - Saving checkpoint
2024-08-02 22:29:17,132 - INFO - Time: 1731818.2; timestep: 127
2024-08-02 22:29:17,302 - INFO - Time: 1745454.5; timestep: 128
2024-08-02 22:29:17,466 - INFO - Time: 1759090.9; timestep: 129
2024-08-02 22:29:17,635 - INFO - Time: 1772727.3; timestep: 130
2024-08-02 22:29:17,806 - INFO - Time: 1786363.6; timestep: 131
2024-08-02 22:29:17,974 - INFO - Time: 1800000.0; timestep: 132
2024-08-02 22:29:18,143 - INFO - Time: 1813636.4; timestep: 133
2024-08-02 22:29:18,144 - INFO - Saving data to output file: 00019
2024-08-02 22:29:18,310 - INFO - Saving checkpoint
2024-08-02 22:29:18,521 - INFO - Time: 1827272.7; timestep: 134
2024-08-02 22:29:18,696 - INFO - Time: 1840909.1; timestep: 135
2024-08-02 22:29:18,873 - INFO - Time: 1854545.5; timestep: 136
2024-08-02 22:29:19,042 - INFO - Time: 1868181.8; timestep: 137
2024-08-02 22:29:19,217 - INFO - Time: 1881818.2; timestep: 138
2024-08-02 22:29:19,384 - INFO - Time: 1895454.5; timestep: 139
2024-08-02 22:29:19,558 - INFO - Time: 1909090.9; timestep: 140
2024-08-02 22:29:19,558 - INFO - Saving data to output file: 00020
2024-08-02 22:29:19,711 - INFO - Saving checkpoint
2024-08-02 22:29:19,926 - INFO - Time: 1922727.3; timestep: 141
2024-08-02 22:29:20,099 - INFO - Time: 1936363.6; timestep: 142
2024-08-02 22:29:20,271 - INFO - Time: 1950000.0; timestep: 143
2024-08-02 22:29:20,444 - INFO - Time: 1963636.4; timestep: 144
2024-08-02 22:29:20,613 - INFO - Time: 1977272.7; timestep: 145
2024-08-02 22:29:20,783 - INFO - Time: 1990909.1; timestep: 146
2024-08-02 22:29:20,952 - INFO - Time: 2004545.5; timestep: 147
2024-08-02 22:29:20,952 - INFO - Saving data to output file: 00021
2024-08-02 22:29:21,112 - INFO - Saving checkpoint
2024-08-02 22:29:21,323 - INFO - Time: 2018181.8; timestep: 148
2024-08-02 22:29:21,500 - INFO - Time: 2031818.2; timestep: 149
2024-08-02 22:29:21,676 - INFO - Time: 2045454.5; timestep: 150
2024-08-02 22:29:21,849 - INFO - Time: 2059090.9; timestep: 151
2024-08-02 22:29:22,031 - INFO - Time: 2072727.3; timestep: 152
2024-08-02 22:29:22,208 - INFO - Time: 2086363.6; timestep: 153
2024-08-02 22:29:22,383 - INFO - Time: 2100000.0; timestep: 154
2024-08-02 22:29:22,383 - INFO - Saving data to output file: 00022
2024-08-02 22:29:22,524 - INFO - Saving checkpoint
2024-08-02 22:29:22,739 - INFO - Time: 2113636.4; timestep: 155
2024-08-02 22:29:22,915 - INFO - Time: 2127272.7; timestep: 156
2024-08-02 22:29:23,092 - INFO - Time: 2140909.1; timestep: 157
2024-08-02 22:29:23,258 - INFO - Time: 2154545.5; timestep: 158
2024-08-02 22:29:23,430 - INFO - Time: 2168181.8; timestep: 159
2024-08-02 22:29:23,599 - INFO - Time: 2181818.2; timestep: 160
2024-08-02 22:29:23,774 - INFO - Time: 2195454.5; timestep: 161
2024-08-02 22:29:23,774 - INFO - Saving data to output file: 00023
2024-08-02 22:29:23,924 - INFO - Saving checkpoint
2024-08-02 22:29:24,137 - INFO - Time: 2209090.9; timestep: 162
2024-08-02 22:29:24,316 - INFO - Time: 2222727.3; timestep: 163
2024-08-02 22:29:24,497 - INFO - Time: 2236363.6; timestep: 164
2024-08-02 22:29:24,672 - INFO - Time: 2250000.0; timestep: 165
2024-08-02 22:29:24,850 - INFO - Time: 2263636.4; timestep: 166
2024-08-02 22:29:25,022 - INFO - Time: 2277272.7; timestep: 167
2024-08-02 22:29:25,200 - INFO - Time: 2290909.1; timestep: 168
2024-08-02 22:29:25,200 - INFO - Saving data to output file: 00024
2024-08-02 22:29:25,372 - INFO - Saving checkpoint
2024-08-02 22:29:25,561 - INFO - Time: 2304545.5; timestep: 169
2024-08-02 22:29:25,731 - INFO - Time: 2318181.8; timestep: 170
2024-08-02 22:29:25,904 - INFO - Time: 2331818.2; timestep: 171
2024-08-02 22:29:26,069 - INFO - Time: 2345454.5; timestep: 172
2024-08-02 22:29:26,242 - INFO - Time: 2359090.9; timestep: 173
2024-08-02 22:29:26,421 - INFO - Time: 2372727.3; timestep: 174
2024-08-02 22:29:26,599 - INFO - Time: 2386363.6; timestep: 175
2024-08-02 22:29:26,599 - INFO - Saving data to output file: 00025
2024-08-02 22:29:26,730 - INFO - Saving checkpoint
2024-08-02 22:29:26,946 - INFO - Time: 2400000.0; timestep: 176
2024-08-02 22:29:27,128 - INFO - Time: 2413636.4; timestep: 177
2024-08-02 22:29:27,305 - INFO - Time: 2427272.7; timestep: 178
2024-08-02 22:29:27,492 - INFO - Time: 2440909.1; timestep: 179
2024-08-02 22:29:27,673 - INFO - Time: 2454545.5; timestep: 180
2024-08-02 22:29:27,854 - INFO - Time: 2468181.8; timestep: 181
2024-08-02 22:29:28,035 - INFO - Time: 2481818.2; timestep: 182
2024-08-02 22:29:28,035 - INFO - Saving data to output file: 00026
2024-08-02 22:29:28,201 - INFO - Saving checkpoint
2024-08-02 22:29:28,396 - INFO - Time: 2495454.5; timestep: 183
2024-08-02 22:29:28,577 - INFO - Time: 2509090.9; timestep: 184
2024-08-02 22:29:28,755 - INFO - Time: 2522727.3; timestep: 185
2024-08-02 22:29:28,929 - INFO - Time: 2536363.6; timestep: 186
2024-08-02 22:29:29,098 - INFO - Time: 2550000.0; timestep: 187
2024-08-02 22:29:29,276 - INFO - Time: 2563636.4; timestep: 188
2024-08-02 22:29:29,460 - INFO - Time: 2577272.7; timestep: 189
2024-08-02 22:29:29,460 - INFO - Saving data to output file: 00027
2024-08-02 22:29:29,615 - INFO - Saving checkpoint
2024-08-02 22:29:29,837 - INFO - Time: 2590909.1; timestep: 190
2024-08-02 22:29:30,014 - INFO - Time: 2604545.5; timestep: 191
2024-08-02 22:29:30,188 - INFO - Time: 2618181.8; timestep: 192
2024-08-02 22:29:30,367 - INFO - Time: 2631818.2; timestep: 193
2024-08-02 22:29:30,541 - INFO - Time: 2645454.5; timestep: 194
2024-08-02 22:29:30,724 - INFO - Time: 2659090.9; timestep: 195
2024-08-02 22:29:30,898 - INFO - Time: 2672727.3; timestep: 196
2024-08-02 22:29:30,898 - INFO - Saving data to output file: 00028
2024-08-02 22:29:31,227 - INFO - Saving checkpoint
2024-08-02 22:29:31,435 - INFO - Time: 2686363.6; timestep: 197
2024-08-02 22:29:31,616 - INFO - Time: 2700000.0; timestep: 198
2024-08-02 22:29:31,795 - INFO - Time: 2713636.4; timestep: 199
2024-08-02 22:29:31,968 - INFO - Time: 2727272.7; timestep: 200
2024-08-02 22:29:32,143 - INFO - Time: 2740909.1; timestep: 201
2024-08-02 22:29:32,313 - INFO - Time: 2754545.5; timestep: 202
2024-08-02 22:29:32,488 - INFO - Time: 2768181.8; timestep: 203
2024-08-02 22:29:32,488 - INFO - Saving data to output file: 00029
2024-08-02 22:29:32,624 - INFO - Saving checkpoint
2024-08-02 22:29:32,842 - INFO - Time: 2781818.2; timestep: 204
2024-08-02 22:29:33,020 - INFO - Time: 2795454.5; timestep: 205
2024-08-02 22:29:33,200 - INFO - Time: 2809090.9; timestep: 206
2024-08-02 22:29:33,377 - INFO - Time: 2822727.3; timestep: 207
2024-08-02 22:29:33,558 - INFO - Time: 2836363.6; timestep: 208
2024-08-02 22:29:33,735 - INFO - Time: 2850000.0; timestep: 209
2024-08-02 22:29:33,919 - INFO - Time: 2863636.4; timestep: 210
2024-08-02 22:29:33,919 - INFO - Saving data to output file: 00030
2024-08-02 22:29:34,083 - INFO - Saving checkpoint
2024-08-02 22:29:34,269 - INFO - Time: 2877272.7; timestep: 211
2024-08-02 22:29:34,450 - INFO - Time: 2890909.1; timestep: 212
2024-08-02 22:29:34,640 - INFO - Time: 2904545.5; timestep: 213
2024-08-02 22:29:34,820 - INFO - Time: 2918181.8; timestep: 214
2024-08-02 22:29:35,010 - INFO - Time: 2931818.2; timestep: 215
2024-08-02 22:29:35,196 - INFO - Time: 2945454.5; timestep: 216
2024-08-02 22:29:35,375 - INFO - Time: 2959090.9; timestep: 217
2024-08-02 22:29:35,375 - INFO - Saving data to output file: 00031
2024-08-02 22:29:35,525 - INFO - Saving checkpoint
2024-08-02 22:29:35,747 - INFO - Time: 2972727.3; timestep: 218
2024-08-02 22:29:35,925 - INFO - Time: 2986363.6; timestep: 219
2024-08-02 22:29:36,104 - INFO - Time: 3000000.0; timestep: 220
2024-08-02 22:29:36,290 - INFO - Time: 3013636.4; timestep: 221
2024-08-02 22:29:36,477 - INFO - Time: 3027272.7; timestep: 222
2024-08-02 22:29:36,661 - INFO - Time: 3040909.1; timestep: 223
2024-08-02 22:29:36,842 - INFO - Time: 3054545.5; timestep: 224
2024-08-02 22:29:36,842 - INFO - Saving data to output file: 00032
2024-08-02 22:29:37,004 - INFO - Saving checkpoint
2024-08-02 22:29:37,204 - INFO - Time: 3068181.8; timestep: 225
2024-08-02 22:29:37,379 - INFO - Time: 3081818.2; timestep: 226
2024-08-02 22:29:37,565 - INFO - Time: 3095454.5; timestep: 227
2024-08-02 22:29:37,739 - INFO - Time: 3109090.9; timestep: 228
2024-08-02 22:29:37,910 - INFO - Time: 3122727.3; timestep: 229
2024-08-02 22:29:38,086 - INFO - Time: 3136363.6; timestep: 230
2024-08-02 22:29:38,264 - INFO - Time: 3150000.0; timestep: 231
2024-08-02 22:29:38,264 - INFO - Saving data to output file: 00033
2024-08-02 22:29:38,415 - INFO - Saving checkpoint
2024-08-02 22:29:38,643 - INFO - Time: 3163636.4; timestep: 232
2024-08-02 22:29:38,825 - INFO - Time: 3177272.7; timestep: 233
2024-08-02 22:29:39,003 - INFO - Time: 3190909.1; timestep: 234
2024-08-02 22:29:39,185 - INFO - Time: 3204545.5; timestep: 235
2024-08-02 22:29:39,364 - INFO - Time: 3218181.8; timestep: 236
2024-08-02 22:29:39,542 - INFO - Time: 3231818.2; timestep: 237
2024-08-02 22:29:39,725 - INFO - Time: 3245454.5; timestep: 238
2024-08-02 22:29:39,725 - INFO - Saving data to output file: 00034
2024-08-02 22:29:39,889 - INFO - Saving checkpoint
2024-08-02 22:29:40,077 - INFO - Time: 3259090.9; timestep: 239
2024-08-02 22:29:40,259 - INFO - Time: 3272727.3; timestep: 240
2024-08-02 22:29:40,431 - INFO - Time: 3286363.6; timestep: 241
2024-08-02 22:29:40,605 - INFO - Time: 3300000.0; timestep: 242
2024-08-02 22:29:40,780 - INFO - Time: 3313636.4; timestep: 243
2024-08-02 22:29:40,964 - INFO - Time: 3327272.7; timestep: 244
2024-08-02 22:29:41,142 - INFO - Time: 3340909.1; timestep: 245
2024-08-02 22:29:41,142 - INFO - Saving data to output file: 00035
2024-08-02 22:29:41,302 - INFO - Saving checkpoint
2024-08-02 22:29:41,503 - INFO - Time: 3354545.5; timestep: 246
2024-08-02 22:29:41,678 - INFO - Time: 3368181.8; timestep: 247
2024-08-02 22:29:41,852 - INFO - Time: 3381818.2; timestep: 248
2024-08-02 22:29:42,025 - INFO - Time: 3395454.5; timestep: 249
2024-08-02 22:29:42,202 - INFO - Time: 3409090.9; timestep: 250
2024-08-02 22:29:42,379 - INFO - Time: 3422727.3; timestep: 251
2024-08-02 22:29:42,561 - INFO - Time: 3436363.6; timestep: 252
2024-08-02 22:29:42,561 - INFO - Saving data to output file: 00036
2024-08-02 22:29:42,717 - INFO - Saving checkpoint
2024-08-02 22:29:42,935 - INFO - Time: 3450000.0; timestep: 253
2024-08-02 22:29:43,118 - INFO - Time: 3463636.4; timestep: 254
2024-08-02 22:29:43,304 - INFO - Time: 3477272.7; timestep: 255
2024-08-02 22:29:43,482 - INFO - Time: 3490909.1; timestep: 256
2024-08-02 22:29:43,668 - INFO - Time: 3504545.5; timestep: 257
2024-08-02 22:29:43,853 - INFO - Time: 3518181.8; timestep: 258
2024-08-02 22:29:44,034 - INFO - Time: 3531818.2; timestep: 259
2024-08-02 22:29:44,034 - INFO - Saving data to output file: 00037
2024-08-02 22:29:44,207 - INFO - Saving checkpoint
2024-08-02 22:29:44,398 - INFO - Time: 3545454.5; timestep: 260
2024-08-02 22:29:44,579 - INFO - Time: 3559090.9; timestep: 261
2024-08-02 22:29:44,759 - INFO - Time: 3572727.3; timestep: 262
2024-08-02 22:29:44,938 - INFO - Time: 3586363.6; timestep: 263
2024-08-02 22:29:45,128 - INFO - Time: 3600000.0; timestep: 264
2024-08-02 22:29:45,310 - INFO - Time: 3613636.4; timestep: 265
2024-08-02 22:29:45,493 - INFO - Time: 3627272.7; timestep: 266
2024-08-02 22:29:45,493 - INFO - Saving data to output file: 00038
2024-08-02 22:29:45,623 - INFO - Saving checkpoint
2024-08-02 22:29:45,836 - INFO - Time: 3640909.1; timestep: 267
2024-08-02 22:29:46,026 - INFO - Time: 3654545.5; timestep: 268
2024-08-02 22:29:46,214 - INFO - Time: 3668181.8; timestep: 269
2024-08-02 22:29:46,396 - INFO - Time: 3681818.2; timestep: 270
2024-08-02 22:29:46,584 - INFO - Time: 3695454.5; timestep: 271
2024-08-02 22:29:46,768 - INFO - Time: 3709090.9; timestep: 272
2024-08-02 22:29:46,960 - INFO - Time: 3722727.3; timestep: 273
2024-08-02 22:29:46,960 - INFO - Saving data to output file: 00039
2024-08-02 22:29:47,115 - INFO - Saving checkpoint
2024-08-02 22:29:47,346 - INFO - Time: 3736363.6; timestep: 274
2024-08-02 22:29:47,527 - INFO - Time: 3750000.0; timestep: 275
2024-08-02 22:29:47,710 - INFO - Time: 3763636.4; timestep: 276
2024-08-02 22:29:47,881 - INFO - Time: 3777272.7; timestep: 277
2024-08-02 22:29:48,064 - INFO - Time: 3790909.1; timestep: 278
2024-08-02 22:29:48,243 - INFO - Time: 3804545.5; timestep: 279
2024-08-02 22:29:48,428 - INFO - Time: 3818181.8; timestep: 280
2024-08-02 22:29:48,429 - INFO - Saving data to output file: 00040
2024-08-02 22:29:48,596 - INFO - Saving checkpoint
2024-08-02 22:29:48,784 - INFO - Time: 3831818.2; timestep: 281
2024-08-02 22:29:48,968 - INFO - Time: 3845454.5; timestep: 282
2024-08-02 22:29:49,151 - INFO - Time: 3859090.9; timestep: 283
2024-08-02 22:29:49,324 - INFO - Time: 3872727.3; timestep: 284
2024-08-02 22:29:49,502 - INFO - Time: 3886363.6; timestep: 285
2024-08-02 22:29:49,680 - INFO - Time: 3900000.0; timestep: 286
2024-08-02 22:29:49,862 - INFO - Time: 3913636.4; timestep: 287
2024-08-02 22:29:49,862 - INFO - Saving data to output file: 00041
2024-08-02 22:29:50,014 - INFO - Saving checkpoint
2024-08-02 22:29:50,233 - INFO - Time: 3927272.7; timestep: 288
2024-08-02 22:29:50,407 - INFO - Time: 3940909.1; timestep: 289
2024-08-02 22:29:50,590 - INFO - Time: 3954545.5; timestep: 290
2024-08-02 22:29:50,765 - INFO - Time: 3968181.8; timestep: 291
2024-08-02 22:29:50,942 - INFO - Time: 3981818.2; timestep: 292
2024-08-02 22:29:51,121 - INFO - Time: 3995454.5; timestep: 293
2024-08-02 22:29:51,299 - INFO - Time: 4009090.9; timestep: 294
2024-08-02 22:29:51,299 - INFO - Saving data to output file: 00042
2024-08-02 22:29:51,469 - INFO - Saving checkpoint
2024-08-02 22:29:51,659 - INFO - Time: 4022727.3; timestep: 295
2024-08-02 22:29:51,832 - INFO - Time: 4036363.6; timestep: 296
2024-08-02 22:29:52,007 - INFO - Time: 4050000.0; timestep: 297
2024-08-02 22:29:52,180 - INFO - Time: 4063636.4; timestep: 298
2024-08-02 22:29:52,360 - INFO - Time: 4077272.7; timestep: 299
2024-08-02 22:29:52,541 - INFO - Time: 4090909.1; timestep: 300
2024-08-02 22:29:52,717 - INFO - Time: 4104545.5; timestep: 301
2024-08-02 22:29:52,717 - INFO - Saving data to output file: 00043
2024-08-02 22:29:53,105 - INFO - Saving checkpoint
2024-08-02 22:29:53,283 - INFO - Time: 4118181.8; timestep: 302
2024-08-02 22:29:53,458 - INFO - Time: 4131818.2; timestep: 303
2024-08-02 22:29:53,628 - INFO - Time: 4145454.5; timestep: 304
2024-08-02 22:29:53,805 - INFO - Time: 4159090.9; timestep: 305
2024-08-02 22:29:53,979 - INFO - Time: 4172727.3; timestep: 306
2024-08-02 22:29:54,156 - INFO - Time: 4186363.6; timestep: 307
2024-08-02 22:29:54,337 - INFO - Time: 4200000.0; timestep: 308
2024-08-02 22:29:54,337 - INFO - Saving data to output file: 00044
2024-08-02 22:29:54,510 - INFO - Saving checkpoint
2024-08-02 22:29:54,711 - INFO - Time: 4213636.4; timestep: 309
2024-08-02 22:29:54,887 - INFO - Time: 4227272.7; timestep: 310
2024-08-02 22:29:55,071 - INFO - Time: 4240909.1; timestep: 311
2024-08-02 22:29:55,248 - INFO - Time: 4254545.5; timestep: 312
2024-08-02 22:29:55,430 - INFO - Time: 4268181.8; timestep: 313
2024-08-02 22:29:55,613 - INFO - Time: 4281818.2; timestep: 314
2024-08-02 22:29:55,797 - INFO - Time: 4295454.5; timestep: 315
2024-08-02 22:29:55,797 - INFO - Saving data to output file: 00045
2024-08-02 22:29:55,931 - INFO - Saving checkpoint
2024-08-02 22:29:56,149 - INFO - Time: 4309090.9; timestep: 316
2024-08-02 22:29:56,335 - INFO - Time: 4322727.3; timestep: 317
2024-08-02 22:29:56,517 - INFO - Time: 4336363.6; timestep: 318
2024-08-02 22:29:56,691 - INFO - Time: 4350000.0; timestep: 319
2024-08-02 22:29:56,870 - INFO - Time: 4363636.4; timestep: 320
2024-08-02 22:29:57,059 - INFO - Time: 4377272.7; timestep: 321
2024-08-02 22:29:57,243 - INFO - Time: 4390909.1; timestep: 322
2024-08-02 22:29:57,243 - INFO - Saving data to output file: 00046
2024-08-02 22:29:57,407 - INFO - Saving checkpoint
2024-08-02 22:29:57,618 - INFO - Time: 4404545.5; timestep: 323
2024-08-02 22:29:57,803 - INFO - Time: 4418181.8; timestep: 324
2024-08-02 22:29:57,990 - INFO - Time: 4431818.2; timestep: 325
2024-08-02 22:29:58,174 - INFO - Time: 4445454.5; timestep: 326
2024-08-02 22:29:58,359 - INFO - Time: 4459090.9; timestep: 327
2024-08-02 22:29:58,553 - INFO - Time: 4472727.3; timestep: 328
2024-08-02 22:29:58,739 - INFO - Time: 4486363.6; timestep: 329
2024-08-02 22:29:58,739 - INFO - Saving data to output file: 00047
2024-08-02 22:29:58,906 - INFO - Saving checkpoint
2024-08-02 22:29:59,100 - INFO - Time: 4500000.0; timestep: 330
2024-08-02 22:29:59,282 - INFO - Time: 4513636.4; timestep: 331
2024-08-02 22:29:59,464 - INFO - Time: 4527272.7; timestep: 332
2024-08-02 22:29:59,654 - INFO - Time: 4540909.1; timestep: 333
2024-08-02 22:29:59,835 - INFO - Time: 4554545.5; timestep: 334
2024-08-02 22:30:00,023 - INFO - Time: 4568181.8; timestep: 335
2024-08-02 22:30:00,215 - INFO - Time: 4581818.2; timestep: 336
2024-08-02 22:30:00,215 - INFO - Saving data to output file: 00048
2024-08-02 22:30:00,383 - INFO - Saving checkpoint
2024-08-02 22:30:00,579 - INFO - Time: 4595454.5; timestep: 337
2024-08-02 22:30:00,771 - INFO - Time: 4609090.9; timestep: 338
2024-08-02 22:30:00,961 - INFO - Time: 4622727.3; timestep: 339
2024-08-02 22:30:01,139 - INFO - Time: 4636363.6; timestep: 340
2024-08-02 22:30:01,319 - INFO - Time: 4650000.0; timestep: 341
2024-08-02 22:30:01,498 - INFO - Time: 4663636.4; timestep: 342
2024-08-02 22:30:01,681 - INFO - Time: 4677272.7; timestep: 343
2024-08-02 22:30:01,681 - INFO - Saving data to output file: 00049
2024-08-02 22:30:01,825 - INFO - Saving checkpoint
2024-08-02 22:30:02,045 - INFO - Time: 4690909.1; timestep: 344
2024-08-02 22:30:02,228 - INFO - Time: 4704545.5; timestep: 345
2024-08-02 22:30:02,409 - INFO - Time: 4718181.8; timestep: 346
2024-08-02 22:30:02,595 - INFO - Time: 4731818.2; timestep: 347
2024-08-02 22:30:02,780 - INFO - Time: 4745454.5; timestep: 348
2024-08-02 22:30:02,958 - INFO - Time: 4759090.9; timestep: 349
2024-08-02 22:30:03,140 - INFO - Time: 4772727.3; timestep: 350
2024-08-02 22:30:03,140 - INFO - Saving data to output file: 00050
2024-08-02 22:30:03,308 - INFO - Saving checkpoint
2024-08-02 22:30:03,511 - INFO - Time: 4786363.6; timestep: 351
2024-08-02 22:30:03,694 - INFO - Time: 4800000.0; timestep: 352
2024-08-02 22:30:03,876 - INFO - Time: 4813636.4; timestep: 353
2024-08-02 22:30:04,061 - INFO - Time: 4827272.7; timestep: 354
2024-08-02 22:30:04,242 - INFO - Time: 4840909.1; timestep: 355
2024-08-02 22:30:04,420 - INFO - Time: 4854545.5; timestep: 356
2024-08-02 22:30:04,599 - INFO - Time: 4868181.8; timestep: 357
2024-08-02 22:30:04,599 - INFO - Saving data to output file: 00051
2024-08-02 22:30:04,768 - INFO - Saving checkpoint
2024-08-02 22:30:04,952 - INFO - Time: 4881818.2; timestep: 358
2024-08-02 22:30:05,138 - INFO - Time: 4895454.5; timestep: 359
2024-08-02 22:30:05,320 - INFO - Time: 4909090.9; timestep: 360
2024-08-02 22:30:05,507 - INFO - Time: 4922727.3; timestep: 361
2024-08-02 22:30:05,692 - INFO - Time: 4936363.6; timestep: 362
2024-08-02 22:30:05,883 - INFO - Time: 4950000.0; timestep: 363
2024-08-02 22:30:06,064 - INFO - Time: 4963636.4; timestep: 364
2024-08-02 22:30:06,065 - INFO - Saving data to output file: 00052
2024-08-02 22:30:06,219 - INFO - Saving checkpoint
2024-08-02 22:30:06,446 - INFO - Time: 4977272.7; timestep: 365
2024-08-02 22:30:06,632 - INFO - Time: 4990909.1; timestep: 366
2024-08-02 22:30:06,818 - INFO - Time: 5004545.5; timestep: 367
2024-08-02 22:30:06,997 - INFO - Time: 5018181.8; timestep: 368
2024-08-02 22:30:07,170 - INFO - Time: 5031818.2; timestep: 369
2024-08-02 22:30:07,349 - INFO - Time: 5045454.5; timestep: 370
2024-08-02 22:30:07,527 - INFO - Time: 5059090.9; timestep: 371
2024-08-02 22:30:07,528 - INFO - Saving data to output file: 00053
2024-08-02 22:30:07,692 - INFO - Saving checkpoint
2024-08-02 22:30:07,882 - INFO - Time: 5072727.3; timestep: 372
2024-08-02 22:30:08,066 - INFO - Time: 5086363.6; timestep: 373
2024-08-02 22:30:08,261 - INFO - Time: 5100000.0; timestep: 374
2024-08-02 22:30:08,450 - INFO - Time: 5113636.4; timestep: 375
2024-08-02 22:30:08,637 - INFO - Time: 5127272.7; timestep: 376
2024-08-02 22:30:08,825 - INFO - Time: 5140909.1; timestep: 377
2024-08-02 22:30:09,011 - INFO - Time: 5154545.5; timestep: 378
2024-08-02 22:30:09,011 - INFO - Saving data to output file: 00054
2024-08-02 22:30:09,180 - INFO - Saving checkpoint
2024-08-02 22:30:09,373 - INFO - Time: 5168181.8; timestep: 379
2024-08-02 22:30:09,562 - INFO - Time: 5181818.2; timestep: 380
2024-08-02 22:30:09,743 - INFO - Time: 5195454.5; timestep: 381
2024-08-02 22:30:09,929 - INFO - Time: 5209090.9; timestep: 382
2024-08-02 22:30:10,113 - INFO - Time: 5222727.3; timestep: 383
2024-08-02 22:30:10,291 - INFO - Time: 5236363.6; timestep: 384
2024-08-02 22:30:10,471 - INFO - Time: 5250000.0; timestep: 385
2024-08-02 22:30:10,471 - INFO - Saving data to output file: 00055
2024-08-02 22:30:10,624 - INFO - Saving checkpoint
2024-08-02 22:30:10,849 - INFO - Time: 5263636.4; timestep: 386
2024-08-02 22:30:11,028 - INFO - Time: 5277272.7; timestep: 387
2024-08-02 22:30:11,213 - INFO - Time: 5290909.1; timestep: 388
2024-08-02 22:30:11,391 - INFO - Time: 5304545.5; timestep: 389
2024-08-02 22:30:11,574 - INFO - Time: 5318181.8; timestep: 390
2024-08-02 22:30:11,764 - INFO - Time: 5331818.2; timestep: 391
2024-08-02 22:30:11,950 - INFO - Time: 5345454.5; timestep: 392
2024-08-02 22:30:11,950 - INFO - Saving data to output file: 00056
2024-08-02 22:30:12,113 - INFO - Saving checkpoint
2024-08-02 22:30:12,338 - INFO - Time: 5359090.9; timestep: 393
2024-08-02 22:30:12,519 - INFO - Time: 5372727.3; timestep: 394
2024-08-02 22:30:12,706 - INFO - Time: 5386363.6; timestep: 395
2024-08-02 22:30:12,885 - INFO - Time: 5400000.0; timestep: 396
2024-08-02 22:30:13,072 - INFO - Time: 5413636.4; timestep: 397
2024-08-02 22:30:13,256 - INFO - Time: 5427272.7; timestep: 398
2024-08-02 22:30:13,438 - INFO - Time: 5440909.1; timestep: 399
2024-08-02 22:30:13,438 - INFO - Saving data to output file: 00057
2024-08-02 22:30:13,603 - INFO - Saving checkpoint
2024-08-02 22:30:13,805 - INFO - Time: 5454545.5; timestep: 400
2024-08-02 22:30:13,992 - INFO - Time: 5468181.8; timestep: 401
2024-08-02 22:30:14,184 - INFO - Time: 5481818.2; timestep: 402
2024-08-02 22:30:14,382 - INFO - Time: 5495454.5; timestep: 403
2024-08-02 22:30:14,576 - INFO - Time: 5509090.9; timestep: 404
2024-08-02 22:30:14,763 - INFO - Time: 5522727.3; timestep: 405
2024-08-02 22:30:14,943 - INFO - Time: 5536363.6; timestep: 406
2024-08-02 22:30:14,943 - INFO - Saving data to output file: 00058
2024-08-02 22:30:15,105 - INFO - Saving checkpoint
2024-08-02 22:30:15,322 - INFO - Time: 5550000.0; timestep: 407
2024-08-02 22:30:15,513 - INFO - Time: 5563636.4; timestep: 408
2024-08-02 22:30:15,711 - INFO - Time: 5577272.7; timestep: 409
2024-08-02 22:30:15,907 - INFO - Time: 5590909.1; timestep: 410
2024-08-02 22:30:16,105 - INFO - Time: 5604545.5; timestep: 411
2024-08-02 22:30:16,294 - INFO - Time: 5618181.8; timestep: 412
2024-08-02 22:30:16,484 - INFO - Time: 5631818.2; timestep: 413
2024-08-02 22:30:16,484 - INFO - Saving data to output file: 00059
2024-08-02 22:30:16,621 - INFO - Saving checkpoint
2024-08-02 22:30:16,848 - INFO - Time: 5645454.5; timestep: 414
2024-08-02 22:30:17,035 - INFO - Time: 5659090.9; timestep: 415
2024-08-02 22:30:17,226 - INFO - Time: 5672727.3; timestep: 416
2024-08-02 22:30:17,417 - INFO - Time: 5686363.6; timestep: 417
2024-08-02 22:30:17,610 - INFO - Time: 5700000.0; timestep: 418
2024-08-02 22:30:17,809 - INFO - Time: 5713636.4; timestep: 419
2024-08-02 22:30:17,993 - INFO - Time: 5727272.7; timestep: 420
2024-08-02 22:30:17,993 - INFO - Saving data to output file: 00060
2024-08-02 22:30:18,125 - INFO - Saving checkpoint
2024-08-02 22:30:18,359 - INFO - Time: 5740909.1; timestep: 421
2024-08-02 22:30:18,544 - INFO - Time: 5754545.5; timestep: 422
2024-08-02 22:30:18,739 - INFO - Time: 5768181.8; timestep: 423
2024-08-02 22:30:18,938 - INFO - Time: 5781818.2; timestep: 424
2024-08-02 22:30:19,126 - INFO - Time: 5795454.5; timestep: 425
2024-08-02 22:30:19,324 - INFO - Time: 5809090.9; timestep: 426
2024-08-02 22:30:19,520 - INFO - Time: 5822727.3; timestep: 427
2024-08-02 22:30:19,520 - INFO - Saving data to output file: 00061
2024-08-02 22:30:19,682 - INFO - Saving checkpoint
2024-08-02 22:30:19,882 - INFO - Time: 5836363.6; timestep: 428
2024-08-02 22:30:20,081 - INFO - Time: 5850000.0; timestep: 429
2024-08-02 22:30:20,282 - INFO - Time: 5863636.4; timestep: 430
2024-08-02 22:30:20,486 - INFO - Time: 5877272.7; timestep: 431
2024-08-02 22:30:20,679 - INFO - Time: 5890909.1; timestep: 432
2024-08-02 22:30:20,876 - INFO - Time: 5904545.5; timestep: 433
2024-08-02 22:30:21,088 - INFO - Time: 5918181.8; timestep: 434
2024-08-02 22:30:21,088 - INFO - Saving data to output file: 00062
2024-08-02 22:30:21,524 - INFO - Saving checkpoint
2024-08-02 22:30:21,785 - INFO - Time: 5931818.2; timestep: 435
2024-08-02 22:30:21,996 - INFO - Time: 5945454.5; timestep: 436
2024-08-02 22:30:22,220 - INFO - Time: 5959090.9; timestep: 437
2024-08-02 22:30:22,440 - INFO - Time: 5972727.3; timestep: 438
2024-08-02 22:30:22,659 - INFO - Time: 5986363.6; timestep: 439
2024-08-02 22:30:22,876 - INFO - Time: 6000000.0; timestep: 440
2024-08-02 22:30:23,091 - INFO - Time: 6013636.4; timestep: 441
2024-08-02 22:30:23,091 - INFO - Saving data to output file: 00063
2024-08-02 22:30:23,223 - INFO - Saving checkpoint
2024-08-02 22:30:23,484 - INFO - Time: 6027272.7; timestep: 442
2024-08-02 22:30:23,707 - INFO - Time: 6040909.1; timestep: 443
2024-08-02 22:30:23,919 - INFO - Time: 6054545.5; timestep: 444
2024-08-02 22:30:24,127 - INFO - Time: 6068181.8; timestep: 445
2024-08-02 22:30:24,340 - INFO - Time: 6081818.2; timestep: 446
2024-08-02 22:30:24,540 - INFO - Time: 6095454.5; timestep: 447
2024-08-02 22:30:24,730 - INFO - Time: 6109090.9; timestep: 448
2024-08-02 22:30:24,730 - INFO - Saving data to output file: 00064
2024-08-02 22:30:24,894 - INFO - Saving checkpoint
2024-08-02 22:30:25,103 - INFO - Time: 6122727.3; timestep: 449
2024-08-02 22:30:25,295 - INFO - Time: 6136363.6; timestep: 450
2024-08-02 22:30:25,482 - INFO - Time: 6150000.0; timestep: 451
2024-08-02 22:30:25,671 - INFO - Time: 6163636.4; timestep: 452
2024-08-02 22:30:25,865 - INFO - Time: 6177272.7; timestep: 453
2024-08-02 22:30:26,078 - INFO - Time: 6190909.1; timestep: 454
2024-08-02 22:30:26,270 - INFO - Time: 6204545.5; timestep: 455
2024-08-02 22:30:26,270 - INFO - Saving data to output file: 00065
2024-08-02 22:30:26,419 - INFO - Saving checkpoint
2024-08-02 22:30:26,666 - INFO - Time: 6218181.8; timestep: 456
2024-08-02 22:30:26,850 - INFO - Time: 6231818.2; timestep: 457
2024-08-02 22:30:27,035 - INFO - Time: 6245454.5; timestep: 458
2024-08-02 22:30:27,225 - INFO - Time: 6259090.9; timestep: 459
2024-08-02 22:30:27,422 - INFO - Time: 6272727.3; timestep: 460
2024-08-02 22:30:27,608 - INFO - Time: 6286363.6; timestep: 461
2024-08-02 22:30:27,823 - INFO - Time: 6300000.0; timestep: 462
2024-08-02 22:30:27,824 - INFO - Saving data to output file: 00066
2024-08-02 22:30:27,985 - INFO - Saving checkpoint
2024-08-02 22:30:28,182 - INFO - Time: 6313636.4; timestep: 463
2024-08-02 22:30:28,377 - INFO - Time: 6327272.7; timestep: 464
2024-08-02 22:30:28,578 - INFO - Time: 6340909.1; timestep: 465
2024-08-02 22:30:28,776 - INFO - Time: 6354545.5; timestep: 466
2024-08-02 22:30:28,971 - INFO - Time: 6368181.8; timestep: 467
2024-08-02 22:30:29,166 - INFO - Time: 6381818.2; timestep: 468
2024-08-02 22:30:29,374 - INFO - Time: 6395454.5; timestep: 469
2024-08-02 22:30:29,374 - INFO - Saving data to output file: 00067
2024-08-02 22:30:29,521 - INFO - Saving checkpoint
2024-08-02 22:30:29,754 - INFO - Time: 6409090.9; timestep: 470
2024-08-02 22:30:29,944 - INFO - Time: 6422727.3; timestep: 471
2024-08-02 22:30:30,125 - INFO - Time: 6436363.6; timestep: 472
2024-08-02 22:30:30,327 - INFO - Time: 6450000.0; timestep: 473
2024-08-02 22:30:30,517 - INFO - Time: 6463636.4; timestep: 474
2024-08-02 22:30:30,711 - INFO - Time: 6477272.7; timestep: 475
2024-08-02 22:30:30,898 - INFO - Time: 6490909.1; timestep: 476
2024-08-02 22:30:30,898 - INFO - Saving data to output file: 00068
2024-08-02 22:30:31,066 - INFO - Saving checkpoint
2024-08-02 22:30:31,263 - INFO - Time: 6504545.5; timestep: 477
2024-08-02 22:30:31,459 - INFO - Time: 6518181.8; timestep: 478
2024-08-02 22:30:31,656 - INFO - Time: 6531818.2; timestep: 479
2024-08-02 22:30:31,847 - INFO - Time: 6545454.5; timestep: 480
2024-08-02 22:30:32,044 - INFO - Time: 6559090.9; timestep: 481
2024-08-02 22:30:32,231 - INFO - Time: 6572727.3; timestep: 482
2024-08-02 22:30:32,423 - INFO - Time: 6586363.6; timestep: 483
2024-08-02 22:30:32,424 - INFO - Saving data to output file: 00069
2024-08-02 22:30:32,588 - INFO - Saving checkpoint
2024-08-02 22:30:32,786 - INFO - Time: 6600000.0; timestep: 484
2024-08-02 22:30:32,979 - INFO - Time: 6613636.4; timestep: 485
2024-08-02 22:30:33,169 - INFO - Time: 6627272.7; timestep: 486
2024-08-02 22:30:33,357 - INFO - Time: 6640909.1; timestep: 487
2024-08-02 22:30:33,545 - INFO - Time: 6654545.5; timestep: 488
2024-08-02 22:30:33,729 - INFO - Time: 6668181.8; timestep: 489
2024-08-02 22:30:33,921 - INFO - Time: 6681818.2; timestep: 490
2024-08-02 22:30:33,921 - INFO - Saving data to output file: 00070
2024-08-02 22:30:34,084 - INFO - Saving checkpoint
2024-08-02 22:30:34,286 - INFO - Time: 6695454.5; timestep: 491
2024-08-02 22:30:34,473 - INFO - Time: 6709090.9; timestep: 492
2024-08-02 22:30:34,669 - INFO - Time: 6722727.3; timestep: 493
2024-08-02 22:30:34,854 - INFO - Time: 6736363.6; timestep: 494
2024-08-02 22:30:35,049 - INFO - Time: 6750000.0; timestep: 495
2024-08-02 22:30:35,252 - INFO - Time: 6763636.4; timestep: 496
2024-08-02 22:30:35,446 - INFO - Time: 6777272.7; timestep: 497
2024-08-02 22:30:35,446 - INFO - Saving data to output file: 00071
2024-08-02 22:30:35,606 - INFO - Saving checkpoint
2024-08-02 22:30:35,828 - INFO - Time: 6790909.1; timestep: 498
2024-08-02 22:30:36,030 - INFO - Time: 6804545.5; timestep: 499
2024-08-02 22:30:36,234 - INFO - Time: 6818181.8; timestep: 500
2024-08-02 22:30:36,427 - INFO - Time: 6831818.2; timestep: 501
2024-08-02 22:30:36,607 - INFO - Time: 6845454.5; timestep: 502
2024-08-02 22:30:36,792 - INFO - Time: 6859090.9; timestep: 503
2024-08-02 22:30:36,988 - INFO - Time: 6872727.3; timestep: 504
2024-08-02 22:30:36,988 - INFO - Saving data to output file: 00072
2024-08-02 22:30:37,123 - INFO - Saving checkpoint
2024-08-02 22:30:37,354 - INFO - Time: 6886363.6; timestep: 505
2024-08-02 22:30:37,535 - INFO - Time: 6900000.0; timestep: 506
2024-08-02 22:30:37,725 - INFO - Time: 6913636.4; timestep: 507
2024-08-02 22:30:37,914 - INFO - Time: 6927272.7; timestep: 508
2024-08-02 22:30:38,109 - INFO - Time: 6940909.1; timestep: 509
2024-08-02 22:30:38,306 - INFO - Time: 6954545.5; timestep: 510
2024-08-02 22:30:38,500 - INFO - Time: 6968181.8; timestep: 511
2024-08-02 22:30:38,500 - INFO - Saving data to output file: 00073
2024-08-02 22:30:38,663 - INFO - Saving checkpoint
2024-08-02 22:30:38,860 - INFO - Time: 6981818.2; timestep: 512
2024-08-02 22:30:39,046 - INFO - Time: 6995454.5; timestep: 513
2024-08-02 22:30:39,231 - INFO - Time: 7009090.9; timestep: 514
2024-08-02 22:30:39,413 - INFO - Time: 7022727.3; timestep: 515
2024-08-02 22:30:39,607 - INFO - Time: 7036363.6; timestep: 516
2024-08-02 22:30:39,798 - INFO - Time: 7050000.0; timestep: 517
2024-08-02 22:30:39,987 - INFO - Time: 7063636.4; timestep: 518
2024-08-02 22:30:39,987 - INFO - Saving data to output file: 00074
2024-08-02 22:30:40,127 - INFO - Saving checkpoint
2024-08-02 22:30:40,347 - INFO - Time: 7077272.7; timestep: 519
2024-08-02 22:30:40,529 - INFO - Time: 7090909.1; timestep: 520
2024-08-02 22:30:40,712 - INFO - Time: 7104545.5; timestep: 521
2024-08-02 22:30:40,896 - INFO - Time: 7118181.8; timestep: 522
2024-08-02 22:30:41,091 - INFO - Time: 7131818.2; timestep: 523
2024-08-02 22:30:41,276 - INFO - Time: 7145454.5; timestep: 524
2024-08-02 22:30:41,467 - INFO - Time: 7159090.9; timestep: 525
2024-08-02 22:30:41,467 - INFO - Saving data to output file: 00075
2024-08-02 22:30:41,614 - INFO - Saving checkpoint
2024-08-02 22:30:41,840 - INFO - Time: 7172727.3; timestep: 526
2024-08-02 22:30:42,023 - INFO - Time: 7186363.6; timestep: 527
2024-08-02 22:30:42,204 - INFO - Time: 7200000.0; timestep: 528
2024-08-02 22:30:42,395 - INFO - Time: 7213636.4; timestep: 529
2024-08-02 22:30:42,585 - INFO - Time: 7227272.7; timestep: 530
2024-08-02 22:30:42,782 - INFO - Time: 7240909.1; timestep: 531
2024-08-02 22:30:42,972 - INFO - Time: 7254545.5; timestep: 532
2024-08-02 22:30:42,972 - INFO - Saving data to output file: 00076
2024-08-02 22:30:43,116 - INFO - Saving checkpoint
2024-08-02 22:30:43,372 - INFO - Time: 7268181.8; timestep: 533
2024-08-02 22:30:43,568 - INFO - Time: 7281818.2; timestep: 534
2024-08-02 22:30:43,771 - INFO - Time: 7295454.5; timestep: 535
2024-08-02 22:30:43,983 - INFO - Time: 7309090.9; timestep: 536
2024-08-02 22:30:44,172 - INFO - Time: 7322727.3; timestep: 537
2024-08-02 22:30:44,364 - INFO - Time: 7336363.6; timestep: 538
2024-08-02 22:30:44,551 - INFO - Time: 7350000.0; timestep: 539
2024-08-02 22:30:44,552 - INFO - Saving data to output file: 00077
2024-08-02 22:30:44,711 - INFO - Saving checkpoint
2024-08-02 22:30:44,940 - INFO - Time: 7363636.4; timestep: 540
2024-08-02 22:30:45,125 - INFO - Time: 7377272.7; timestep: 541
2024-08-02 22:30:45,317 - INFO - Time: 7390909.1; timestep: 542
2024-08-02 22:30:45,516 - INFO - Time: 7404545.5; timestep: 543
2024-08-02 22:30:45,705 - INFO - Time: 7418181.8; timestep: 544
2024-08-02 22:30:45,898 - INFO - Time: 7431818.2; timestep: 545
2024-08-02 22:30:46,088 - INFO - Time: 7445454.5; timestep: 546
2024-08-02 22:30:46,089 - INFO - Saving data to output file: 00078
2024-08-02 22:30:46,220 - INFO - Saving checkpoint
2024-08-02 22:30:46,445 - INFO - Time: 7459090.9; timestep: 547
2024-08-02 22:30:46,641 - INFO - Time: 7472727.3; timestep: 548
2024-08-02 22:30:46,828 - INFO - Time: 7486363.6; timestep: 549
2024-08-02 22:30:47,024 - INFO - Time: 7500000.0; timestep: 550
2024-08-02 22:30:47,216 - INFO - Time: 7513636.4; timestep: 551
2024-08-02 22:30:47,416 - INFO - Time: 7527272.7; timestep: 552
2024-08-02 22:30:47,618 - INFO - Time: 7540909.1; timestep: 553
2024-08-02 22:30:47,618 - INFO - Saving data to output file: 00079
2024-08-02 22:30:47,776 - INFO - Saving checkpoint
2024-08-02 22:30:47,979 - INFO - Time: 7554545.5; timestep: 554
2024-08-02 22:30:48,186 - INFO - Time: 7568181.8; timestep: 555
2024-08-02 22:30:48,377 - INFO - Time: 7581818.2; timestep: 556
2024-08-02 22:30:48,570 - INFO - Time: 7595454.5; timestep: 557
2024-08-02 22:30:48,763 - INFO - Time: 7609090.9; timestep: 558
2024-08-02 22:30:48,961 - INFO - Time: 7622727.3; timestep: 559
2024-08-02 22:30:49,155 - INFO - Time: 7636363.6; timestep: 560
2024-08-02 22:30:49,155 - INFO - Saving data to output file: 00080
2024-08-02 22:30:49,312 - INFO - Saving checkpoint
2024-08-02 22:30:49,546 - INFO - Time: 7650000.0; timestep: 561
2024-08-02 22:30:49,756 - INFO - Time: 7663636.4; timestep: 562
2024-08-02 22:30:49,945 - INFO - Time: 7677272.7; timestep: 563
2024-08-02 22:30:50,135 - INFO - Time: 7690909.1; timestep: 564
2024-08-02 22:30:50,356 - INFO - Time: 7704545.5; timestep: 565
2024-08-02 22:30:50,546 - INFO - Time: 7718181.8; timestep: 566
2024-08-02 22:30:50,732 - INFO - Time: 7731818.2; timestep: 567
2024-08-02 22:30:50,732 - INFO - Saving data to output file: 00081
2024-08-02 22:30:50,893 - INFO - Saving checkpoint
2024-08-02 22:30:51,082 - INFO - Time: 7745454.5; timestep: 568
2024-08-02 22:30:51,269 - INFO - Time: 7759090.9; timestep: 569
2024-08-02 22:30:51,454 - INFO - Time: 7772727.3; timestep: 570
2024-08-02 22:30:51,648 - INFO - Time: 7786363.6; timestep: 571
2024-08-02 22:30:51,839 - INFO - Time: 7800000.0; timestep: 572
2024-08-02 22:30:52,036 - INFO - Time: 7813636.4; timestep: 573
2024-08-02 22:30:52,233 - INFO - Time: 7827272.7; timestep: 574
2024-08-02 22:30:52,233 - INFO - Saving data to output file: 00082
2024-08-02 22:30:52,400 - INFO - Saving checkpoint
2024-08-02 22:30:52,607 - INFO - Time: 7840909.1; timestep: 575
2024-08-02 22:30:52,796 - INFO - Time: 7854545.5; timestep: 576
2024-08-02 22:30:52,993 - INFO - Time: 7868181.8; timestep: 577
2024-08-02 22:30:53,191 - INFO - Time: 7881818.2; timestep: 578
2024-08-02 22:30:53,391 - INFO - Time: 7895454.5; timestep: 579
2024-08-02 22:30:53,586 - INFO - Time: 7909090.9; timestep: 580
2024-08-02 22:30:53,776 - INFO - Time: 7922727.3; timestep: 581
2024-08-02 22:30:53,776 - INFO - Saving data to output file: 00083
2024-08-02 22:30:53,919 - INFO - Saving checkpoint
2024-08-02 22:30:54,156 - INFO - Time: 7936363.6; timestep: 582
2024-08-02 22:30:54,344 - INFO - Time: 7950000.0; timestep: 583
2024-08-02 22:30:54,531 - INFO - Time: 7963636.4; timestep: 584
2024-08-02 22:30:54,720 - INFO - Time: 7977272.7; timestep: 585
2024-08-02 22:30:54,910 - INFO - Time: 7990909.1; timestep: 586
2024-08-02 22:30:55,090 - INFO - Time: 8004545.5; timestep: 587
2024-08-02 22:30:55,271 - INFO - Time: 8018181.8; timestep: 588
2024-08-02 22:30:55,271 - INFO - Saving data to output file: 00084
2024-08-02 22:30:55,418 - INFO - Saving checkpoint
2024-08-02 22:30:55,651 - INFO - Time: 8031818.2; timestep: 589
2024-08-02 22:30:55,841 - INFO - Time: 8045454.5; timestep: 590
2024-08-02 22:30:56,035 - INFO - Time: 8059090.9; timestep: 591
2024-08-02 22:30:56,238 - INFO - Time: 8072727.3; timestep: 592
2024-08-02 22:30:56,424 - INFO - Time: 8086363.6; timestep: 593
2024-08-02 22:30:56,615 - INFO - Time: 8100000.0; timestep: 594
2024-08-02 22:30:56,814 - INFO - Time: 8113636.4; timestep: 595
2024-08-02 22:30:56,814 - INFO - Saving data to output file: 00085
2024-08-02 22:30:57,328 - INFO - Saving checkpoint
2024-08-02 22:30:57,539 - INFO - Time: 8127272.7; timestep: 596
2024-08-02 22:30:57,730 - INFO - Time: 8140909.1; timestep: 597
2024-08-02 22:30:57,928 - INFO - Time: 8154545.5; timestep: 598
2024-08-02 22:30:58,115 - INFO - Time: 8168181.8; timestep: 599
2024-08-02 22:30:58,297 - INFO - Time: 8181818.2; timestep: 600
2024-08-02 22:30:58,482 - INFO - Time: 8195454.5; timestep: 601
2024-08-02 22:30:58,674 - INFO - Time: 8209090.9; timestep: 602
2024-08-02 22:30:58,675 - INFO - Saving data to output file: 00086
2024-08-02 22:30:58,815 - INFO - Saving checkpoint
2024-08-02 22:30:59,040 - INFO - Time: 8222727.3; timestep: 603
2024-08-02 22:30:59,227 - INFO - Time: 8236363.6; timestep: 604
2024-08-02 22:30:59,419 - INFO - Time: 8250000.0; timestep: 605
2024-08-02 22:30:59,604 - INFO - Time: 8263636.4; timestep: 606
2024-08-02 22:30:59,794 - INFO - Time: 8277272.7; timestep: 607
2024-08-02 22:30:59,982 - INFO - Time: 8290909.1; timestep: 608
2024-08-02 22:31:00,180 - INFO - Time: 8304545.5; timestep: 609
2024-08-02 22:31:00,180 - INFO - Saving data to output file: 00087
2024-08-02 22:31:00,321 - INFO - Saving checkpoint
2024-08-02 22:31:00,558 - INFO - Time: 8318181.8; timestep: 610
2024-08-02 22:31:00,750 - INFO - Time: 8331818.2; timestep: 611
2024-08-02 22:31:00,945 - INFO - Time: 8345454.5; timestep: 612
2024-08-02 22:31:01,128 - INFO - Time: 8359090.9; timestep: 613
2024-08-02 22:31:01,315 - INFO - Time: 8372727.3; timestep: 614
2024-08-02 22:31:01,501 - INFO - Time: 8386363.6; timestep: 615
2024-08-02 22:31:01,682 - INFO - Time: 8400000.0; timestep: 616
2024-08-02 22:31:01,682 - INFO - Saving data to output file: 00088
2024-08-02 22:31:01,823 - INFO - Saving checkpoint
2024-08-02 22:31:02,048 - INFO - Time: 8413636.4; timestep: 617
2024-08-02 22:31:02,232 - INFO - Time: 8427272.7; timestep: 618
2024-08-02 22:31:02,417 - INFO - Time: 8440909.1; timestep: 619
2024-08-02 22:31:02,605 - INFO - Time: 8454545.5; timestep: 620
2024-08-02 22:31:02,796 - INFO - Time: 8468181.8; timestep: 621
2024-08-02 22:31:02,978 - INFO - Time: 8481818.2; timestep: 622
2024-08-02 22:31:03,169 - INFO - Time: 8495454.5; timestep: 623
2024-08-02 22:31:03,169 - INFO - Saving data to output file: 00089
2024-08-02 22:31:03,316 - INFO - Saving checkpoint
2024-08-02 22:31:03,545 - INFO - Time: 8509090.9; timestep: 624
2024-08-02 22:31:03,740 - INFO - Time: 8522727.3; timestep: 625
2024-08-02 22:31:03,929 - INFO - Time: 8536363.6; timestep: 626
2024-08-02 22:31:04,120 - INFO - Time: 8550000.0; timestep: 627
2024-08-02 22:31:04,312 - INFO - Time: 8563636.4; timestep: 628
2024-08-02 22:31:04,499 - INFO - Time: 8577272.7; timestep: 629
2024-08-02 22:31:04,694 - INFO - Time: 8590909.1; timestep: 630
2024-08-02 22:31:04,694 - INFO - Saving data to output file: 00090
2024-08-02 22:31:04,827 - INFO - Saving checkpoint
2024-08-02 22:31:05,050 - INFO - Time: 8604545.5; timestep: 631
2024-08-02 22:31:05,236 - INFO - Time: 8618181.8; timestep: 632
2024-08-02 22:31:05,430 - INFO - Time: 8631818.2; timestep: 633
2024-08-02 22:31:05,610 - INFO - Time: 8645454.5; timestep: 634
2024-08-02 22:31:05,800 - INFO - Time: 8659090.9; timestep: 635
2024-08-02 22:31:05,987 - INFO - Time: 8672727.3; timestep: 636
2024-08-02 22:31:06,174 - INFO - Time: 8686363.6; timestep: 637
2024-08-02 22:31:06,174 - INFO - Saving data to output file: 00091
2024-08-02 22:31:06,321 - INFO - Saving checkpoint
2024-08-02 22:31:06,551 - INFO - Time: 8700000.0; timestep: 638
2024-08-02 22:31:06,741 - INFO - Time: 8713636.4; timestep: 639
2024-08-02 22:31:06,940 - INFO - Time: 8727272.7; timestep: 640
2024-08-02 22:31:07,133 - INFO - Time: 8740909.1; timestep: 641
2024-08-02 22:31:07,318 - INFO - Time: 8754545.5; timestep: 642
2024-08-02 22:31:07,507 - INFO - Time: 8768181.8; timestep: 643
2024-08-02 22:31:07,692 - INFO - Time: 8781818.2; timestep: 644
2024-08-02 22:31:07,692 - INFO - Saving data to output file: 00092
2024-08-02 22:31:07,823 - INFO - Saving checkpoint
2024-08-02 22:31:08,051 - INFO - Time: 8795454.5; timestep: 645
2024-08-02 22:31:08,246 - INFO - Time: 8809090.9; timestep: 646
2024-08-02 22:31:08,435 - INFO - Time: 8822727.3; timestep: 647
2024-08-02 22:31:08,618 - INFO - Time: 8836363.6; timestep: 648
2024-08-02 22:31:08,804 - INFO - Time: 8850000.0; timestep: 649
2024-08-02 22:31:08,990 - INFO - Time: 8863636.4; timestep: 650
2024-08-02 22:31:09,181 - INFO - Time: 8877272.7; timestep: 651
2024-08-02 22:31:09,181 - INFO - Saving data to output file: 00093
2024-08-02 22:31:09,323 - INFO - Saving checkpoint
2024-08-02 22:31:09,557 - INFO - Time: 8890909.1; timestep: 652
2024-08-02 22:31:09,755 - INFO - Time: 8904545.5; timestep: 653
2024-08-02 22:31:09,950 - INFO - Time: 8918181.8; timestep: 654
2024-08-02 22:31:10,145 - INFO - Time: 8931818.2; timestep: 655
2024-08-02 22:31:10,339 - INFO - Time: 8945454.5; timestep: 656
2024-08-02 22:31:10,533 - INFO - Time: 8959090.9; timestep: 657
2024-08-02 22:31:10,726 - INFO - Time: 8972727.3; timestep: 658
2024-08-02 22:31:10,727 - INFO - Saving data to output file: 00094
2024-08-02 22:31:10,901 - INFO - Saving checkpoint
2024-08-02 22:31:11,138 - INFO - Time: 8986363.6; timestep: 659
2024-08-02 22:31:11,330 - INFO - Time: 9000000.0; timestep: 660
2024-08-02 22:31:11,524 - INFO - Time: 9013636.4; timestep: 661
2024-08-02 22:31:11,710 - INFO - Time: 9027272.7; timestep: 662
2024-08-02 22:31:11,900 - INFO - Time: 9040909.1; timestep: 663
2024-08-02 22:31:12,092 - INFO - Time: 9054545.5; timestep: 664
2024-08-02 22:31:12,276 - INFO - Time: 9068181.8; timestep: 665
2024-08-02 22:31:12,276 - INFO - Saving data to output file: 00095
2024-08-02 22:31:12,420 - INFO - Saving checkpoint
2024-08-02 22:31:12,654 - INFO - Time: 9081818.2; timestep: 666
2024-08-02 22:31:12,856 - INFO - Time: 9095454.5; timestep: 667
2024-08-02 22:31:13,047 - INFO - Time: 9109090.9; timestep: 668
2024-08-02 22:31:13,251 - INFO - Time: 9122727.3; timestep: 669
2024-08-02 22:31:13,447 - INFO - Time: 9136363.6; timestep: 670
2024-08-02 22:31:13,645 - INFO - Time: 9150000.0; timestep: 671
2024-08-02 22:31:13,840 - INFO - Time: 9163636.4; timestep: 672
2024-08-02 22:31:13,841 - INFO - Saving data to output file: 00096
2024-08-02 22:31:14,005 - INFO - Saving checkpoint
2024-08-02 22:31:14,212 - INFO - Time: 9177272.7; timestep: 673
2024-08-02 22:31:14,411 - INFO - Time: 9190909.1; timestep: 674
2024-08-02 22:31:14,606 - INFO - Time: 9204545.5; timestep: 675
2024-08-02 22:31:14,794 - INFO - Time: 9218181.8; timestep: 676
2024-08-02 22:31:14,985 - INFO - Time: 9231818.2; timestep: 677
2024-08-02 22:31:15,178 - INFO - Time: 9245454.5; timestep: 678
2024-08-02 22:31:15,378 - INFO - Time: 9259090.9; timestep: 679
2024-08-02 22:31:15,378 - INFO - Saving data to output file: 00097
2024-08-02 22:31:15,524 - INFO - Saving checkpoint
2024-08-02 22:31:15,759 - INFO - Time: 9272727.3; timestep: 680
2024-08-02 22:31:15,950 - INFO - Time: 9286363.6; timestep: 681
2024-08-02 22:31:16,153 - INFO - Time: 9300000.0; timestep: 682
2024-08-02 22:31:16,349 - INFO - Time: 9313636.4; timestep: 683
2024-08-02 22:31:16,542 - INFO - Time: 9327272.7; timestep: 684
2024-08-02 22:31:16,726 - INFO - Time: 9340909.1; timestep: 685
2024-08-02 22:31:16,918 - INFO - Time: 9354545.5; timestep: 686
2024-08-02 22:31:16,918 - INFO - Saving data to output file: 00098
2024-08-02 22:31:17,082 - INFO - Saving checkpoint
2024-08-02 22:31:17,282 - INFO - Time: 9368181.8; timestep: 687
2024-08-02 22:31:17,471 - INFO - Time: 9381818.2; timestep: 688
2024-08-02 22:31:17,672 - INFO - Time: 9395454.5; timestep: 689
2024-08-02 22:31:17,867 - INFO - Time: 9409090.9; timestep: 690
2024-08-02 22:31:18,047 - INFO - Time: 9422727.3; timestep: 691
2024-08-02 22:31:18,241 - INFO - Time: 9436363.6; timestep: 692
2024-08-02 22:31:18,433 - INFO - Time: 9450000.0; timestep: 693
2024-08-02 22:31:18,433 - INFO - Saving data to output file: 00099
2024-08-02 22:31:18,595 - INFO - Saving checkpoint
2024-08-02 22:31:18,786 - INFO - Time: 9463636.4; timestep: 694
2024-08-02 22:31:18,982 - INFO - Time: 9477272.7; timestep: 695
2024-08-02 22:31:19,179 - INFO - Time: 9490909.1; timestep: 696
2024-08-02 22:31:19,364 - INFO - Time: 9504545.5; timestep: 697
2024-08-02 22:31:19,563 - INFO - Time: 9518181.8; timestep: 698
2024-08-02 22:31:19,750 - INFO - Time: 9531818.2; timestep: 699
2024-08-02 22:31:19,939 - INFO - Time: 9545454.5; timestep: 700
2024-08-02 22:31:19,939 - INFO - Saving data to output file: 00100
2024-08-02 22:31:20,105 - INFO - Saving checkpoint
2024-08-02 22:31:20,297 - INFO - Time: 9559090.9; timestep: 701
2024-08-02 22:31:20,485 - INFO - Time: 9572727.3; timestep: 702
2024-08-02 22:31:20,674 - INFO - Time: 9586363.6; timestep: 703
2024-08-02 22:31:20,859 - INFO - Time: 9600000.0; timestep: 704
2024-08-02 22:31:21,047 - INFO - Time: 9613636.4; timestep: 705
2024-08-02 22:31:21,240 - INFO - Time: 9627272.7; timestep: 706
2024-08-02 22:31:21,427 - INFO - Time: 9640909.1; timestep: 707
2024-08-02 22:31:21,427 - INFO - Saving data to output file: 00101
2024-08-02 22:31:21,590 - INFO - Saving checkpoint
2024-08-02 22:31:21,780 - INFO - Time: 9654545.5; timestep: 708
2024-08-02 22:31:21,964 - INFO - Time: 9668181.8; timestep: 709
2024-08-02 22:31:22,152 - INFO - Time: 9681818.2; timestep: 710
2024-08-02 22:31:22,338 - INFO - Time: 9695454.5; timestep: 711
2024-08-02 22:31:22,538 - INFO - Time: 9709090.9; timestep: 712
2024-08-02 22:31:22,722 - INFO - Time: 9722727.3; timestep: 713
2024-08-02 22:31:22,917 - INFO - Time: 9736363.6; timestep: 714
2024-08-02 22:31:22,917 - INFO - Saving data to output file: 00102
2024-08-02 22:31:23,080 - INFO - Saving checkpoint
2024-08-02 22:31:23,274 - INFO - Time: 9750000.0; timestep: 715
2024-08-02 22:31:23,465 - INFO - Time: 9763636.4; timestep: 716
2024-08-02 22:31:23,656 - INFO - Time: 9777272.7; timestep: 717
2024-08-02 22:31:23,844 - INFO - Time: 9790909.1; timestep: 718
2024-08-02 22:31:24,031 - INFO - Time: 9804545.5; timestep: 719
2024-08-02 22:31:24,215 - INFO - Time: 9818181.8; timestep: 720
2024-08-02 22:31:24,408 - INFO - Time: 9831818.2; timestep: 721
2024-08-02 22:31:24,408 - INFO - Saving data to output file: 00103
2024-08-02 22:31:24,571 - INFO - Saving checkpoint
2024-08-02 22:31:24,758 - INFO - Time: 9845454.5; timestep: 722
2024-08-02 22:31:24,942 - INFO - Time: 9859090.9; timestep: 723
2024-08-02 22:31:25,129 - INFO - Time: 9872727.3; timestep: 724
2024-08-02 22:31:25,309 - INFO - Time: 9886363.6; timestep: 725
2024-08-02 22:31:25,498 - INFO - Time: 9900000.0; timestep: 726
2024-08-02 22:31:25,681 - INFO - Time: 9913636.4; timestep: 727
2024-08-02 22:31:25,871 - INFO - Time: 9927272.7; timestep: 728
2024-08-02 22:31:25,872 - INFO - Saving data to output file: 00104
2024-08-02 22:31:26,065 - INFO - Saving checkpoint
2024-08-02 22:31:26,259 - INFO - Time: 9940909.1; timestep: 729
2024-08-02 22:31:26,437 - INFO - Time: 9954545.5; timestep: 730
2024-08-02 22:31:26,619 - INFO - Time: 9968181.8; timestep: 731
2024-08-02 22:31:26,805 - INFO - Time: 9981818.2; timestep: 732
2024-08-02 22:31:26,991 - INFO - Time: 9995454.5; timestep: 733
2024-08-02 22:31:27,169 - INFO - Time: 10009090.9; timestep: 734
2024-08-02 22:31:27,356 - INFO - Time: 10022727.3; timestep: 735
2024-08-02 22:31:27,356 - INFO - Saving data to output file: 00105
2024-08-02 22:31:27,513 - INFO - Saving checkpoint
2024-08-02 22:31:27,732 - INFO - Time: 10036363.6; timestep: 736
2024-08-02 22:31:27,924 - INFO - Time: 10050000.0; timestep: 737
2024-08-02 22:31:28,112 - INFO - Time: 10063636.4; timestep: 738
2024-08-02 22:31:28,300 - INFO - Time: 10077272.7; timestep: 739
2024-08-02 22:31:28,486 - INFO - Time: 10090909.1; timestep: 740
2024-08-02 22:31:28,677 - INFO - Time: 10104545.5; timestep: 741
2024-08-02 22:31:28,859 - INFO - Time: 10118181.8; timestep: 742
2024-08-02 22:31:28,859 - INFO - Saving data to output file: 00106
2024-08-02 22:31:29,012 - INFO - Saving checkpoint
2024-08-02 22:31:29,234 - INFO - Time: 10131818.2; timestep: 743
2024-08-02 22:31:29,418 - INFO - Time: 10145454.5; timestep: 744
2024-08-02 22:31:29,616 - INFO - Time: 10159090.9; timestep: 745
2024-08-02 22:31:29,801 - INFO - Time: 10172727.3; timestep: 746
2024-08-02 22:31:29,988 - INFO - Time: 10186363.6; timestep: 747
2024-08-02 22:31:30,184 - INFO - Time: 10200000.0; timestep: 748
2024-08-02 22:31:30,367 - INFO - Time: 10213636.4; timestep: 749
2024-08-02 22:31:30,368 - INFO - Saving data to output file: 00107
2024-08-02 22:31:30,521 - INFO - Saving checkpoint
2024-08-02 22:31:30,753 - INFO - Time: 10227272.7; timestep: 750
2024-08-02 22:31:30,938 - INFO - Time: 10240909.1; timestep: 751
2024-08-02 22:31:31,121 - INFO - Time: 10254545.5; timestep: 752
2024-08-02 22:31:31,314 - INFO - Time: 10268181.8; timestep: 753
2024-08-02 22:31:31,504 - INFO - Time: 10281818.2; timestep: 754
2024-08-02 22:31:31,703 - INFO - Time: 10295454.5; timestep: 755
2024-08-02 22:31:31,890 - INFO - Time: 10309090.9; timestep: 756
2024-08-02 22:31:31,890 - INFO - Saving data to output file: 00108
2024-08-02 22:31:32,025 - INFO - Saving checkpoint
2024-08-02 22:31:32,254 - INFO - Time: 10322727.3; timestep: 757
2024-08-02 22:31:32,439 - INFO - Time: 10336363.6; timestep: 758
2024-08-02 22:31:32,623 - INFO - Time: 10350000.0; timestep: 759
2024-08-02 22:31:32,807 - INFO - Time: 10363636.4; timestep: 760
2024-08-02 22:31:32,993 - INFO - Time: 10377272.7; timestep: 761
2024-08-02 22:31:33,179 - INFO - Time: 10390909.1; timestep: 762
2024-08-02 22:31:33,367 - INFO - Time: 10404545.5; timestep: 763
2024-08-02 22:31:33,367 - INFO - Saving data to output file: 00109
2024-08-02 22:31:33,526 - INFO - Saving checkpoint
2024-08-02 22:31:33,749 - INFO - Time: 10418181.8; timestep: 764
2024-08-02 22:31:33,933 - INFO - Time: 10431818.2; timestep: 765
2024-08-02 22:31:34,113 - INFO - Time: 10445454.5; timestep: 766
2024-08-02 22:31:34,301 - INFO - Time: 10459090.9; timestep: 767
2024-08-02 22:31:34,487 - INFO - Time: 10472727.3; timestep: 768
2024-08-02 22:31:34,670 - INFO - Time: 10486363.6; timestep: 769
2024-08-02 22:31:34,861 - INFO - Time: 10500000.0; timestep: 770
2024-08-02 22:31:34,861 - INFO - Saving data to output file: 00110
2024-08-02 22:31:35,018 - INFO - Saving checkpoint
2024-08-02 22:31:35,242 - INFO - Time: 10513636.4; timestep: 771
2024-08-02 22:31:35,424 - INFO - Time: 10527272.7; timestep: 772
2024-08-02 22:31:35,603 - INFO - Time: 10540909.1; timestep: 773
2024-08-02 22:31:35,784 - INFO - Time: 10554545.5; timestep: 774
2024-08-02 22:31:35,971 - INFO - Time: 10568181.8; timestep: 775
2024-08-02 22:31:36,157 - INFO - Time: 10581818.2; timestep: 776
2024-08-02 22:31:36,345 - INFO - Time: 10595454.5; timestep: 777
2024-08-02 22:31:36,347 - INFO - Saving data to output file: 00111
2024-08-02 22:31:36,528 - INFO - Saving checkpoint
2024-08-02 22:31:36,745 - INFO - Time: 10609090.9; timestep: 778
2024-08-02 22:31:36,918 - INFO - Time: 10622727.3; timestep: 779
2024-08-02 22:31:37,099 - INFO - Time: 10636363.6; timestep: 780
2024-08-02 22:31:37,283 - INFO - Time: 10650000.0; timestep: 781
2024-08-02 22:31:37,463 - INFO - Time: 10663636.4; timestep: 782
2024-08-02 22:31:37,649 - INFO - Time: 10677272.7; timestep: 783
2024-08-02 22:31:37,831 - INFO - Time: 10690909.1; timestep: 784
2024-08-02 22:31:37,831 - INFO - Saving data to output file: 00112
2024-08-02 22:31:37,994 - INFO - Saving checkpoint
2024-08-02 22:31:38,175 - INFO - Time: 10704545.5; timestep: 785
2024-08-02 22:31:38,361 - INFO - Time: 10718181.8; timestep: 786
2024-08-02 22:31:38,545 - INFO - Time: 10731818.2; timestep: 787
2024-08-02 22:31:38,724 - INFO - Time: 10745454.5; timestep: 788
2024-08-02 22:31:38,904 - INFO - Time: 10759090.9; timestep: 789
2024-08-02 22:31:39,088 - INFO - Time: 10772727.3; timestep: 790
2024-08-02 22:31:39,269 - INFO - Time: 10786363.6; timestep: 791
2024-08-02 22:31:39,269 - INFO - Saving data to output file: 00113
2024-08-02 22:31:39,417 - INFO - Saving checkpoint
2024-08-02 22:31:39,645 - INFO - Time: 10800000.0; timestep: 792
2024-08-02 22:31:39,819 - INFO - Time: 10813636.4; timestep: 793
2024-08-02 22:31:39,997 - INFO - Time: 10827272.7; timestep: 794
2024-08-02 22:31:40,181 - INFO - Time: 10840909.1; timestep: 795
2024-08-02 22:31:40,365 - INFO - Time: 10854545.5; timestep: 796
2024-08-02 22:31:40,555 - INFO - Time: 10868181.8; timestep: 797
2024-08-02 22:31:40,731 - INFO - Time: 10881818.2; timestep: 798
2024-08-02 22:31:40,731 - INFO - Saving data to output file: 00114
2024-08-02 22:31:41,354 - INFO - Saving checkpoint
2024-08-02 22:31:41,566 - INFO - Time: 10895454.5; timestep: 799
2024-08-02 22:31:41,748 - INFO - Time: 10909090.9; timestep: 800
2024-08-02 22:31:41,926 - INFO - Time: 10922727.3; timestep: 801
2024-08-02 22:31:42,104 - INFO - Time: 10936363.6; timestep: 802
2024-08-02 22:31:42,294 - INFO - Time: 10950000.0; timestep: 803
2024-08-02 22:31:42,477 - INFO - Time: 10963636.4; timestep: 804
2024-08-02 22:31:42,661 - INFO - Time: 10977272.7; timestep: 805
2024-08-02 22:31:42,661 - INFO - Saving data to output file: 00115
2024-08-02 22:31:42,818 - INFO - Saving checkpoint
2024-08-02 22:31:43,038 - INFO - Time: 10990909.1; timestep: 806
2024-08-02 22:31:43,226 - INFO - Time: 11004545.5; timestep: 807
2024-08-02 22:31:43,409 - INFO - Time: 11018181.8; timestep: 808
2024-08-02 22:31:43,591 - INFO - Time: 11031818.2; timestep: 809
2024-08-02 22:31:43,781 - INFO - Time: 11045454.5; timestep: 810
2024-08-02 22:31:43,963 - INFO - Time: 11059090.9; timestep: 811
2024-08-02 22:31:44,145 - INFO - Time: 11072727.3; timestep: 812
2024-08-02 22:31:44,145 - INFO - Saving data to output file: 00116
2024-08-02 22:31:44,308 - INFO - Saving checkpoint
2024-08-02 22:31:44,519 - INFO - Time: 11086363.6; timestep: 813
2024-08-02 22:31:44,702 - INFO - Time: 11100000.0; timestep: 814
2024-08-02 22:31:44,883 - INFO - Time: 11113636.4; timestep: 815
2024-08-02 22:31:45,063 - INFO - Time: 11127272.7; timestep: 816
2024-08-02 22:31:45,249 - INFO - Time: 11140909.1; timestep: 817
2024-08-02 22:31:45,424 - INFO - Time: 11154545.5; timestep: 818
2024-08-02 22:31:45,603 - INFO - Time: 11168181.8; timestep: 819
2024-08-02 22:31:45,603 - INFO - Saving data to output file: 00117
2024-08-02 22:31:45,765 - INFO - Saving checkpoint
2024-08-02 22:31:45,957 - INFO - Time: 11181818.2; timestep: 820
2024-08-02 22:31:46,137 - INFO - Time: 11195454.5; timestep: 821
2024-08-02 22:31:46,317 - INFO - Time: 11209090.9; timestep: 822
2024-08-02 22:31:46,508 - INFO - Time: 11222727.3; timestep: 823
2024-08-02 22:31:46,699 - INFO - Time: 11236363.6; timestep: 824
2024-08-02 22:31:46,885 - INFO - Time: 11250000.0; timestep: 825
2024-08-02 22:31:47,067 - INFO - Time: 11263636.4; timestep: 826
2024-08-02 22:31:47,067 - INFO - Saving data to output file: 00118
2024-08-02 22:31:47,217 - INFO - Saving checkpoint
2024-08-02 22:31:47,442 - INFO - Time: 11277272.7; timestep: 827
2024-08-02 22:31:47,626 - INFO - Time: 11290909.1; timestep: 828
2024-08-02 22:31:47,813 - INFO - Time: 11304545.5; timestep: 829
2024-08-02 22:31:47,997 - INFO - Time: 11318181.8; timestep: 830
2024-08-02 22:31:48,181 - INFO - Time: 11331818.2; timestep: 831
2024-08-02 22:31:48,363 - INFO - Time: 11345454.5; timestep: 832
2024-08-02 22:31:48,550 - INFO - Time: 11359090.9; timestep: 833
2024-08-02 22:31:48,550 - INFO - Saving data to output file: 00119
2024-08-02 22:31:48,712 - INFO - Saving checkpoint
2024-08-02 22:31:48,928 - INFO - Time: 11372727.3; timestep: 834
2024-08-02 22:31:49,117 - INFO - Time: 11386363.6; timestep: 835
2024-08-02 22:31:49,309 - INFO - Time: 11400000.0; timestep: 836
2024-08-02 22:31:49,500 - INFO - Time: 11413636.4; timestep: 837
2024-08-02 22:31:49,691 - INFO - Time: 11427272.7; timestep: 838
2024-08-02 22:31:49,875 - INFO - Time: 11440909.1; timestep: 839
2024-08-02 22:31:50,061 - INFO - Time: 11454545.5; timestep: 840
2024-08-02 22:31:50,062 - INFO - Saving data to output file: 00120
2024-08-02 22:31:50,212 - INFO - Saving checkpoint
2024-08-02 22:31:50,437 - INFO - Time: 11468181.8; timestep: 841
2024-08-02 22:31:50,627 - INFO - Time: 11481818.2; timestep: 842
2024-08-02 22:31:50,812 - INFO - Time: 11495454.5; timestep: 843
2024-08-02 22:31:51,001 - INFO - Time: 11509090.9; timestep: 844
2024-08-02 22:31:51,184 - INFO - Time: 11522727.3; timestep: 845
2024-08-02 22:31:51,379 - INFO - Time: 11536363.6; timestep: 846
2024-08-02 22:31:51,570 - INFO - Time: 11550000.0; timestep: 847
2024-08-02 22:31:51,570 - INFO - Saving data to output file: 00121
2024-08-02 22:31:51,764 - INFO - Saving checkpoint
2024-08-02 22:31:51,966 - INFO - Time: 11563636.4; timestep: 848
2024-08-02 22:31:52,157 - INFO - Time: 11577272.7; timestep: 849
2024-08-02 22:31:52,350 - INFO - Time: 11590909.1; timestep: 850
2024-08-02 22:31:52,552 - INFO - Time: 11604545.5; timestep: 851
2024-08-02 22:31:52,741 - INFO - Time: 11618181.8; timestep: 852
2024-08-02 22:31:52,938 - INFO - Time: 11631818.2; timestep: 853
2024-08-02 22:31:53,128 - INFO - Time: 11645454.5; timestep: 854
2024-08-02 22:31:53,128 - INFO - Saving data to output file: 00122
2024-08-02 22:31:53,286 - INFO - Saving checkpoint
2024-08-02 22:31:53,487 - INFO - Time: 11659090.9; timestep: 855
2024-08-02 22:31:53,674 - INFO - Time: 11672727.3; timestep: 856
2024-08-02 22:31:53,871 - INFO - Time: 11686363.6; timestep: 857
2024-08-02 22:31:54,064 - INFO - Time: 11700000.0; timestep: 858
2024-08-02 22:31:54,262 - INFO - Time: 11713636.4; timestep: 859
2024-08-02 22:31:54,460 - INFO - Time: 11727272.7; timestep: 860
2024-08-02 22:31:54,666 - INFO - Time: 11740909.1; timestep: 861
2024-08-02 22:31:54,666 - INFO - Saving data to output file: 00123
2024-08-02 22:31:54,813 - INFO - Saving checkpoint
2024-08-02 22:31:55,044 - INFO - Time: 11754545.5; timestep: 862
2024-08-02 22:31:55,234 - INFO - Time: 11768181.8; timestep: 863
2024-08-02 22:31:55,430 - INFO - Time: 11781818.2; timestep: 864
2024-08-02 22:31:55,611 - INFO - Time: 11795454.5; timestep: 865
2024-08-02 22:31:55,805 - INFO - Time: 11809090.9; timestep: 866
2024-08-02 22:31:55,994 - INFO - Time: 11822727.3; timestep: 867
2024-08-02 22:31:56,194 - INFO - Time: 11836363.6; timestep: 868
2024-08-02 22:31:56,194 - INFO - Saving data to output file: 00124
2024-08-02 22:31:56,326 - INFO - Saving checkpoint
2024-08-02 22:31:56,555 - INFO - Time: 11850000.0; timestep: 869
2024-08-02 22:31:56,738 - INFO - Time: 11863636.4; timestep: 870
2024-08-02 22:31:56,928 - INFO - Time: 11877272.7; timestep: 871
2024-08-02 22:31:57,113 - INFO - Time: 11890909.1; timestep: 872
2024-08-02 22:31:57,310 - INFO - Time: 11904545.5; timestep: 873
2024-08-02 22:31:57,499 - INFO - Time: 11918181.8; timestep: 874
2024-08-02 22:31:57,694 - INFO - Time: 11931818.2; timestep: 875
2024-08-02 22:31:57,694 - INFO - Saving data to output file: 00125
2024-08-02 22:31:57,828 - INFO - Saving checkpoint
2024-08-02 22:31:58,054 - INFO - Time: 11945454.5; timestep: 876
2024-08-02 22:31:58,246 - INFO - Time: 11959090.9; timestep: 877
2024-08-02 22:31:58,440 - INFO - Time: 11972727.3; timestep: 878
2024-08-02 22:31:58,640 - INFO - Time: 11986363.6; timestep: 879
2024-08-02 22:31:58,832 - INFO - Time: 12000000.0; timestep: 880
2024-08-02 22:31:59,016 - INFO - Time: 12013636.4; timestep: 881
2024-08-02 22:31:59,211 - INFO - Time: 12027272.7; timestep: 882
2024-08-02 22:31:59,211 - INFO - Saving data to output file: 00126
2024-08-02 22:31:59,379 - INFO - Saving checkpoint
2024-08-02 22:31:59,575 - INFO - Time: 12040909.1; timestep: 883
2024-08-02 22:31:59,766 - INFO - Time: 12054545.5; timestep: 884
2024-08-02 22:31:59,954 - INFO - Time: 12068181.8; timestep: 885
2024-08-02 22:32:00,153 - INFO - Time: 12081818.2; timestep: 886
2024-08-02 22:32:00,348 - INFO - Time: 12095454.5; timestep: 887
2024-08-02 22:32:00,541 - INFO - Time: 12109090.9; timestep: 888
2024-08-02 22:32:00,732 - INFO - Time: 12122727.3; timestep: 889
2024-08-02 22:32:00,732 - INFO - Saving data to output file: 00127
2024-08-02 22:32:00,896 - INFO - Saving checkpoint
2024-08-02 22:32:01,096 - INFO - Time: 12136363.6; timestep: 890
2024-08-02 22:32:01,283 - INFO - Time: 12150000.0; timestep: 891
2024-08-02 22:32:01,476 - INFO - Time: 12163636.4; timestep: 892
2024-08-02 22:32:01,673 - INFO - Time: 12177272.7; timestep: 893
2024-08-02 22:32:01,857 - INFO - Time: 12190909.1; timestep: 894
2024-08-02 22:32:02,051 - INFO - Time: 12204545.5; timestep: 895
2024-08-02 22:32:02,231 - INFO - Time: 12218181.8; timestep: 896
2024-08-02 22:32:02,231 - INFO - Saving data to output file: 00128
2024-08-02 22:32:02,391 - INFO - Saving checkpoint
2024-08-02 22:32:02,590 - INFO - Time: 12231818.2; timestep: 897
2024-08-02 22:32:02,772 - INFO - Time: 12245454.5; timestep: 898
2024-08-02 22:32:02,959 - INFO - Time: 12259090.9; timestep: 899
2024-08-02 22:32:03,143 - INFO - Time: 12272727.3; timestep: 900
2024-08-02 22:32:03,328 - INFO - Time: 12286363.6; timestep: 901
2024-08-02 22:32:03,519 - INFO - Time: 12300000.0; timestep: 902
2024-08-02 22:32:03,709 - INFO - Time: 12313636.4; timestep: 903
2024-08-02 22:32:03,709 - INFO - Saving data to output file: 00129
2024-08-02 22:32:03,872 - INFO - Saving checkpoint
2024-08-02 22:32:04,073 - INFO - Time: 12327272.7; timestep: 904
2024-08-02 22:32:04,266 - INFO - Time: 12340909.1; timestep: 905
2024-08-02 22:32:04,456 - INFO - Time: 12354545.5; timestep: 906
2024-08-02 22:32:04,649 - INFO - Time: 12368181.8; timestep: 907
2024-08-02 22:32:04,847 - INFO - Time: 12381818.2; timestep: 908
2024-08-02 22:32:05,039 - INFO - Time: 12395454.5; timestep: 909
2024-08-02 22:32:05,234 - INFO - Time: 12409090.9; timestep: 910
2024-08-02 22:32:05,234 - INFO - Saving data to output file: 00130
2024-08-02 22:32:05,399 - INFO - Saving checkpoint
2024-08-02 22:32:05,616 - INFO - Time: 12422727.3; timestep: 911
2024-08-02 22:32:05,804 - INFO - Time: 12436363.6; timestep: 912
2024-08-02 22:32:05,997 - INFO - Time: 12450000.0; timestep: 913
2024-08-02 22:32:06,191 - INFO - Time: 12463636.4; timestep: 914
2024-08-02 22:32:06,393 - INFO - Time: 12477272.7; timestep: 915
2024-08-02 22:32:06,583 - INFO - Time: 12490909.1; timestep: 916
2024-08-02 22:32:06,783 - INFO - Time: 12504545.5; timestep: 917
2024-08-02 22:32:06,783 - INFO - Saving data to output file: 00131
2024-08-02 22:32:06,924 - INFO - Saving checkpoint
2024-08-02 22:32:07,151 - INFO - Time: 12518181.8; timestep: 918
2024-08-02 22:32:07,343 - INFO - Time: 12531818.2; timestep: 919
2024-08-02 22:32:07,546 - INFO - Time: 12545454.5; timestep: 920
2024-08-02 22:32:07,734 - INFO - Time: 12559090.9; timestep: 921
2024-08-02 22:32:07,930 - INFO - Time: 12572727.3; timestep: 922
2024-08-02 22:32:08,122 - INFO - Time: 12586363.6; timestep: 923
2024-08-02 22:32:08,324 - INFO - Time: 12600000.0; timestep: 924
2024-08-02 22:32:08,324 - INFO - Saving data to output file: 00132
2024-08-02 22:32:08,497 - INFO - Saving checkpoint
2024-08-02 22:32:08,697 - INFO - Time: 12613636.4; timestep: 925
2024-08-02 22:32:08,882 - INFO - Time: 12627272.7; timestep: 926
2024-08-02 22:32:09,072 - INFO - Time: 12640909.1; timestep: 927
2024-08-02 22:32:09,272 - INFO - Time: 12654545.5; timestep: 928
2024-08-02 22:32:09,456 - INFO - Time: 12668181.8; timestep: 929
2024-08-02 22:32:09,648 - INFO - Time: 12681818.2; timestep: 930
2024-08-02 22:32:09,832 - INFO - Time: 12695454.5; timestep: 931
2024-08-02 22:32:09,833 - INFO - Saving data to output file: 00133
2024-08-02 22:32:09,997 - INFO - Saving checkpoint
2024-08-02 22:32:10,197 - INFO - Time: 12709090.9; timestep: 932
2024-08-02 22:32:10,389 - INFO - Time: 12722727.3; timestep: 933
2024-08-02 22:32:10,585 - INFO - Time: 12736363.6; timestep: 934
2024-08-02 22:32:10,780 - INFO - Time: 12750000.0; timestep: 935
2024-08-02 22:32:10,976 - INFO - Time: 12763636.4; timestep: 936
2024-08-02 22:32:11,172 - INFO - Time: 12777272.7; timestep: 937
2024-08-02 22:32:11,357 - INFO - Time: 12790909.1; timestep: 938
2024-08-02 22:32:11,357 - INFO - Saving data to output file: 00134
2024-08-02 22:32:11,518 - INFO - Saving checkpoint
2024-08-02 22:32:11,743 - INFO - Time: 12804545.5; timestep: 939
2024-08-02 22:32:11,943 - INFO - Time: 12818181.8; timestep: 940
2024-08-02 22:32:12,138 - INFO - Time: 12831818.2; timestep: 941
2024-08-02 22:32:12,328 - INFO - Time: 12845454.5; timestep: 942
2024-08-02 22:32:12,516 - INFO - Time: 12859090.9; timestep: 943
2024-08-02 22:32:12,703 - INFO - Time: 12872727.3; timestep: 944
2024-08-02 22:32:12,889 - INFO - Time: 12886363.6; timestep: 945
2024-08-02 22:32:12,890 - INFO - Saving data to output file: 00135
2024-08-02 22:32:13,026 - INFO - Saving checkpoint
2024-08-02 22:32:13,251 - INFO - Time: 12900000.0; timestep: 946
2024-08-02 22:32:13,441 - INFO - Time: 12913636.4; timestep: 947
2024-08-02 22:32:13,630 - INFO - Time: 12927272.7; timestep: 948
2024-08-02 22:32:13,815 - INFO - Time: 12940909.1; timestep: 949
2024-08-02 22:32:14,004 - INFO - Time: 12954545.5; timestep: 950
2024-08-02 22:32:14,189 - INFO - Time: 12968181.8; timestep: 951
2024-08-02 22:32:14,374 - INFO - Time: 12981818.2; timestep: 952
2024-08-02 22:32:14,374 - INFO - Saving data to output file: 00136
2024-08-02 22:32:14,521 - INFO - Saving checkpoint
2024-08-02 22:32:14,739 - INFO - Time: 12995454.5; timestep: 953
2024-08-02 22:32:14,930 - INFO - Time: 13009090.9; timestep: 954
2024-08-02 22:32:15,118 - INFO - Time: 13022727.3; timestep: 955
2024-08-02 22:32:15,302 - INFO - Time: 13036363.6; timestep: 956
2024-08-02 22:32:15,489 - INFO - Time: 13050000.0; timestep: 957
2024-08-02 22:32:15,669 - INFO - Time: 13063636.4; timestep: 958
2024-08-02 22:32:15,865 - INFO - Time: 13077272.7; timestep: 959
2024-08-02 22:32:15,865 - INFO - Saving data to output file: 00137
2024-08-02 22:32:16,021 - INFO - Saving checkpoint
2024-08-02 22:32:16,250 - INFO - Time: 13090909.1; timestep: 960
2024-08-02 22:32:16,450 - INFO - Time: 13104545.5; timestep: 961
2024-08-02 22:32:16,634 - INFO - Time: 13118181.8; timestep: 962
2024-08-02 22:32:16,826 - INFO - Time: 13131818.2; timestep: 963
2024-08-02 22:32:17,016 - INFO - Time: 13145454.5; timestep: 964
2024-08-02 22:32:17,198 - INFO - Time: 13159090.9; timestep: 965
2024-08-02 22:32:17,412 - INFO - Time: 13172727.3; timestep: 966
2024-08-02 22:32:17,412 - INFO - Saving data to output file: 00138
2024-08-02 22:32:17,573 - INFO - Saving checkpoint
2024-08-02 22:32:17,763 - INFO - Time: 13186363.6; timestep: 967
2024-08-02 22:32:17,953 - INFO - Time: 13200000.0; timestep: 968
2024-08-02 22:32:18,133 - INFO - Time: 13213636.4; timestep: 969
2024-08-02 22:32:18,309 - INFO - Time: 13227272.7; timestep: 970
2024-08-02 22:32:18,485 - INFO - Time: 13240909.1; timestep: 971
2024-08-02 22:32:18,670 - INFO - Time: 13254545.5; timestep: 972
2024-08-02 22:32:18,848 - INFO - Time: 13268181.8; timestep: 973
2024-08-02 22:32:18,849 - INFO - Saving data to output file: 00139
2024-08-02 22:32:19,013 - INFO - Saving checkpoint
2024-08-02 22:32:19,235 - INFO - Time: 13281818.2; timestep: 974
2024-08-02 22:32:19,425 - INFO - Time: 13295454.5; timestep: 975
2024-08-02 22:32:19,608 - INFO - Time: 13309090.9; timestep: 976
2024-08-02 22:32:19,784 - INFO - Time: 13322727.3; timestep: 977
2024-08-02 22:32:19,975 - INFO - Time: 13336363.6; timestep: 978
2024-08-02 22:32:20,158 - INFO - Time: 13350000.0; timestep: 979
2024-08-02 22:32:20,347 - INFO - Time: 13363636.4; timestep: 980
2024-08-02 22:32:20,347 - INFO - Saving data to output file: 00140
2024-08-02 22:32:20,518 - INFO - Saving checkpoint
2024-08-02 22:32:20,740 - INFO - Time: 13377272.7; timestep: 981
2024-08-02 22:32:20,924 - INFO - Time: 13390909.1; timestep: 982
2024-08-02 22:32:21,109 - INFO - Time: 13404545.5; timestep: 983
2024-08-02 22:32:21,285 - INFO - Time: 13418181.8; timestep: 984
2024-08-02 22:32:21,472 - INFO - Time: 13431818.2; timestep: 985
2024-08-02 22:32:21,648 - INFO - Time: 13445454.5; timestep: 986
2024-08-02 22:32:21,835 - INFO - Time: 13459090.9; timestep: 987
2024-08-02 22:32:21,835 - INFO - Saving data to output file: 00141
2024-08-02 22:32:22,000 - INFO - Saving checkpoint
2024-08-02 22:32:22,204 - INFO - Time: 13472727.3; timestep: 988
2024-08-02 22:32:22,385 - INFO - Time: 13486363.6; timestep: 989
2024-08-02 22:32:22,569 - INFO - Time: 13500000.0; timestep: 990
2024-08-02 22:32:22,745 - INFO - Time: 13513636.4; timestep: 991
2024-08-02 22:32:22,924 - INFO - Time: 13527272.7; timestep: 992
2024-08-02 22:32:23,105 - INFO - Time: 13540909.1; timestep: 993
2024-08-02 22:32:23,284 - INFO - Time: 13554545.5; timestep: 994
2024-08-02 22:32:23,285 - INFO - Saving data to output file: 00142
2024-08-02 22:32:23,421 - INFO - Saving checkpoint
2024-08-02 22:32:23,640 - INFO - Time: 13568181.8; timestep: 995
2024-08-02 22:32:23,820 - INFO - Time: 13581818.2; timestep: 996
2024-08-02 22:32:24,002 - INFO - Time: 13595454.5; timestep: 997
2024-08-02 22:32:24,191 - INFO - Time: 13609090.9; timestep: 998
2024-08-02 22:32:24,375 - INFO - Time: 13622727.3; timestep: 999
2024-08-02 22:32:24,551 - INFO - Time: 13636363.6; timestep: 1000
2024-08-02 22:32:24,551 - INFO - Finalize the model run
2024-08-02 22:32:24,553 - INFO - Closed output NetCDF4 file
