2024-08-01 22:20:09,952 - INFO - Output log file initialized
2024-08-01 22:20:09,952 - INFO - pyDeltaRCM version 2.1.4
2024-08-01 22:20:09,952 - INFO - Python version 3.10.10 | packaged by conda-forge | (main, Mar 24 2023, 20:08:06) [GCC 11.3.0]
2024-08-01 22:20:09,952 - INFO - Platform: Linux-6.8.0-1011-aws-x86_64-with-glibc2.39
2024-08-01 22:20:09,952 - INFO - Setting up model configuration
2024-08-01 22:20:09,952 - INFO - Model type is: VegetationModel
2024-08-01 22:20:09,952 - INFO - Configuration variable `out_dir`: ./vegetation_output
2024-08-01 22:20:09,952 - INFO - Configuration variable `verbose`: 1
2024-08-01 22:20:09,952 - INFO - Configuration variable `seed`: None
2024-08-01 22:20:09,952 - INFO - Configuration variable `Length`: 3000.0
2024-08-01 22:20:09,952 - INFO - Configuration variable `Width`: 6000.0
2024-08-01 22:20:09,952 - INFO - Configuration variable `dx`: 50
2024-08-01 22:20:09,952 - INFO - Configuration variable `L0_meters`: 150
2024-08-01 22:20:09,952 - INFO - Configuration variable `S0`: 0.00015
2024-08-01 22:20:09,952 - INFO - Configuration variable `itermax`: 2
2024-08-01 22:20:09,952 - INFO - Configuration variable `Np_water`: 500
2024-08-01 22:20:09,952 - INFO - Configuration variable `u0`: 1.1
2024-08-01 22:20:09,952 - INFO - Configuration variable `N0_meters`: 150
2024-08-01 22:20:09,952 - INFO - Configuration variable `h0`: 4
2024-08-01 22:20:09,952 - INFO - Configuration variable `hb`: None
2024-08-01 22:20:09,952 - INFO - Configuration variable `H_SL`: 0.0
2024-08-01 22:20:09,952 - INFO - Configuration variable `SLR`: 0.0
2024-08-01 22:20:09,952 - INFO - Configuration variable `Np_sed`: 500
2024-08-01 22:20:09,952 - INFO - Configuration variable `f_bedload`: 0.5
2024-08-01 22:20:09,952 - INFO - Configuration variable `active_layer_thickness`: None
2024-08-01 22:20:09,952 - INFO - Configuration variable `C0_percent`: 0.1
2024-08-01 22:20:09,952 - INFO - Configuration variable `Csmooth`: 0.9
2024-08-01 22:20:09,953 - INFO - Configuration variable `toggle_subsidence`: False
2024-08-01 22:20:09,953 - INFO - Configuration variable `subsidence_rate`: 2e-09
2024-08-01 22:20:09,953 - INFO - Configuration variable `start_subsidence`: 216000
2024-08-01 22:20:09,953 - INFO - Configuration variable `save_eta_figs`: True
2024-08-01 22:20:09,953 - INFO - Configuration variable `save_stage_figs`: False
2024-08-01 22:20:09,953 - INFO - Configuration variable `save_depth_figs`: False
2024-08-01 22:20:09,953 - INFO - Configuration variable `save_discharge_figs`: False
2024-08-01 22:20:09,953 - INFO - Configuration variable `save_velocity_figs`: False
2024-08-01 22:20:09,953 - INFO - Configuration variable `save_sedflux_figs`: False
2024-08-01 22:20:09,953 - INFO - Configuration variable `save_sandfrac_figs`: False
2024-08-01 22:20:09,953 - INFO - Configuration variable `save_figs_sequential`: True
2024-08-01 22:20:09,953 - INFO - Configuration variable `save_metadata`: False
2024-08-01 22:20:09,953 - INFO - Configuration variable `save_eta_grids`: True
2024-08-01 22:20:09,953 - INFO - Configuration variable `save_stage_grids`: False
2024-08-01 22:20:09,953 - INFO - Configuration variable `save_depth_grids`: False
2024-08-01 22:20:09,953 - INFO - Configuration variable `save_discharge_grids`: False
2024-08-01 22:20:09,953 - INFO - Configuration variable `save_velocity_grids`: True
2024-08-01 22:20:09,953 - INFO - Configuration variable `save_sedflux_grids`: False
2024-08-01 22:20:09,953 - INFO - Configuration variable `save_sandfrac_grids`: True
2024-08-01 22:20:09,953 - INFO - Configuration variable `save_discharge_components`: False
2024-08-01 22:20:09,953 - INFO - Configuration variable `save_velocity_components`: False
2024-08-01 22:20:09,953 - INFO - Configuration variable `save_dt`: 86400
2024-08-01 22:20:09,953 - INFO - Configuration variable `checkpoint_dt`: None
2024-08-01 22:20:09,953 - INFO - Configuration variable `save_checkpoint`: True
2024-08-01 22:20:09,953 - INFO - Configuration variable `resume_checkpoint`: False
2024-08-01 22:20:09,953 - INFO - Configuration variable `omega_sfc`: 0.1
2024-08-01 22:20:09,953 - INFO - Configuration variable `omega_flow`: 0.9
2024-08-01 22:20:09,953 - INFO - Configuration variable `Nsmooth`: 10
2024-08-01 22:20:09,953 - INFO - Configuration variable `theta_water`: 1.0
2024-08-01 22:20:09,953 - INFO - Configuration variable `coeff_theta_sand`: 2.0
2024-08-01 22:20:09,953 - INFO - Configuration variable `coeff_theta_mud`: 1.0
2024-08-01 22:20:09,953 - INFO - Configuration variable `beta`: 3
2024-08-01 22:20:09,953 - INFO - Configuration variable `sed_lag`: 1.0
2024-08-01 22:20:09,953 - INFO - Configuration variable `coeff_U_dep_mud`: 0.3
2024-08-01 22:20:09,953 - INFO - Configuration variable `coeff_U_ero_mud`: 1.5
2024-08-01 22:20:09,953 - INFO - Configuration variable `coeff_U_ero_sand`: 1.05
2024-08-01 22:20:09,953 - INFO - Configuration variable `alpha`: 0.1
2024-08-01 22:20:09,953 - INFO - Configuration variable `stepmax`: None
2024-08-01 22:20:09,953 - INFO - Configuration variable `sand_frac_bc`: 0
2024-08-01 22:20:09,953 - INFO - Configuration variable `clobber_netcdf`: True
2024-08-01 22:20:09,953 - INFO - Configuration variable `legacy_netcdf`: False
2024-08-01 22:20:09,953 - INFO - Configuration variable `vegetation`: True
2024-08-01 22:20:09,953 - INFO - Configuration variable `save_veg_frac_figs`: False
2024-08-01 22:20:09,953 - INFO - Configuration variable `p_veg_d_root`: 0.2
2024-08-01 22:20:09,953 - INFO - Configuration variable `p_veg_d_stem`: 0.06
2024-08-01 22:20:09,953 - INFO - Configuration variable `p_veg_K`: 800
2024-08-01 22:20:09,954 - INFO - Configuration variable `p_veg_r`: 1
2024-08-01 22:20:09,954 - INFO - Configuration variable `p_veg_est_flood_dur`: 3
2024-08-01 22:20:09,954 - INFO - Configuration variable `p_veg_est_inter_dur`: 100
2024-08-01 22:20:09,954 - INFO - Configuration variable `p_veg_est_depth`: 0.5
2024-08-01 22:20:09,954 - INFO - Configuration variable `p_veg_est_roc`: 0.01
2024-08-01 22:20:09,954 - INFO - Configuration variable `p_veg_est_init`: 0.05
2024-08-01 22:20:09,954 - INFO - Random seed is: 2101537004 
2024-08-01 22:20:09,954 - INFO - Setting other variables
2024-08-01 22:20:09,954 - INFO - Setting model constants
2024-08-01 22:20:09,954 - INFO - Creating model domain
2024-08-01 22:20:09,965 - INFO - Initializing sediment routers
2024-08-01 22:20:09,966 - INFO - Initializing subsidence
2024-08-01 22:20:09,966 - INFO - Initializing output NetCDF4 file
2024-08-01 22:20:09,966 - WARNING - Replacing existing netCDF file
2024-08-01 22:20:09,972 - INFO - Saving data to output file: 00000
2024-08-01 22:20:10,050 - INFO - Saving checkpoint
2024-08-01 22:20:10,053 - INFO - Model initialization complete
2024-08-01 22:20:10,053 - INFO - Time: 0.0; timestep: 0
2024-08-01 22:20:15,088 - INFO - Time: 13636.4; timestep: 1
2024-08-01 22:20:15,401 - INFO - Time: 27272.7; timestep: 2
2024-08-01 22:20:15,754 - INFO - Time: 40909.1; timestep: 3
2024-08-01 22:20:16,110 - INFO - Time: 54545.5; timestep: 4
2024-08-01 22:20:16,446 - INFO - Time: 68181.8; timestep: 5
2024-08-01 22:20:16,784 - INFO - Time: 81818.2; timestep: 6
2024-08-01 22:20:17,146 - INFO - Time: 95454.5; timestep: 7
2024-08-01 22:20:17,146 - INFO - Saving data to output file: 00001
2024-08-01 22:20:17,222 - INFO - Saving checkpoint
2024-08-01 22:20:17,569 - INFO - Time: 109090.9; timestep: 8
2024-08-01 22:20:17,901 - INFO - Time: 122727.3; timestep: 9
2024-08-01 22:20:18,233 - INFO - Time: 136363.6; timestep: 10
2024-08-01 22:20:18,562 - INFO - Time: 150000.0; timestep: 11
2024-08-01 22:20:18,871 - INFO - Time: 163636.4; timestep: 12
2024-08-01 22:20:19,167 - INFO - Time: 177272.7; timestep: 13
2024-08-01 22:20:19,462 - INFO - Time: 190909.1; timestep: 14
2024-08-01 22:20:19,462 - INFO - Saving data to output file: 00002
2024-08-01 22:20:19,535 - INFO - Saving checkpoint
2024-08-01 22:20:19,833 - INFO - Time: 204545.5; timestep: 15
2024-08-01 22:20:20,105 - INFO - Time: 218181.8; timestep: 16
2024-08-01 22:20:20,364 - INFO - Time: 231818.2; timestep: 17
2024-08-01 22:20:20,627 - INFO - Time: 245454.5; timestep: 18
2024-08-01 22:20:20,877 - INFO - Time: 259090.9; timestep: 19
2024-08-01 22:20:21,126 - INFO - Time: 272727.3; timestep: 20
2024-08-01 22:20:21,377 - INFO - Time: 286363.6; timestep: 21
2024-08-01 22:20:21,377 - INFO - Saving data to output file: 00003
2024-08-01 22:20:21,456 - INFO - Saving checkpoint
2024-08-01 22:20:21,689 - INFO - Time: 300000.0; timestep: 22
2024-08-01 22:20:21,916 - INFO - Time: 313636.4; timestep: 23
2024-08-01 22:20:22,143 - INFO - Time: 327272.7; timestep: 24
2024-08-01 22:20:22,383 - INFO - Time: 340909.1; timestep: 25
2024-08-01 22:20:22,602 - INFO - Time: 354545.5; timestep: 26
2024-08-01 22:20:22,820 - INFO - Time: 368181.8; timestep: 27
2024-08-01 22:20:23,045 - INFO - Time: 381818.2; timestep: 28
2024-08-01 22:20:23,045 - INFO - Saving data to output file: 00004
2024-08-01 22:20:23,122 - INFO - Saving checkpoint
2024-08-01 22:20:23,360 - INFO - Time: 395454.5; timestep: 29
2024-08-01 22:20:23,579 - INFO - Time: 409090.9; timestep: 30
2024-08-01 22:20:23,790 - INFO - Time: 422727.3; timestep: 31
2024-08-01 22:20:24,002 - INFO - Time: 436363.6; timestep: 32
2024-08-01 22:20:24,215 - INFO - Time: 450000.0; timestep: 33
2024-08-01 22:20:24,420 - INFO - Time: 463636.4; timestep: 34
2024-08-01 22:20:24,626 - INFO - Time: 477272.7; timestep: 35
2024-08-01 22:20:24,627 - INFO - Saving data to output file: 00005
2024-08-01 22:20:24,702 - INFO - Saving checkpoint
2024-08-01 22:20:24,916 - INFO - Time: 490909.1; timestep: 36
2024-08-01 22:20:25,136 - INFO - Time: 504545.5; timestep: 37
2024-08-01 22:20:25,354 - INFO - Time: 518181.8; timestep: 38
2024-08-01 22:20:25,562 - INFO - Time: 531818.2; timestep: 39
2024-08-01 22:20:25,768 - INFO - Time: 545454.5; timestep: 40
2024-08-01 22:20:25,973 - INFO - Time: 559090.9; timestep: 41
2024-08-01 22:20:26,172 - INFO - Time: 572727.3; timestep: 42
2024-08-01 22:20:26,172 - INFO - Saving data to output file: 00006
2024-08-01 22:20:26,250 - INFO - Saving checkpoint
2024-08-01 22:20:26,458 - INFO - Time: 586363.6; timestep: 43
2024-08-01 22:20:26,662 - INFO - Time: 600000.0; timestep: 44
2024-08-01 22:20:26,867 - INFO - Time: 613636.4; timestep: 45
2024-08-01 22:20:27,074 - INFO - Time: 627272.7; timestep: 46
2024-08-01 22:20:27,277 - INFO - Time: 640909.1; timestep: 47
2024-08-01 22:20:27,475 - INFO - Time: 654545.5; timestep: 48
2024-08-01 22:20:27,678 - INFO - Time: 668181.8; timestep: 49
2024-08-01 22:20:27,678 - INFO - Saving data to output file: 00007
2024-08-01 22:20:27,755 - INFO - Saving checkpoint
2024-08-01 22:20:27,965 - INFO - Time: 681818.2; timestep: 50
2024-08-01 22:20:28,163 - INFO - Time: 695454.5; timestep: 51
2024-08-01 22:20:28,360 - INFO - Time: 709090.9; timestep: 52
2024-08-01 22:20:28,559 - INFO - Time: 722727.3; timestep: 53
2024-08-01 22:20:28,765 - INFO - Time: 736363.6; timestep: 54
2024-08-01 22:20:28,960 - INFO - Time: 750000.0; timestep: 55
2024-08-01 22:20:29,163 - INFO - Time: 763636.4; timestep: 56
2024-08-01 22:20:29,163 - INFO - Saving data to output file: 00008
2024-08-01 22:20:29,237 - INFO - Saving checkpoint
2024-08-01 22:20:29,447 - INFO - Time: 777272.7; timestep: 57
2024-08-01 22:20:29,649 - INFO - Time: 790909.1; timestep: 58
2024-08-01 22:20:29,848 - INFO - Time: 804545.5; timestep: 59
2024-08-01 22:20:30,044 - INFO - Time: 818181.8; timestep: 60
2024-08-01 22:20:30,244 - INFO - Time: 831818.2; timestep: 61
2024-08-01 22:20:30,439 - INFO - Time: 845454.5; timestep: 62
2024-08-01 22:20:30,639 - INFO - Time: 859090.9; timestep: 63
2024-08-01 22:20:30,639 - INFO - Saving data to output file: 00009
2024-08-01 22:20:30,713 - INFO - Saving checkpoint
2024-08-01 22:20:30,924 - INFO - Time: 872727.3; timestep: 64
2024-08-01 22:20:31,127 - INFO - Time: 886363.6; timestep: 65
2024-08-01 22:20:31,334 - INFO - Time: 900000.0; timestep: 66
2024-08-01 22:20:31,532 - INFO - Time: 913636.4; timestep: 67
2024-08-01 22:20:31,735 - INFO - Time: 927272.7; timestep: 68
2024-08-01 22:20:31,933 - INFO - Time: 940909.1; timestep: 69
2024-08-01 22:20:32,135 - INFO - Time: 954545.5; timestep: 70
2024-08-01 22:20:32,135 - INFO - Saving data to output file: 00010
2024-08-01 22:20:32,357 - INFO - Saving checkpoint
2024-08-01 22:20:32,563 - INFO - Time: 968181.8; timestep: 71
2024-08-01 22:20:32,769 - INFO - Time: 981818.2; timestep: 72
2024-08-01 22:20:32,966 - INFO - Time: 995454.5; timestep: 73
2024-08-01 22:20:33,167 - INFO - Time: 1009090.9; timestep: 74
2024-08-01 22:20:33,369 - INFO - Time: 1022727.3; timestep: 75
2024-08-01 22:20:33,568 - INFO - Time: 1036363.6; timestep: 76
2024-08-01 22:20:33,767 - INFO - Time: 1050000.0; timestep: 77
2024-08-01 22:20:33,767 - INFO - Saving data to output file: 00011
2024-08-01 22:20:33,846 - INFO - Saving checkpoint
2024-08-01 22:20:34,053 - INFO - Time: 1063636.4; timestep: 78
2024-08-01 22:20:34,252 - INFO - Time: 1077272.7; timestep: 79
2024-08-01 22:20:34,458 - INFO - Time: 1090909.1; timestep: 80
2024-08-01 22:20:34,658 - INFO - Time: 1104545.5; timestep: 81
2024-08-01 22:20:34,858 - INFO - Time: 1118181.8; timestep: 82
2024-08-01 22:20:35,063 - INFO - Time: 1131818.2; timestep: 83
2024-08-01 22:20:35,262 - INFO - Time: 1145454.5; timestep: 84
2024-08-01 22:20:35,262 - INFO - Saving data to output file: 00012
2024-08-01 22:20:35,336 - INFO - Saving checkpoint
2024-08-01 22:20:35,553 - INFO - Time: 1159090.9; timestep: 85
2024-08-01 22:20:35,751 - INFO - Time: 1172727.3; timestep: 86
2024-08-01 22:20:35,953 - INFO - Time: 1186363.6; timestep: 87
2024-08-01 22:20:36,151 - INFO - Time: 1200000.0; timestep: 88
2024-08-01 22:20:36,358 - INFO - Time: 1213636.4; timestep: 89
2024-08-01 22:20:36,562 - INFO - Time: 1227272.7; timestep: 90
2024-08-01 22:20:36,762 - INFO - Time: 1240909.1; timestep: 91
2024-08-01 22:20:36,762 - INFO - Saving data to output file: 00013
2024-08-01 22:20:36,837 - INFO - Saving checkpoint
2024-08-01 22:20:37,045 - INFO - Time: 1254545.5; timestep: 92
2024-08-01 22:20:37,244 - INFO - Time: 1268181.8; timestep: 93
2024-08-01 22:20:37,447 - INFO - Time: 1281818.2; timestep: 94
2024-08-01 22:20:37,650 - INFO - Time: 1295454.5; timestep: 95
2024-08-01 22:20:37,851 - INFO - Time: 1309090.9; timestep: 96
2024-08-01 22:20:38,053 - INFO - Time: 1322727.3; timestep: 97
2024-08-01 22:20:38,257 - INFO - Time: 1336363.6; timestep: 98
2024-08-01 22:20:38,257 - INFO - Saving data to output file: 00014
2024-08-01 22:20:38,331 - INFO - Saving checkpoint
2024-08-01 22:20:38,543 - INFO - Time: 1350000.0; timestep: 99
2024-08-01 22:20:38,749 - INFO - Time: 1363636.4; timestep: 100
2024-08-01 22:20:38,750 - INFO - Finalize the model run
2024-08-01 22:20:38,751 - INFO - Closed output NetCDF4 file
