2024-08-02 14:59:40,790 aeolis.model INFO     **********************************************************
2024-08-02 14:59:40,790 aeolis.model INFO                                                               
2024-08-02 14:59:40,790 aeolis.model INFO              d8888                   888      d8b  .d8888b.   
2024-08-02 14:59:40,790 aeolis.model INFO             d88888                   888      Y8P d88P  Y88b  
2024-08-02 14:59:40,790 aeolis.model INFO            d88P888                   888          Y88b.       
2024-08-02 14:59:40,790 aeolis.model INFO           d88P 888  .d88b.   .d88b.  888      888  "Y888b.    
2024-08-02 14:59:40,790 aeolis.model INFO          d88P  888 d8P  Y8b d88""88b 888      888     "Y88b.  
2024-08-02 14:59:40,790 aeolis.model INFO         d88P   888 88888888 888  888 888      888       "888  
2024-08-02 14:59:40,790 aeolis.model INFO        d8888888888 Y8b.     Y88..88P 888      888 Y88b  d88P  
2024-08-02 14:59:40,790 aeolis.model INFO       d88P     888  "Y8888   "Y88P"  88888888 888  "Y8888P"   
2024-08-02 14:59:40,790 aeolis.model INFO                                                               
2024-08-02 14:59:40,790 aeolis.model INFO       Version:  3.0.0rc3                                     
2024-08-02 14:59:40,790 aeolis.model INFO                                                               
2024-08-02 14:59:40,790 aeolis.model INFO     **********************************************************
2024-08-02 14:59:40,790 aeolis.model INFO     PARAMETER SETTINGS                                        
2024-08-02 14:59:40,790 aeolis.model INFO     **********************************************************
2024-08-02 14:59:40,790 aeolis.model INFO       Aa                     = 0.085000
2024-08-02 14:59:40,790 aeolis.model INFO       CFL                    = 1.00
2024-08-02 14:59:40,790 aeolis.model INFO       Cb                     = 1.50
2024-08-02 14:59:40,790 aeolis.model INFO       Cdk                    = 5.00
2024-08-02 14:59:40,790 aeolis.model INFO       Ck                     = 2.78
2024-08-02 14:59:40,790 aeolis.model INFO       Cl                     = 6.70
2024-08-02 14:59:40,790 aeolis.model INFO       Cl_gw                  = 0.700000
2024-08-02 14:59:40,790 aeolis.model INFO       D_gw                   = 12
2024-08-02 14:59:40,790 aeolis.model INFO       GW_stat                = 1
2024-08-02 14:59:40,790 aeolis.model INFO       K_gw                   = 0.000780
2024-08-02 14:59:40,790 aeolis.model INFO       L                      = 20.00
2024-08-02 14:59:40,790 aeolis.model INFO       T                      = 1.00
2024-08-02 14:59:40,790 aeolis.model INFO       Tbedreset              = 3600
2024-08-02 14:59:40,790 aeolis.model INFO       Tdry                   = 7200.00
2024-08-02 14:59:40,790 aeolis.model INFO       Tsalt                  = 2592000.00
2024-08-02 14:59:40,790 aeolis.model INFO       V_lat                  = 0.000000
2024-08-02 14:59:40,790 aeolis.model INFO       V_ver                  = 3.50
2024-08-02 14:59:40,790 aeolis.model INFO       accfac                 = 1.00
2024-08-02 14:59:40,790 aeolis.model INFO       alfa                   = 0
2024-08-02 14:59:40,790 aeolis.model INFO       alfad_moist            = -0.035000
2024-08-02 14:59:40,790 aeolis.model INFO       alfaw_moist            = -0.070000
2024-08-02 14:59:40,790 aeolis.model INFO       avg_time               = 14400.00
2024-08-02 14:59:40,790 aeolis.model INFO       beach_slope            = 0.100000
2024-08-02 14:59:40,790 aeolis.model INFO       bed_file               = z.grd
2024-08-02 14:59:40,790 aeolis.model INFO       bedcomp_file           = <novalue>
2024-08-02 14:59:40,790 aeolis.model INFO       beta                   = 130.00
2024-08-02 14:59:40,790 aeolis.model INFO       bi                     = 0.500000
2024-08-02 14:59:40,790 aeolis.model INFO       boundary_gw            = no_flow
2024-08-02 14:59:40,790 aeolis.model INFO       boundary_lateral       = circular
2024-08-02 14:59:40,790 aeolis.model INFO       boundary_offshore      = flux
2024-08-02 14:59:40,790 aeolis.model INFO       boundary_onshore       = constant
2024-08-02 14:59:40,790 aeolis.model INFO       buffer_width           = 0.000000
2024-08-02 14:59:40,790 aeolis.model INFO       c_b                    = 0.200000
2024-08-02 14:59:40,790 aeolis.model INFO       callback               = <novalue>
2024-08-02 14:59:40,790 aeolis.model INFO       constant_offshore_flux = 0.000000
2024-08-02 14:59:40,790 aeolis.model INFO       constant_onshore_flux  = 0.000000
2024-08-02 14:59:40,790 aeolis.model INFO       cpair                  = 0.001004
2024-08-02 14:59:40,790 aeolis.model INFO       csalt                  = 0.035000
2024-08-02 14:59:40,790 aeolis.model INFO       dt                     = 3600.00
2024-08-02 14:59:40,790 aeolis.model INFO       dune_toe_elevation     = 3
2024-08-02 14:59:40,790 aeolis.model INFO       dx                     = 1.00
2024-08-02 14:59:40,790 aeolis.model INFO       dy                     = 1.00
2024-08-02 14:59:40,790 aeolis.model INFO       dzb_interval           = 14400.00
2024-08-02 14:59:40,790 aeolis.model INFO       dzb_opt                = 0.000000
2024-08-02 14:59:40,790 aeolis.model INFO       eps                    = 0.001000
2024-08-02 14:59:40,790 aeolis.model INFO       external_vars          = 
2024-08-02 14:59:40,790 aeolis.model INFO       facDOD                 = 0.100000
2024-08-02 14:59:40,790 aeolis.model INFO       fc                     = 0.110000
2024-08-02 14:59:40,790 aeolis.model INFO       fence_file             = <novalue>
2024-08-02 14:59:40,790 aeolis.model INFO       g                      = 9.81
2024-08-02 14:59:40,790 aeolis.model INFO       gamma                  = 0.500000
2024-08-02 14:59:40,790 aeolis.model INFO       gamma_vegshear         = 16.00
2024-08-02 14:59:40,790 aeolis.model INFO       germinate              = 1.00
2024-08-02 14:59:40,790 aeolis.model INFO       grain_dist             = 1.00
2024-08-02 14:59:40,790 aeolis.model INFO       grain_size             = 0.000250
2024-08-02 14:59:40,790 aeolis.model INFO       gw_mask                = <novalue>
2024-08-02 14:59:40,790 aeolis.model INFO       h                      = 10.00
2024-08-02 14:59:40,790 aeolis.model INFO       hveg_max               = 1.00
2024-08-02 14:59:40,790 aeolis.model INFO       in_gw                  = 0
2024-08-02 14:59:40,790 aeolis.model INFO       k                      = 0.001000
2024-08-02 14:59:40,790 aeolis.model INFO       kappa                  = 0.410000
2024-08-02 14:59:40,790 aeolis.model INFO       l                      = 1.00
2024-08-02 14:59:40,790 aeolis.model INFO       lateral                = 0.000000
2024-08-02 14:59:40,790 aeolis.model INFO       lateral_flux           = 0.000000
2024-08-02 14:59:40,790 aeolis.model INFO       layer_thickness        = 0.050000
2024-08-02 14:59:40,790 aeolis.model INFO       m                      = 0.500000
2024-08-02 14:59:40,790 aeolis.model INFO       max_bedlevel_change    = 999
2024-08-02 14:59:40,790 aeolis.model INFO       max_error              = 0.000001
2024-08-02 14:59:40,790 aeolis.model INFO       max_iter               = 1000
2024-08-02 14:59:40,790 aeolis.model INFO       max_iter_ava           = 1000
2024-08-02 14:59:40,790 aeolis.model INFO       md_moist               = 0.420000
2024-08-02 14:59:40,790 aeolis.model INFO       meteo_file             = <novalue>
2024-08-02 14:59:40,790 aeolis.model INFO       method_grainspeed      = duran_full
2024-08-02 14:59:40,790 aeolis.model INFO       method_moist           = belly_johnson
2024-08-02 14:59:40,790 aeolis.model INFO       method_moist_process   = infiltration
2024-08-02 14:59:40,790 aeolis.model INFO       method_moist_threshold = belly_johnson
2024-08-02 14:59:40,790 aeolis.model INFO       method_roughness       = constant
2024-08-02 14:59:40,790 aeolis.model INFO       method_transport       = bagnold
2024-08-02 14:59:40,790 aeolis.model INFO       mu_b                   = 20.00
2024-08-02 14:59:40,790 aeolis.model INFO       mw_moist               = 0.570000
2024-08-02 14:59:40,790 aeolis.model INFO       nd_moist               = 4.50
2024-08-02 14:59:40,790 aeolis.model INFO       ne_file                = ne.grd
2024-08-02 14:59:40,790 aeolis.model INFO       ne_gw                  = 0.300000
2024-08-02 14:59:40,790 aeolis.model INFO       nfraction_sedtrails    = 0
2024-08-02 14:59:40,790 aeolis.model INFO       nfractions             = 1
2024-08-02 14:59:40,790 aeolis.model INFO       nlayers                = 1
2024-08-02 14:59:40,790 aeolis.model INFO       nw_moist               = 2.30
2024-08-02 14:59:40,790 aeolis.model INFO       nx                     = 0
2024-08-02 14:59:40,790 aeolis.model INFO       ny                     = 0
2024-08-02 14:59:40,790 aeolis.model INFO       offshore_flux          = 0.000000
2024-08-02 14:59:40,790 aeolis.model INFO       okin_c1_fence          = 0.480000
2024-08-02 14:59:40,790 aeolis.model INFO       okin_c1_veg            = 0.480000
2024-08-02 14:59:40,790 aeolis.model INFO       okin_initialred_fence  = 0.320000
2024-08-02 14:59:40,790 aeolis.model INFO       okin_initialred_veg    = 0.320000
2024-08-02 14:59:40,790 aeolis.model INFO       onshore_flux           = 0.000000
2024-08-02 14:59:40,790 aeolis.model INFO       output_file            = ESPIn.nc
2024-08-02 14:59:40,790 aeolis.model INFO       output_sedtrails       = F
2024-08-02 14:59:40,790 aeolis.model INFO       output_times           = 21600.00
2024-08-02 14:59:40,790 aeolis.model INFO       output_types           = 
2024-08-02 14:59:40,790 aeolis.model INFO       output_vars            = zb
2024-08-02 14:59:40,790 aeolis.model INFO                                rhoveg
2024-08-02 14:59:40,790 aeolis.model INFO                                zs
2024-08-02 14:59:40,790 aeolis.model INFO                                q
2024-08-02 14:59:40,790 aeolis.model INFO                                qs
2024-08-02 14:59:40,790 aeolis.model INFO                                Cu
2024-08-02 14:59:40,790 aeolis.model INFO       porosity               = 0.400000
2024-08-02 14:59:40,790 aeolis.model INFO       process_avalanche      = T
2024-08-02 14:59:40,790 aeolis.model INFO       process_bedupdate      = T
2024-08-02 14:59:40,790 aeolis.model INFO       process_dune_erosion   = F
2024-08-02 14:59:40,790 aeolis.model INFO       process_fences         = F
2024-08-02 14:59:40,790 aeolis.model INFO       process_groundwater    = F
2024-08-02 14:59:40,790 aeolis.model INFO       process_humidity       = F
2024-08-02 14:59:40,790 aeolis.model INFO       process_inertia        = F
2024-08-02 14:59:40,806 aeolis.model INFO       process_meteo          = F
2024-08-02 14:59:40,806 aeolis.model INFO       process_mixtoplayer    = F
2024-08-02 14:59:40,806 aeolis.model INFO       process_moist          = T
2024-08-02 14:59:40,806 aeolis.model INFO       process_runup          = F
2024-08-02 14:59:40,806 aeolis.model INFO       process_salt           = F
2024-08-02 14:59:40,806 aeolis.model INFO       process_scanning       = F
2024-08-02 14:59:40,806 aeolis.model INFO       process_seepage_face   = F
2024-08-02 14:59:40,806 aeolis.model INFO       process_separation     = F
2024-08-02 14:59:40,806 aeolis.model INFO       process_shear          = F
2024-08-02 14:59:40,806 aeolis.model INFO       process_threshold      = T
2024-08-02 14:59:40,806 aeolis.model INFO       process_tide           = T
2024-08-02 14:59:40,806 aeolis.model INFO       process_transport      = T
2024-08-02 14:59:40,806 aeolis.model INFO       process_vegetation     = F
2024-08-02 14:59:40,806 aeolis.model INFO       process_wave           = F
2024-08-02 14:59:40,806 aeolis.model INFO       process_wet_bed_reset  = T
2024-08-02 14:59:40,806 aeolis.model INFO       process_wind           = T
2024-08-02 14:59:40,806 aeolis.model INFO       refdate                = 2023-01-01
2024-08-02 14:59:40,806 aeolis.model INFO                                00:00
2024-08-02 14:59:40,806 aeolis.model INFO       resd_moist             = 0.010000
2024-08-02 14:59:40,806 aeolis.model INFO       restart                = <novalue>
2024-08-02 14:59:40,806 aeolis.model INFO       resw_moist             = 0.010000
2024-08-02 14:59:40,806 aeolis.model INFO       rhoa                   = 1.23
2024-08-02 14:59:40,806 aeolis.model INFO       rhog                   = 2650.00
2024-08-02 14:59:40,806 aeolis.model INFO       rhoveg_max             = 0.500000
2024-08-02 14:59:40,806 aeolis.model INFO       rhow                   = 1025.00
2024-08-02 14:59:40,806 aeolis.model INFO       runup_mask             = <novalue>
2024-08-02 14:59:40,806 aeolis.model INFO       satd_moist             = 0.500000
2024-08-02 14:59:40,806 aeolis.model INFO       satw_moist             = 0.350000
2024-08-02 14:59:40,806 aeolis.model INFO       scheme                 = euler_backward
2024-08-02 14:59:40,806 aeolis.model INFO       sedimentinput          = 0.000000
2024-08-02 14:59:40,806 aeolis.model INFO       sep_filter_iterations  = 0
2024-08-02 14:59:40,806 aeolis.model INFO       sigma                  = 4.20
2024-08-02 14:59:40,806 aeolis.model INFO       solver                 = pieter
2024-08-02 14:59:40,806 aeolis.model INFO       supply_file            = <novalue>
2024-08-02 14:59:40,806 aeolis.model INFO       t_veg                  = 3
2024-08-02 14:59:40,806 aeolis.model INFO       tfac_gw                = 10
2024-08-02 14:59:40,806 aeolis.model INFO       th_bedslope            = F
2024-08-02 14:59:40,806 aeolis.model INFO       th_drylayer            = F
2024-08-02 14:59:40,806 aeolis.model INFO       th_grainsize           = T
2024-08-02 14:59:40,806 aeolis.model INFO       th_humidity            = F
2024-08-02 14:59:40,806 aeolis.model INFO       th_moisture            = T
2024-08-02 14:59:40,806 aeolis.model INFO       th_nelayer             = T
2024-08-02 14:59:40,806 aeolis.model INFO       th_roughness           = F
2024-08-02 14:59:40,806 aeolis.model INFO       th_salt                = F
2024-08-02 14:59:40,806 aeolis.model INFO       th_sheltering          = F
2024-08-02 14:59:40,806 aeolis.model INFO       theta_dyn              = 33.00
2024-08-02 14:59:40,806 aeolis.model INFO       theta_stat             = 34.00
2024-08-02 14:59:40,806 aeolis.model INFO       thick_moist            = 0.002000
2024-08-02 14:59:40,806 aeolis.model INFO       threshold_file         = <novalue>
2024-08-02 14:59:40,806 aeolis.model INFO       threshold_mask         = <novalue>
2024-08-02 14:59:40,806 aeolis.model INFO       tide_file              = tide.txt
2024-08-02 14:59:40,806 aeolis.model INFO       tide_mask              = <novalue>
2024-08-02 14:59:40,806 aeolis.model INFO       tstart                 = 0
2024-08-02 14:59:40,806 aeolis.model INFO       tstop                  = 31536000.00
2024-08-02 14:59:40,806 aeolis.model INFO       v                      = 0.000015
2024-08-02 14:59:40,806 aeolis.model INFO       v_gam                  = 1
2024-08-02 14:59:40,806 aeolis.model INFO       veg_file               = veg.grd
2024-08-02 14:59:40,806 aeolis.model INFO       veg_gamma              = 1.00
2024-08-02 14:59:40,806 aeolis.model INFO       veg_min_elevation      = -10.000000
2024-08-02 14:59:40,806 aeolis.model INFO       veg_sigma              = 0.800000
2024-08-02 14:59:40,806 aeolis.model INFO       veggrowth_type         = orig
2024-08-02 14:59:40,806 aeolis.model INFO       vegshear_type          = raupach
2024-08-02 14:59:40,806 aeolis.model INFO       visualization          = T
2024-08-02 14:59:40,806 aeolis.model INFO       vver_mask              = <novalue>
2024-08-02 14:59:40,806 aeolis.model INFO       w1_5                   = 0.020000
2024-08-02 14:59:40,806 aeolis.model INFO       wave_file              = wave.txt
2024-08-02 14:59:40,806 aeolis.model INFO       wave_mask              = <novalue>
2024-08-02 14:59:40,806 aeolis.model INFO       wind_convention        = cartesian
2024-08-02 14:59:40,806 aeolis.model INFO       wind_file              = wind.txt
2024-08-02 14:59:40,806 aeolis.model INFO       xgrid_file             = x.grd
2024-08-02 14:59:40,806 aeolis.model INFO       xi                     = 0.300000
2024-08-02 14:59:40,806 aeolis.model INFO       ygrid_file             = y.grd
2024-08-02 14:59:40,806 aeolis.model INFO       z                      = 10.00
2024-08-02 14:59:40,806 aeolis.model INFO       zsep_y_filter          = F
2024-08-02 14:59:40,806 aeolis.model INFO     **********************************************************
2024-08-02 14:59:40,806 aeolis.model INFO     
2024-08-02 14:59:51,280 aeolis.model INFO             Time elapsed / Total time / Time remaining / Average Timestep
2024-08-02 14:59:51,280 aeolis.model INFO     000.0%       0:00:09 /   21:36:28 /       21:36:19 / 3600.0
2024-08-02 14:59:52,393 aeolis.model INFO     001.0%       0:00:10 /    0:16:35 /        0:16:25 / 3600.0
2024-08-02 14:59:53,558 aeolis.model INFO     002.0%       0:00:11 /    0:09:15 /        0:09:04 / 3600.0
2024-08-02 14:59:54,730 aeolis.model INFO     003.0%       0:00:12 /    0:06:51 /        0:06:38 / 3600.0
2024-08-02 14:59:55,918 aeolis.model INFO     004.0%       0:00:14 /    0:05:37 /        0:05:24 / 3600.0
2024-08-02 14:59:57,105 aeolis.model INFO     005.0%       0:00:15 /    0:04:53 /        0:04:39 / 3600.0
2024-08-02 14:59:58,255 aeolis.model INFO     006.0%       0:00:16 /    0:04:24 /        0:04:08 / 3600.0
2024-08-02 14:59:59,443 aeolis.model INFO     007.0%       0:00:17 /    0:04:03 /        0:03:46 / 3600.0
2024-08-02 15:00:00,593 aeolis.model INFO     008.0%       0:00:18 /    0:03:47 /        0:03:29 / 3600.0
2024-08-02 15:00:01,781 aeolis.model INFO     009.0%       0:00:19 /    0:03:35 /        0:03:16 / 3600.0
2024-08-02 15:00:03,015 aeolis.model INFO     010.0%       0:00:21 /    0:03:26 /        0:03:05 / 3600.0
2024-08-02 15:00:04,187 aeolis.model INFO     011.0%       0:00:22 /    0:03:18 /        0:02:56 / 3600.0
2024-08-02 15:00:05,406 aeolis.model INFO     012.0%       0:00:23 /    0:03:12 /        0:02:49 / 3600.0
2024-08-02 15:00:06,634 aeolis.model INFO     013.0%       0:00:24 /    0:03:06 /        0:02:42 / 3600.0
2024-08-02 15:00:07,853 aeolis.model INFO     014.0%       0:00:25 /    0:03:02 /        0:02:36 / 3600.0
2024-08-02 15:00:09,057 aeolis.model INFO     015.0%       0:00:27 /    0:02:58 /        0:02:31 / 3600.0
2024-08-02 15:00:10,222 aeolis.model INFO     016.0%       0:00:28 /    0:02:54 /        0:02:26 / 3600.0
2024-08-02 15:00:11,425 aeolis.model INFO     017.0%       0:00:29 /    0:02:51 /        0:02:22 / 3600.0
2024-08-02 15:00:12,597 aeolis.model INFO     018.0%       0:00:30 /    0:02:48 /        0:02:18 / 3600.0
2024-08-02 15:00:13,801 aeolis.model INFO     019.0%       0:00:31 /    0:02:45 /        0:02:14 / 3600.0
2024-08-02 15:00:15,004 aeolis.model INFO     020.0%       0:00:33 /    0:02:43 /        0:02:10 / 3600.0
2024-08-02 15:00:16,160 aeolis.model INFO     021.0%       0:00:34 /    0:02:41 /        0:02:07 / 3600.0
2024-08-02 15:00:17,395 aeolis.model INFO     022.0%       0:00:35 /    0:02:39 /        0:02:04 / 3600.0
2024-08-02 15:00:18,560 aeolis.model INFO     023.0%       0:00:36 /    0:02:37 /        0:02:01 / 3600.0
2024-08-02 15:00:19,764 aeolis.model INFO     024.0%       0:00:37 /    0:02:36 /        0:01:58 / 3600.0
2024-08-02 15:00:20,973 aeolis.model INFO     025.0%       0:00:39 /    0:02:34 /        0:01:56 / 3600.0
2024-08-02 15:00:22,138 aeolis.model INFO     026.0%       0:00:40 /    0:02:33 /        0:01:53 / 3600.0
2024-08-02 15:00:23,357 aeolis.model INFO     027.0%       0:00:41 /    0:02:32 /        0:01:51 / 3600.0
2024-08-02 15:00:24,514 aeolis.model INFO     028.0%       0:00:42 /    0:02:30 /        0:01:48 / 3600.0
2024-08-02 15:00:25,748 aeolis.model INFO     029.0%       0:00:43 /    0:02:29 /        0:01:46 / 3600.0
2024-08-02 15:00:26,952 aeolis.model INFO     030.0%       0:00:45 /    0:02:28 /        0:01:44 / 3600.0
2024-08-02 15:00:28,108 aeolis.model INFO     031.0%       0:00:46 /    0:02:27 /        0:01:42 / 3600.0
2024-08-02 15:00:29,411 aeolis.model INFO     032.0%       0:00:47 /    0:02:27 /        0:01:40 / 3600.0
2024-08-02 15:00:30,598 aeolis.model INFO     033.0%       0:00:48 /    0:02:26 /        0:01:38 / 3600.0
2024-08-02 15:00:31,802 aeolis.model INFO     034.0%       0:00:49 /    0:02:25 /        0:01:36 / 3600.0
2024-08-02 15:00:32,968 aeolis.model INFO     035.0%       0:00:51 /    0:02:24 /        0:01:34 / 3600.0
2024-08-02 15:00:34,125 aeolis.model INFO     036.0%       0:00:52 /    0:02:24 /        0:01:32 / 3600.0
2024-08-02 15:00:35,311 aeolis.model INFO     037.0%       0:00:53 /    0:02:23 /        0:01:30 / 3600.0
2024-08-02 15:00:36,475 aeolis.model INFO     038.0%       0:00:54 /    0:02:22 /        0:01:28 / 3600.0
2024-08-02 15:00:37,662 aeolis.model INFO     039.0%       0:00:55 /    0:02:22 /        0:01:26 / 3600.0
2024-08-02 15:00:38,865 aeolis.model INFO     040.0%       0:00:56 /    0:02:21 /        0:01:25 / 3600.0
2024-08-02 15:00:40,030 aeolis.model INFO     041.0%       0:00:58 /    0:02:21 /        0:01:23 / 3600.0
2024-08-02 15:00:41,250 aeolis.model INFO     042.0%       0:00:59 /    0:02:20 /        0:01:21 / 3600.0
2024-08-02 15:00:42,453 aeolis.model INFO     043.0%       0:01:00 /    0:02:20 /        0:01:20 / 3600.0
2024-08-02 15:00:43,694 aeolis.model INFO     044.0%       0:01:01 /    0:02:19 /        0:01:18 / 3600.0
2024-08-02 15:00:44,882 aeolis.model INFO     045.0%       0:01:02 /    0:02:19 /        0:01:16 / 3600.0
2024-08-02 15:00:46,070 aeolis.model INFO     046.0%       0:01:04 /    0:02:18 /        0:01:15 / 3600.0
2024-08-02 15:00:47,288 aeolis.model INFO     047.0%       0:01:05 /    0:02:18 /        0:01:13 / 3600.0
2024-08-02 15:00:48,476 aeolis.model INFO     048.0%       0:01:06 /    0:02:18 /        0:01:12 / 3600.0
2024-08-02 15:00:49,695 aeolis.model INFO     049.0%       0:01:07 /    0:02:17 /        0:01:10 / 3600.0
2024-08-02 15:00:50,883 aeolis.model INFO     050.0%       0:01:08 /    0:02:17 /        0:01:08 / 3600.0
2024-08-02 15:00:52,049 aeolis.model INFO     051.0%       0:01:10 /    0:02:17 /        0:01:07 / 3600.0
2024-08-02 15:00:53,359 aeolis.model INFO     052.0%       0:01:11 /    0:02:16 /        0:01:05 / 3600.0
2024-08-02 15:00:54,562 aeolis.model INFO     053.0%       0:01:12 /    0:02:16 /        0:01:04 / 3600.0
2024-08-02 15:00:55,780 aeolis.model INFO     054.0%       0:01:13 /    0:02:16 /        0:01:02 / 3600.0
2024-08-02 15:00:57,021 aeolis.model INFO     055.0%       0:01:15 /    0:02:16 /        0:01:01 / 3600.0
2024-08-02 15:00:58,209 aeolis.model INFO     056.0%       0:01:16 /    0:02:15 /        0:01:00 / 3600.0
2024-08-02 15:00:59,444 aeolis.model INFO     057.0%       0:01:17 /    0:02:15 /        0:00:58 / 3600.0
2024-08-02 15:01:00,631 aeolis.model INFO     058.0%       0:01:18 /    0:02:15 /        0:00:57 / 3600.0
2024-08-02 15:01:01,866 aeolis.model INFO     059.0%       0:01:19 /    0:02:15 /        0:00:55 / 3600.0
2024-08-02 15:01:03,069 aeolis.model INFO     060.0%       0:01:21 /    0:02:14 /        0:00:54 / 3600.0
2024-08-02 15:01:04,257 aeolis.model INFO     061.0%       0:01:22 /    0:02:14 /        0:00:52 / 3600.0
2024-08-02 15:01:05,445 aeolis.model INFO     062.0%       0:01:23 /    0:02:14 /        0:00:51 / 3600.0
2024-08-02 15:01:06,610 aeolis.model INFO     063.0%       0:01:24 /    0:02:14 /        0:00:49 / 3600.0
2024-08-02 15:01:07,814 aeolis.model INFO     064.0%       0:01:25 /    0:02:13 /        0:00:48 / 3600.0
2024-08-02 15:01:09,017 aeolis.model INFO     065.0%       0:01:27 /    0:02:13 /        0:00:47 / 3600.0
2024-08-02 15:01:10,189 aeolis.model INFO     066.0%       0:01:28 /    0:02:13 /        0:00:45 / 3600.0
2024-08-02 15:01:11,423 aeolis.model INFO     067.0%       0:01:29 /    0:02:13 /        0:00:44 / 3600.0
2024-08-02 15:01:12,596 aeolis.model INFO     068.0%       0:01:30 /    0:02:13 /        0:00:42 / 3600.0
2024-08-02 15:01:13,830 aeolis.model INFO     069.0%       0:01:31 /    0:02:12 /        0:00:41 / 3600.0
2024-08-02 15:01:15,033 aeolis.model INFO     070.0%       0:01:33 /    0:02:12 /        0:00:40 / 3600.0
2024-08-02 15:01:16,236 aeolis.model INFO     071.0%       0:01:34 /    0:02:12 /        0:00:38 / 3600.0
2024-08-02 15:01:17,462 aeolis.model INFO     072.0%       0:01:35 /    0:02:12 /        0:00:37 / 3600.0
2024-08-02 15:01:18,628 aeolis.model INFO     073.0%       0:01:36 /    0:02:12 /        0:00:36 / 3600.0
2024-08-02 15:01:19,815 aeolis.model INFO     074.0%       0:01:37 /    0:02:12 /        0:00:34 / 3600.0
2024-08-02 15:01:21,019 aeolis.model INFO     075.0%       0:01:39 /    0:02:11 /        0:00:33 / 3600.0
2024-08-02 15:01:22,207 aeolis.model INFO     076.0%       0:01:40 /    0:02:11 /        0:00:32 / 3600.0
2024-08-02 15:01:23,410 aeolis.model INFO     077.0%       0:01:41 /    0:02:11 /        0:00:30 / 3600.0
2024-08-02 15:01:24,582 aeolis.model INFO     078.0%       0:01:42 /    0:02:11 /        0:00:29 / 3600.0
2024-08-02 15:01:25,832 aeolis.model INFO     079.0%       0:01:43 /    0:02:11 /        0:00:27 / 3600.0
2024-08-02 15:01:27,051 aeolis.model INFO     080.0%       0:01:45 /    0:02:11 /        0:00:26 / 3600.0
2024-08-02 15:01:28,270 aeolis.model INFO     081.0%       0:01:46 /    0:02:11 /        0:00:25 / 3600.0
2024-08-02 15:01:29,496 aeolis.model INFO     082.0%       0:01:47 /    0:02:11 /        0:00:23 / 3600.0
2024-08-02 15:01:30,699 aeolis.model INFO     083.0%       0:01:48 /    0:02:10 /        0:00:22 / 3600.0
2024-08-02 15:01:31,918 aeolis.model INFO     084.0%       0:01:50 /    0:02:10 /        0:00:21 / 3600.0
2024-08-02 15:01:33,122 aeolis.model INFO     085.0%       0:01:51 /    0:02:10 /        0:00:20 / 3600.0
2024-08-02 15:01:34,303 aeolis.model INFO     086.0%       0:01:52 /    0:02:10 /        0:00:18 / 3600.0
2024-08-02 15:01:35,491 aeolis.model INFO     087.0%       0:01:53 /    0:02:10 /        0:00:17 / 3600.0
2024-08-02 15:01:36,678 aeolis.model INFO     088.0%       0:01:54 /    0:02:10 /        0:00:16 / 3600.0
2024-08-02 15:01:37,882 aeolis.model INFO     089.0%       0:01:55 /    0:02:10 /        0:00:14 / 3600.0
2024-08-02 15:01:39,123 aeolis.model INFO     090.0%       0:01:57 /    0:02:10 /        0:00:13 / 3600.0
2024-08-02 15:01:40,373 aeolis.model INFO     091.0%       0:01:58 /    0:02:10 /        0:00:12 / 3600.0
2024-08-02 15:01:41,592 aeolis.model INFO     092.0%       0:01:59 /    0:02:10 /        0:00:10 / 3600.0
2024-08-02 15:01:42,764 aeolis.model INFO     093.0%       0:02:00 /    0:02:09 /        0:00:09 / 3600.0
2024-08-02 15:01:43,983 aeolis.model INFO     094.0%       0:02:02 /    0:02:09 /        0:00:08 / 3600.0
2024-08-02 15:01:45,202 aeolis.model INFO     095.0%       0:02:03 /    0:02:09 /        0:00:06 / 3600.0
2024-08-02 15:01:46,358 aeolis.model INFO     096.0%       0:02:04 /    0:02:09 /        0:00:05 / 3600.0
2024-08-02 15:01:47,562 aeolis.model INFO     097.0%       0:02:05 /    0:02:09 /        0:00:04 / 3600.0
2024-08-02 15:01:48,712 aeolis.model INFO     098.0%       0:02:06 /    0:02:09 /        0:00:03 / 3600.0
2024-08-02 15:01:49,913 aeolis.model INFO     099.0%       0:02:08 /    0:02:09 /        0:00:01 / 3600.0
2024-08-02 15:01:51,186 aeolis.model INFO     100.0%       0:02:09 /    0:02:09 /        0:00:00 / 3600.0
2024-08-02 15:01:51,186 aeolis.model INFO     
2024-08-02 15:01:51,186 aeolis.model INFO     **********************************************************
2024-08-02 15:01:51,186 aeolis.model INFO     # time steps         : 8761
2024-08-02 15:01:51,186 aeolis.model INFO     # matrix solves      : 8760
2024-08-02 15:01:51,186 aeolis.model INFO     # supply lim         : 0
2024-08-02 15:01:51,186 aeolis.model INFO     avg. solves per step : 0.999886
2024-08-02 15:01:51,186 aeolis.model INFO     avg. time step       : 3599.59
2024-08-02 15:01:51,186 aeolis.model INFO     **********************************************************
2024-08-02 15:01:51,186 aeolis.model INFO     
